"../../../../../../Projets/Unreal/Unreal_EndlessRunner/EndlessRunnerSeb/EndlessRunnerLuc/Content/Benji/Materials/Test.uasset" 0
"../../../../../../Projets/Unreal/Unreal_EndlessRunner/EndlessRunnerSeb/EndlessRunnerLuc/Content/Benji/Materials/PhysicMaterial.uasset" 1
"../../../../../../Projets/Unreal/Unreal_EndlessRunner/EndlessRunnerSeb/EndlessRunnerLuc/Content/Benji/Materials/Test_Road.uasset" 2
"../../../../../../Projets/Unreal/Unreal_EndlessRunner/EndlessRunnerSeb/EndlessRunnerLuc/Content/Mannequin/Character/Mesh/UE4_Mannequin_Skeleton.uasset" 3
"../../../../../../Projets/Unreal/Unreal_EndlessRunner/EndlessRunnerSeb/EndlessRunnerLuc/Content/Mannequin/Animations/ThirdPersonJump_End.uasset" 4
"../../../../../../Projets/Unreal/Unreal_EndlessRunner/EndlessRunnerSeb/EndlessRunnerLuc/Content/Mannequin/Animations/ThirdPerson_Jump.uasset" 5
"../../../../../../Projets/Unreal/Unreal_EndlessRunner/EndlessRunnerSeb/EndlessRunnerLuc/Content/Mannequin/Animations/ThirdPersonJump_Loop.uasset" 6
"../../../../../../Projets/Unreal/Unreal_EndlessRunner/EndlessRunnerSeb/EndlessRunnerLuc/Content/Mannequin/Animations/ThirdPersonJump_Start.uasset" 7
"../../../../../../Projets/Unreal/Unreal_EndlessRunner/EndlessRunnerSeb/EndlessRunnerLuc/Content/Mannequin/Animations/ThirdPersonIdle.uasset" 8
"../../../../../../Projets/Unreal/Unreal_EndlessRunner/EndlessRunnerSeb/EndlessRunnerLuc/Content/Mannequin/Animations/ThirdPersonRun.uasset" 9
"../../../../../../Projets/Unreal/Unreal_EndlessRunner/EndlessRunnerSeb/EndlessRunnerLuc/Content/Mannequin/Animations/ThirdPersonWalk.uasset" 10
"../../../../../../Projets/Unreal/Unreal_EndlessRunner/EndlessRunnerSeb/EndlessRunnerLuc/Content/Mannequin/Animations/ThirdPerson_IdleRun_2D.uasset" 11
"../../../Engine/Content/EditorBlueprintResources/StandardMacros.uasset" 12
"../../../../../../Projets/Unreal/Unreal_EndlessRunner/EndlessRunnerSeb/EndlessRunnerLuc/Content/Mannequin/Animations/ThirdPerson_AnimBP.uasset" 13
"../../../Engine/Content/Functions/Engine_MaterialFunctions02/Utility/BlendAngleCorrectedNormals.uasset" 14
"../../../Engine/Content/Functions/MaterialLayerFunctions/MatLayerBlend_NormalBlend.uasset" 15
"../../../Engine/Content/Functions/MaterialLayerFunctions/MatLayerBlend_Simple.uasset" 16
"../../../../../../Projets/Unreal/Unreal_EndlessRunner/EndlessRunnerSeb/EndlessRunnerLuc/Content/Mannequin/Character/Materials/MaterialLayers/T_ML_Rubber_Blue_01_D.uasset" 17
"../../../../../../Projets/Unreal/Unreal_EndlessRunner/EndlessRunnerSeb/EndlessRunnerLuc/Content/Mannequin/Character/Materials/MaterialLayers/T_ML_Rubber_Blue_01_N.uasset" 18
"../../../../../../Projets/Unreal/Unreal_EndlessRunner/EndlessRunnerSeb/EndlessRunnerLuc/Content/Mannequin/Character/Materials/MaterialLayers/ML_GlossyBlack_Latex_UE4.uasset" 19
"../../../../../../Projets/Unreal/Unreal_EndlessRunner/EndlessRunnerSeb/EndlessRunnerLuc/Content/Mannequin/Character/Materials/MaterialLayers/ML_Plastic_Shiny_Beige.uasset" 20
"../../../../../../Projets/Unreal/Unreal_EndlessRunner/EndlessRunnerSeb/EndlessRunnerLuc/Content/Mannequin/Character/Textures/UE4_LOGO_CARD.uasset" 21
"../../../../../../Projets/Unreal/Unreal_EndlessRunner/EndlessRunnerSeb/EndlessRunnerLuc/Content/Mannequin/Character/Materials/MaterialLayers/ML_Plastic_Shiny_Beige_LOGO.uasset" 22
"../../../../../../Projets/Unreal/Unreal_EndlessRunner/EndlessRunnerSeb/EndlessRunnerLuc/Content/Mannequin/Character/Materials/MaterialLayers/T_ML_Aluminum01.uasset" 23
"../../../../../../Projets/Unreal/Unreal_EndlessRunner/EndlessRunnerSeb/EndlessRunnerLuc/Content/Mannequin/Character/Materials/MaterialLayers/T_ML_Aluminum01_N.uasset" 24
"../../../../../../Projets/Unreal/Unreal_EndlessRunner/EndlessRunnerSeb/EndlessRunnerLuc/Content/Mannequin/Character/Materials/MaterialLayers/ML_SoftMetal_UE4.uasset" 25
"../../../../../../Projets/Unreal/Unreal_EndlessRunner/EndlessRunnerSeb/EndlessRunnerLuc/Content/Mannequin/Character/Textures/UE4_Mannequin__normals.uasset" 26
"../../../../../../Projets/Unreal/Unreal_EndlessRunner/EndlessRunnerSeb/EndlessRunnerLuc/Content/Mannequin/Character/Textures/UE4_Mannequin_MAT_MASKA.uasset" 27
"../../../../../../Projets/Unreal/Unreal_EndlessRunner/EndlessRunnerSeb/EndlessRunnerLuc/Content/Mannequin/Character/Materials/M_UE4Man_Body.uasset" 28
"../../../../../../Projets/Unreal/Unreal_EndlessRunner/EndlessRunnerSeb/EndlessRunnerLuc/Content/Mannequin/Character/Textures/UE4Man_Logo_N.uasset" 29
"../../../../../../Projets/Unreal/Unreal_EndlessRunner/EndlessRunnerSeb/EndlessRunnerLuc/Content/Mannequin/Character/Materials/M_UE4Man_ChestLogo.uasset" 30
"../../../../../../Projets/Unreal/Unreal_EndlessRunner/EndlessRunnerSeb/EndlessRunnerLuc/Content/Mannequin/Character/Mesh/SK_Mannequin_PhysicsAsset.uasset" 31
"../../../../../../Projets/Unreal/Unreal_EndlessRunner/EndlessRunnerSeb/EndlessRunnerLuc/Content/Mannequin/Character/Mesh/SK_Mannequin.uasset" 32
"../../../../../../Projets/Unreal/Unreal_EndlessRunner/EndlessRunnerSeb/EndlessRunnerLuc/Content/ThirdPersonBP/Blueprints/ThirdPersonCharacter.uasset" 33
"../../../../../../Projets/Unreal/Unreal_EndlessRunner/EndlessRunnerSeb/EndlessRunnerLuc/Content/ThirdPersonBP/Blueprints/ThirdPersonGameMode.uasset" 34
"../../../Engine/Content/Functions/Engine_MaterialFunctions01/Opacity/CameraDepthFade.uasset" 35
"../../../Engine/Content/EngineMaterials/T_Default_Material_Grid_M.uasset" 36
"../../../Engine/Content/EngineMaterials/T_Default_Material_Grid_N.uasset" 37
"../../../Engine/Content/EngineMaterials/WorldGridMaterial.uasset" 38
"../../../Engine/Content/ArtTools/RenderToTexture/Meshes/S_1_Unit_Plane.uasset" 39
"../../../Engine/Content/EngineMaterials/DefaultMaterial.uasset" 40
"../../../Engine/Content/BasicShapes/Cone.uasset" 41
"../../../Engine/Content/BasicShapes/Cylinder.uasset" 42
"../../../Engine/Content/BasicShapes/Plane.uasset" 43
"../../../Engine/Content/EditorLandscapeResources/DataLayer.uasset" 44
"../../../Engine/Content/EditorMaterials/GizmoMaterial.uasset" 45
"../../../Engine/Content/EditorMaterials/MAT_Groups_Toggle.uasset" 46
"../../../Engine/Content/EditorMaterials/MAT_Groups_Visibility.uasset" 47
"../../../Engine/Content/EditorMaterials/PreviewShadowIndicator.uasset" 48
"../../../Engine/Content/EditorMaterials/PreviewShadowIndicatorMaterial.uasset" 49
"../../../Engine/Content/EditorMaterials/MatineeGroups/MAT_ColorTrack.uasset" 50
"../../../Engine/Content/EditorMaterials/MatineeGroups/MAT_Groups_Anim.uasset" 51
"../../../Engine/Content/EditorMaterials/MatineeGroups/MAT_Groups_AudioMaster.uasset" 52
"../../../Engine/Content/EditorMaterials/MatineeGroups/MAT_Groups_Director.uasset" 53
"../../../Engine/Content/EditorMaterials/MatineeGroups/MAT_Groups_Event.uasset" 54
"../../../Engine/Content/EditorMaterials/MatineeGroups/MAT_Groups_Fade.uasset" 55
"../../../Engine/Content/EditorMaterials/MatineeGroups/MAT_Groups_Float.uasset" 56
"../../../Engine/Content/EditorMaterials/MatineeGroups/MAT_Groups_Move.uasset" 57
"../../../Engine/Content/EditorMaterials/MatineeGroups/MAT_Groups_Slomo.uasset" 58
"../../../Engine/Content/EditorMaterials/MatineeGroups/MAT_Groups_Sound.uasset" 59
"../../../Engine/Content/EditorMaterials/MatineeGroups/MAT_Groups_Vector.uasset" 60
"../../../Engine/Content/EditorMaterials/ParticleSystems/PSysThumbnail_NoImage.uasset" 61
"../../../Engine/Content/EditorMaterials/ParticleSystems/PSysThumbnail_OOD.uasset" 62
"../../../Engine/Content/EditorMaterials/Camera/CineMat.uasset" 63
"../../../Engine/Content/EditorMaterials/Camera/MI_CineMat_Rig.uasset" 64
"../../../Engine/Content/EditorMeshes/Camera/SM_CraneRig_Arm.uasset" 65
"../../../Engine/Content/EditorMeshes/Camera/SM_CraneRig_Base.uasset" 66
"../../../Engine/Content/EditorMeshes/Camera/SM_CraneRig_Body.uasset" 67
"../../../Engine/Content/EditorMeshes/Camera/SM_CraneRig_Mount.uasset" 68
"../../../Engine/Content/EditorMeshes/Camera/SM_RailRig_Mount.uasset" 69
"../../../Engine/Content/EditorMeshes/Camera/SM_RailRig_Track.uasset" 70
"../../../Engine/Content/EditorResources/BSPVertex.uasset" 71
"../../../Engine/Content/EditorResources/EmptyActor.uasset" 72
"../../../Engine/Content/EditorResources/S_Actor.uasset" 73
"../../../Engine/Content/EditorResources/S_Trigger.uasset" 74
"../../../Engine/Content/EditorResources/LightIcons/S_LightError.uasset" 75
"../../../Engine/Content/EditorResources/SequenceRecorder/Countdown.uasset" 76
"../../../Engine/Content/EditorResources/SequenceRecorder/RecordingIndicator.uasset" 77
"../../../Engine/Content/EditorSounds/Notifications/CompileFailed.uasset" 78
"../../../Engine/Content/EditorSounds/Notifications/CompileFailed_Cue.uasset" 79
"../../../Engine/Content/EditorSounds/Notifications/CompileSuccess.uasset" 80
"../../../Engine/Content/EditorSounds/Notifications/CompileStart_Cue.uasset" 81
"../../../Engine/Content/EditorSounds/Notifications/CompileSuccess_Cue.uasset" 82
"../../../Engine/Content/EngineDamageTypes/DmgTypeBP_Environmental.uasset" 83
"../../../Engine/Content/EngineDebugMaterials/HeatmapGradient.uasset" 84
"../../../Engine/Content/EngineDebugMaterials/BoneWeightMaterial.uasset" 85
"../../../Engine/Content/EngineDebugMaterials/ClothMaterial.uasset" 86
"../../../Engine/Content/EngineDebugMaterials/ClothMaterial_WF.uasset" 87
"../../../Engine/Content/EngineDebugMaterials/DebugEditorMaterial.uasset" 88
"../../../Engine/Content/EngineDebugMaterials/DebugMeshMaterial.uasset" 89
"../../../Engine/Content/EngineDebugMaterials/GeomMaterial.uasset" 90
"../../../Engine/Content/EngineDebugMaterials/M_SimpleTranslucent.uasset" 91
"../../../Engine/Content/EngineFonts/Faces/RobotoBold.uasset" 92
"../../../Engine/Content/EngineFonts/Faces/RobotoBoldItalic.uasset" 93
"../../../Engine/Content/EngineFonts/Faces/RobotoItalic.uasset" 94
"../../../Engine/Content/EngineFonts/Faces/RobotoLight.uasset" 95
"../../../Engine/Content/EngineFonts/Faces/RobotoRegular.uasset" 96
"../../../Engine/Content/EngineFonts/Roboto.uasset" 97
"../../../Engine/Content/EngineFonts/Faces/RobotoTiny.uasset" 98
"../../../Engine/Content/EngineFonts/RobotoTiny.uasset" 99
"../../../Engine/Content/EngineMaterials/BaseFlattenDiffuseMap.uasset" 100
"../../../Engine/Content/EngineMaterials/BaseFlattenEmissiveMap.uasset" 101
"../../../Engine/Content/EngineMaterials/BaseFlattenGrayscaleMap.uasset" 102
"../../../Engine/Content/EngineMaterials/BaseFlattenNormalMap.uasset" 103
"../../../Engine/Content/EngineMaterials/BaseFlattenMaterial.uasset" 104
"../../../Engine/Content/EngineMaterials/DefaultBloomKernel.uasset" 105
"../../../Engine/Content/EngineMaterials/DefaultBokeh.uasset" 106
"../../../Engine/Content/EngineMaterials/DefaultDiffuse.uasset" 107
"../../../Engine/Content/EngineMaterials/DefaultDeferredDecalMaterial.uasset" 108
"../../../Engine/Content/EngineMaterials/DefaultLightFunctionMaterial.uasset" 109
"../../../Engine/Content/EngineMaterials/DefaultPhysicalMaterial.uasset" 110
"../../../Engine/Content/Functions/Engine_MaterialFunctions02/Utility/BreakOutFloat2Components.uasset" 111
"../../../Engine/Content/EngineMaterials/DefaultPostProcessMaterial.uasset" 112
"../../../Engine/Content/EngineFonts/RobotoDistanceField.uasset" 113
"../../../Engine/Content/EngineMaterials/DefaultTextMaterialOpaque.uasset" 114
"../../../Engine/Content/EngineMaterials/DefaultWhiteGrid.uasset" 115
"../../../Engine/Content/EngineMaterials/EditorBrushMaterial.uasset" 116
"../../../Engine/Content/EngineMaterials/Good64x64TilingNoiseHighFreq.uasset" 117
"../../../Engine/Content/EngineMaterials/MiniFont.uasset" 118
"../../../Engine/Content/EngineMaterials/InvalidLightmapSettings.uasset" 119
"../../../Engine/Content/EngineMaterials/M_InvalidLightmapSettings.uasset" 120
"../../../Engine/Content/Functions/Engine_MaterialFunctions02/WorldPositionOffset/CameraOffset.uasset" 121
"../../../Engine/Content/EngineMaterials/PhAT_JointLimitMaterial.uasset" 122
"../../../Engine/Content/EngineMaterials/PreintegratedSkinBRDF.uasset" 123
"../../../Engine/Content/EngineMaterials/RemoveSurfaceMaterial.uasset" 124
"../../../Engine/Content/EngineMaterials/WeightMapPlaceholderTexture.uasset" 125
"../../../Engine/Content/EngineResources/WhiteSquareTexture.uasset" 126
"../../../Engine/Content/EngineMaterials/Widget3DPassThrough.uasset" 127
"../../../Engine/Content/EngineMaterials/Widget3DPassThrough_Masked.uasset" 128
"../../../Engine/Content/EngineMaterials/Widget3DPassThrough_Opaque.uasset" 129
"../../../Engine/Content/EngineMaterials/Widget3DPassThrough_Masked_OneSided.uasset" 130
"../../../Engine/Content/EngineMaterials/Widget3DPassThrough_Opaque_OneSided.uasset" 131
"../../../Engine/Content/EngineMaterials/Widget3DPassThrough_Translucent.uasset" 132
"../../../Engine/Content/EngineMaterials/Widget3DPassThrough_Translucent_OneSided.uasset" 133
"../../../Engine/Content/EngineMeshes/Cylinder.uasset" 134
"../../../Engine/Content/EngineMeshes/Sphere.uasset" 135
"../../../Engine/Content/EngineResources/Black.uasset" 136
"../../../Engine/Content/EngineResources/DefaultTexture.uasset" 137
"../../../Engine/Content/EngineResources/DefaultTextureCube.uasset" 138
"../../../Engine/Content/EngineResources/DefaultVolumeTexture2D.uasset" 139
"../../../Engine/Content/EngineResources/DefaultVolumeTexture.uasset" 140
"../../../Engine/Content/EngineResources/GradientTexture0.uasset" 141
"../../../Engine/Content/EngineSounds/Master.uasset" 142
"../../../Engine/Content/Functions/Engine_MaterialFunctions01/Shading/ConvertFromDiffSpec.uasset" 143
"../../../Engine/Content/Functions/Engine_MaterialFunctions01/Shading/PowerToRoughness.uasset" 144
"../../../Engine/Content/Maps/Templates/Thumbnails/Default.uasset" 145
"../../../Engine/Content/Maps/Templates/Thumbnails/VR-Basic.uasset" 146
"../../../Engine/Content/MobileResources/T_MobileControls_texture.uasset" 147
"../../../Engine/Content/MobileResources/T_MobileMenu2.uasset" 148
"../../../Engine/Content/MobileResources/HUD/AnalogHat.uasset" 149
"../../../Engine/Content/MobileResources/HUD/VirtualJoystick_Background.uasset" 150
"../../../Engine/Content/MobileResources/HUD/VirtualJoystick_Thumb.uasset" 151
"../../../Engine/Content/MobileResources/HUD/DefaultVirtualJoysticks.uasset" 152
"../../../Engine/Content/MobileResources/HUD/LeftVirtualJoystickOnly.uasset" 153
"../../../Engine/Content/MobileResources/HUD/MobileHUDButton1_off.uasset" 154
"../../../Engine/Content/MobileResources/HUD/MobileHUDButton1_on.uasset" 155
"../../../Engine/Content/MobileResources/HUD/MobileHUDButton2_off.uasset" 156
"../../../Engine/Content/MobileResources/HUD/MobileHUDButton2_on.uasset" 157
"../../../Engine/Content/MobileResources/HUD/MobileHUDButton3.uasset" 158
"../../../Engine/Content/MobileResources/HUD/MobileHUDButtonFire.uasset" 159
"../../../Engine/Content/MobileResources/HUD/MobileHUDDirectionPad.uasset" 160
"../../../Engine/Content/MobileResources/HUD/MobileHUDDirectionPad2.uasset" 161
"../../../Engine/Content/MobileResources/HUD/MobileHUDDirectionPad3.uasset" 162
"../../../Engine/Content/MobileResources/HUD/MobileHUDDirectionStick.uasset" 163
"../../../Engine/Content/MobileResources/HUD/T_Castle_ThumbstickInner.uasset" 164
"../../../Engine/Content/MobileResources/HUD/T_Castle_ThumbstickOutter.uasset" 165
"../../../Engine/Content/Tutorial/ContentIntroCurve.uasset" 166
"../../../Engine/Content/Tutorial/Landscape/TutorialAssets/Landscape.uasset" 167
"../../../Engine/Content/VREditor/LaserPointer/VR_LaserPower_01.uasset" 168
"../../../Engine/Content/VREditor/TransformGizmo/TransformGizmoMaterial.uasset" 169
"../../../Engine/Content/VREditor/TransformGizmo/TranslucentTransformGizmoMaterial.uasset" 170
"../../../Engine/Content/VREditor/TransformGizmo/BoundingBoxCorner.uasset" 171
"../../../Engine/Content/VREditor/TransformGizmo/BoundingBoxEdge.uasset" 172
"../../../Engine/Content/VREditor/TransformGizmo/PlaneTranslationHandle.uasset" 173
"../../../Engine/Content/VREditor/TransformGizmo/Main.uasset" 174
"../../../Engine/Content/VREditor/TransformGizmo/Xray.uasset" 175
"../../../Engine/Content/VREditor/TransformGizmo/SM_Sequencer_Key.uasset" 176
"../../../Engine/Content/VREditor/TransformGizmo/SM_Sequencer_Node.uasset" 177
"../../Plugins/2D/Paper2D/Content/PlaceholderTextures/DummySpriteTexture.uasset" 178
"../../Plugins/2D/Paper2D/Content/DummySprite.uasset" 179
"../../Plugins/2D/Paper2D/Content/DefaultPaperTerrainMaterial.uasset" 180
"../../Plugins/2D/Paper2D/Content/DefaultSpriteMaterial.uasset" 181
"../../Plugins/2D/Paper2D/Content/MaskedUnlitSpriteMaterial.uasset" 182
"../../Plugins/2D/Paper2D/Content/OpaqueUnlitSpriteMaterial.uasset" 183
"../../Plugins/Runtime/Oculus/OculusVR/Content/Materials/PokeAHoleMaterial.uasset" 184
"../../Plugins/Runtime/Oculus/OculusVR/Content/Textures/GearVRController_AO.uasset" 185
"../../Plugins/Runtime/Oculus/OculusVR/Content/Textures/GearVRController_Color.uasset" 186
"../../Plugins/Runtime/Oculus/OculusVR/Content/Textures/GearVRController_Normal.uasset" 187
"../../Plugins/Runtime/Oculus/OculusVR/Content/Materials/GearVRControllerMaterial.uasset" 188
"../../Plugins/Runtime/Oculus/OculusVR/Content/Meshes/GearVrController.uasset" 189
"../../Plugins/Runtime/Oculus/OculusVR/Content/Textures/touchController_albedo.uasset" 190
"../../Plugins/Runtime/Oculus/OculusVR/Content/Textures/touchController_controlmap.uasset" 191
"../../Plugins/Runtime/Oculus/OculusVR/Content/Materials/touchController_mat.uasset" 192
"../../Plugins/Runtime/Oculus/OculusVR/Content/Meshes/LeftTouchController.uasset" 193
"../../Plugins/Runtime/Oculus/OculusVR/Content/Meshes/RiftHMD.uasset" 194
"../../Plugins/Runtime/Oculus/OculusVR/Content/Meshes/RightTouchController.uasset" 195
"../../../Engine/Content/EngineSky/C_Sky_Cloud_Color.uasset" 196
"../../../Engine/Content/EngineSky/C_Sky_Horizon_Color.uasset" 197
"../../../Engine/Content/EngineSky/C_Sky_Zenith_Color.uasset" 198
"../../../Engine/Content/EngineSky/T_Sky_Blue.uasset" 199
"../../../Engine/Content/EngineSky/T_Sky_Clouds_M.uasset" 200
"../../../Engine/Content/EngineSky/T_Sky_Stars.uasset" 201
"../../../Engine/Content/EngineSky/M_Sky_Panning_Clouds2.uasset" 202
"../../../Engine/Content/EngineSky/SM_SkySphere.uasset" 203
"../../../Engine/Content/EngineSky/BP_Sky_Sphere.uasset" 204
"../../../../../../Projets/Unreal/Unreal_EndlessRunner/EndlessRunnerSeb/EndlessRunnerLuc/Content/Benji/Blueprints/playerScore.uasset" 205
"../../../../../../Projets/Unreal/Unreal_EndlessRunner/EndlessRunnerSeb/EndlessRunnerLuc/Content/Benji/Blueprints/SaveGameScore.uasset" 206
"../../../../../../Projets/Unreal/Unreal_EndlessRunner/EndlessRunnerSeb/EndlessRunnerLuc/Content/Benji/Blueprints/EndlessRunnerGameInstance.uasset" 207
"../../../../../../Projets/Unreal/Unreal_EndlessRunner/EndlessRunnerSeb/EndlessRunnerLuc/Content/Lucul/AssetsLucul/Barrier1.uasset" 208
"../../../../../../Projets/Unreal/Unreal_EndlessRunner/EndlessRunnerSeb/EndlessRunnerLuc/Content/Lucul/AssetsLucul/palette.uasset" 209
"../../../../../../Projets/Unreal/Unreal_EndlessRunner/EndlessRunnerSeb/EndlessRunnerLuc/Content/Lucul/AssetsLucul/Angle_Road_Big.uasset" 210
"../../../../../../Projets/Unreal/Unreal_EndlessRunner/EndlessRunnerSeb/EndlessRunnerLuc/Content/Lucul/AssetsLucul/Angle_Road_Medium.uasset" 211
"../../../../../../Projets/Unreal/Unreal_EndlessRunner/EndlessRunnerSeb/EndlessRunnerLuc/Content/Lucul/AssetsLucul/Angle_Road_Small.uasset" 212
"../../../../../../Projets/Unreal/Unreal_EndlessRunner/EndlessRunnerSeb/EndlessRunnerLuc/Content/Lucul/AssetsLucul/Barrier.uasset" 213
"../../../../../../Projets/Unreal/Unreal_EndlessRunner/EndlessRunnerSeb/EndlessRunnerLuc/Content/Lucul/AssetsLucul/Straight_Road.uasset" 214
"../../../../../../Projets/Unreal/Unreal_EndlessRunner/EndlessRunnerSeb/EndlessRunnerLuc/Content/Lucul/AssetsLucul/Wagon.uasset" 215
"../../../../../../Projets/Unreal/Unreal_EndlessRunner/EndlessRunnerSeb/EndlessRunnerLuc/Content/Benji/Prefab/PrefabTerrain.uasset" 216
"../../../../../../Projets/Unreal/Unreal_EndlessRunner/EndlessRunnerSeb/EndlessRunnerLuc/Content/Lucul/Prefabs/Main_Car1.uasset" 217
"../../../../../../Projets/Unreal/Unreal_EndlessRunner/EndlessRunnerSeb/EndlessRunnerLuc/Content/Lucul/Prefabs/palette.uasset" 218
"../../../../../../Projets/Unreal/Unreal_EndlessRunner/EndlessRunnerSeb/EndlessRunnerLuc/Content/Benji/Textures/Ellipse_1.uasset" 219
"../../../../../../Projets/Unreal/Unreal_EndlessRunner/EndlessRunnerSeb/EndlessRunnerLuc/Content/Benji/Materials/CarOutMat.uasset" 220
"../../../../../../Projets/Unreal/Unreal_EndlessRunner/EndlessRunnerSeb/EndlessRunnerLuc/Content/Benji/Particles/CarOut.uasset" 221
"../../../../../../Projets/Unreal/Unreal_EndlessRunner/EndlessRunnerSeb/EndlessRunnerLuc/Content/Lucul/Prefabs/Main_Car.uasset" 222
"../../../../../../Projets/Unreal/Unreal_EndlessRunner/EndlessRunnerSeb/EndlessRunnerLuc/Content/Benji/Prefab/BP_Player.uasset" 223
"../../../../../../Projets/Unreal/Unreal_EndlessRunner/EndlessRunnerSeb/EndlessRunnerLuc/Content/Lucul/AssetsLucul/Bonus_Res.uasset" 224
"../../../../../../Projets/Unreal/Unreal_EndlessRunner/EndlessRunnerSeb/EndlessRunnerLuc/Content/Lucul/AssetsLucul/Bonus_Speed.uasset" 225
"../../../../../../Projets/Unreal/Unreal_EndlessRunner/EndlessRunnerSeb/EndlessRunnerLuc/Content/Lucul/AssetsLucul/Bonus_x2.uasset" 226
"../../../../../../Projets/Unreal/Unreal_EndlessRunner/EndlessRunnerSeb/EndlessRunnerLuc/Content/Benji/Prefab/PowerUp.uasset" 227
"../../../../../../Projets/Unreal/Unreal_EndlessRunner/EndlessRunnerSeb/EndlessRunnerLuc/Content/Benji/Blueprints/ScoreLiner.uasset" 228
"../../../../../../Projets/Unreal/Unreal_EndlessRunner/EndlessRunnerSeb/EndlessRunnerLuc/Content/Benji/Blueprints/GameOverWidget.uasset" 229
"../../../../../../Projets/Unreal/Unreal_EndlessRunner/EndlessRunnerSeb/EndlessRunnerLuc/Content/Benji/Blueprints/PlayerWidget.uasset" 230
"../../../../../../Projets/Unreal/Unreal_EndlessRunner/EndlessRunnerSeb/EndlessRunnerLuc/Content/Benji/Blueprints/EndlessRunner.uasset" 231
"../../../../../../Projets/Unreal/Unreal_EndlessRunner/EndlessRunnerSeb/EndlessRunnerLuc/Content/Benji/BenjiScene.umap" 232
"../../../Engine/Content/BasicShapes/BasicShapeMaterial.uasset" 233
"../../../Engine/Content/BasicShapes/Cube.uasset" 234
"../../../../../../Projets/Unreal/Unreal_EndlessRunner/EndlessRunnerSeb/EndlessRunnerLuc/Content/Lucul/AssetsLucul/Angle_Road.uasset" 235
"../../../../../../Projets/Unreal/Unreal_EndlessRunner/EndlessRunnerSeb/EndlessRunnerLuc/Content/Lucul/Scenes/LuculScene.umap" 236
"../../../../../../Projets/Unreal/Unreal_EndlessRunner/EndlessRunnerSeb/EndlessRunnerLuc/Content/Lucul/Scenes/MainMenu_BuiltData.uasset" 237
"../../../Engine/Content/Functions/Engine_MaterialFunctions02/ExampleContent/Textures/newhplaneHeightMap.uasset" 238
"../../../Engine/Content/Functions/Engine_MaterialFunctions02/Texturing/3dParticleOpacity.uasset" 239
"../../../Engine/Content/Functions/Engine_MaterialFunctions02/ExampleContent/Textures/newhplaneAlphaMap.uasset" 240
"../../../Engine/Content/Functions/Engine_MaterialFunctions02/ExampleContent/Textures/newhplaneLightingMap.uasset" 241
"../../../Engine/Content/Functions/Engine_MaterialFunctions02/ExampleContent/Textures/newhplaneNormalsMap.uasset" 242
"../../../Engine/Content/MapTemplates/Sky/DaylightAmbientCubemap.uasset" 243
"../../../Engine/Content/Functions/Engine_MaterialFunctions02/ExampleContent/3dParticleOpacity_Mat.uasset" 244
"../../../../../../Projets/Unreal/Unreal_EndlessRunner/EndlessRunnerSeb/EndlessRunnerLuc/Content/Lucul/Materials/NewMaterial.uasset" 245
"../../../Engine/Content/BasicShapes/Sphere.uasset" 246
"../../../../../../Projets/Unreal/Unreal_EndlessRunner/EndlessRunnerSeb/EndlessRunnerLuc/Content/Lucul/UI/MainMenu.uasset" 247
"../../../../../../Projets/Unreal/Unreal_EndlessRunner/EndlessRunnerSeb/EndlessRunnerLuc/Content/Lucul/Scenes/MainMenu.umap" 248
"../../../../../../Projets/Unreal/Unreal_EndlessRunner/EndlessRunnerSeb/EndlessRunnerLuc/Content/Lucul/AssetsLucul/Main_Car.uasset" 249
"../../../../../../Projets/Unreal/Unreal_EndlessRunner/EndlessRunnerSeb/EndlessRunnerLuc/Content/Lucul/Scenes/TestSceneLucul.umap" 250
"../../../../../../Projets/Unreal/Unreal_EndlessRunner/EndlessRunnerSeb/EndlessRunnerLuc/Content/Geometry/Meshes/CubeMaterial.uasset" 251
"../../../../../../Projets/Unreal/Unreal_EndlessRunner/EndlessRunnerSeb/EndlessRunnerLuc/Content/Geometry/Meshes/1M_Cube.uasset" 252
"../../../../../../Projets/Unreal/Unreal_EndlessRunner/EndlessRunnerSeb/EndlessRunnerLuc/Content/Geometry/Meshes/1M_Cube_Chamfer.uasset" 253
"../../../../../../Projets/Unreal/Unreal_EndlessRunner/EndlessRunnerSeb/EndlessRunnerLuc/Content/Geometry/Meshes/TemplateFloor.uasset" 254
"../../../../../../Projets/Unreal/Unreal_EndlessRunner/EndlessRunnerSeb/EndlessRunnerLuc/Content/ThirdPerson/Meshes/RampMaterial.uasset" 255
"../../../../../../Projets/Unreal/Unreal_EndlessRunner/EndlessRunnerSeb/EndlessRunnerLuc/Content/ThirdPerson/Meshes/Bump_StaticMesh.uasset" 256
"../../../../../../Projets/Unreal/Unreal_EndlessRunner/EndlessRunnerSeb/EndlessRunnerLuc/Content/ThirdPerson/Meshes/LeftArm_StaticMesh.uasset" 257
"../../../../../../Projets/Unreal/Unreal_EndlessRunner/EndlessRunnerSeb/EndlessRunnerLuc/Content/ThirdPerson/Meshes/Linear_Stair_StaticMesh.uasset" 258
"../../../../../../Projets/Unreal/Unreal_EndlessRunner/EndlessRunnerSeb/EndlessRunnerLuc/Content/ThirdPerson/Meshes/Ramp_StaticMesh.uasset" 259
"../../../../../../Projets/Unreal/Unreal_EndlessRunner/EndlessRunnerSeb/EndlessRunnerLuc/Content/ThirdPerson/Meshes/RightArm_StaticMesh.uasset" 260
"../../../../../../Projets/Unreal/Unreal_EndlessRunner/EndlessRunnerSeb/EndlessRunnerLuc/Content/ThirdPersonBP/Maps/ThirdPersonExampleMap.umap" 261
"../../../Engine/Content/Maps/Entry_BuiltData.uasset" 262
"../../../Engine/Content/Maps/Entry.umap" 263
