Log file open, 02/21/19 13:50:28
LogWindows: Failed to load 'aqProf.dll' (GetLastError=126)
LogWindows: File 'aqProf.dll' does not exist
LogWindows: Failed to load 'VtuneApi.dll' (GetLastError=126)
LogWindows: File 'VtuneApi.dll' does not exist
LogWindows: Failed to load 'VtuneApi32e.dll' (GetLastError=126)
LogWindows: File 'VtuneApi32e.dll' does not exist
LogConsoleResponse: Display: Failed to find resolution value strings in scalability ini. Falling back to default.
LogInit: Display: Running engine for game: EndlessRunnerLuc
LogPakFile: Registered encryption key '00000000000000000000000000000000': 0 pak files mounted, 0 remain pending
LogPlatformFile: Not using cached read wrapper
LogTaskGraph: Started task graph with 5 named threads and 35 total threads with 3 sets of task threads.
LogStats: Stats thread started at 0.548951
LogD3D11RHI: Loaded GFSDK_Aftermath_Lib.x64.dll
LogICUInternationalization: ICU TimeZone Detection - Raw Offset: +1:00, Platform Override: ''
LogPluginManager: Mounting plugin Paper2D
LogPluginManager: Mounting plugin AISupport
LogPluginManager: Mounting plugin LightPropagationVolume
LogPluginManager: Mounting plugin ActorLayerUtilities
LogPluginManager: Mounting plugin CLionSourceCodeAccess
LogPluginManager: Mounting plugin CodeLiteSourceCodeAccess
LogPluginManager: Mounting plugin GitSourceControl
LogPluginManager: Mounting plugin KDevelopSourceCodeAccess
LogPluginManager: Mounting plugin NullSourceCodeAccess
LogPluginManager: Mounting plugin PerforceSourceControl
LogPluginManager: Mounting plugin SubversionSourceControl
LogPluginManager: Mounting plugin UObjectPlugin
LogPluginManager: Mounting plugin VisualStudioCodeSourceCodeAccess
LogPluginManager: Mounting plugin VisualStudioSourceCodeAccess
LogPluginManager: Mounting plugin XCodeSourceCodeAccess
LogPluginManager: Mounting plugin AssetManagerEditor
LogPluginManager: Mounting plugin CryptoKeys
LogPluginManager: Mounting plugin DataValidation
LogPluginManager: Mounting plugin FacialAnimation
LogPluginManager: Mounting plugin GameplayTagsEditor
LogPluginManager: Mounting plugin MacGraphicsSwitching
LogPluginManager: Mounting plugin MeshEditor
LogPluginManager: Mounting plugin MobileLauncherProfileWizard
LogPluginManager: Mounting plugin PluginBrowser
LogPluginManager: Mounting plugin SpeedTreeImporter
LogPluginManager: Mounting plugin DatasmithContent
LogPluginManager: Mounting plugin VariantManagerContent
LogPluginManager: Mounting plugin AlembicImporter
LogPluginManager: Mounting plugin AppleImageUtils
LogPluginManager: Mounting plugin AppleVision
LogPluginManager: Mounting plugin BackChannel
LogPluginManager: Mounting plugin CharacterAI
LogPluginManager: Mounting plugin GeometryCache
LogPluginManager: Mounting plugin HTML5Networking
LogPluginManager: Mounting plugin ProxyLODPlugin
LogPluginManager: Mounting plugin MagicLeap
LogPluginManager: Mounting plugin MagicLeapMedia
LogPluginManager: Mounting plugin AndroidMedia
LogPluginManager: Mounting plugin AvfMedia
LogPluginManager: Mounting plugin ImgMedia
LogPluginManager: Mounting plugin LinearTimecode
LogPluginManager: Mounting plugin MediaCompositing
LogPluginManager: Mounting plugin MediaPlayerEditor
LogPluginManager: Mounting plugin WebMMedia
LogPluginManager: Mounting plugin WmfMedia
LogPluginManager: Mounting plugin TcpMessaging
LogPluginManager: Mounting plugin UdpMessaging
LogPluginManager: Mounting plugin ActorSequence
LogPluginManager: Mounting plugin LevelSequenceEditor
LogPluginManager: Mounting plugin MatineeToLevelSequence
LogPluginManager: Mounting plugin NetcodeUnitTest
LogPluginManager: Mounting plugin NUTUnrealEngine4
LogPluginManager: Mounting plugin OnlineSubsystemGooglePlay
LogPluginManager: Mounting plugin OnlineSubsystemIOS
LogPluginManager: Mounting plugin OnlineSubsystem
LogPluginManager: Mounting plugin OnlineSubsystemNull
LogPluginManager: Mounting plugin OnlineSubsystemUtils
LogPluginManager: Mounting plugin LauncherChunkInstaller
LogPluginManager: Mounting plugin AndroidDeviceProfileSelector
LogPluginManager: Mounting plugin AndroidMoviePlayer
LogPluginManager: Mounting plugin AndroidPermission
LogPluginManager: Mounting plugin AppleMoviePlayer
LogPluginManager: Mounting plugin ArchVisCharacter
LogPluginManager: Mounting plugin AudioCapture
LogPluginManager: Mounting plugin CableComponent
LogPluginManager: Mounting plugin CustomMeshComponent
LogPluginManager: Mounting plugin EditableMesh
LogPluginManager: Mounting plugin ExampleDeviceProfileSelector
LogPluginManager: Mounting plugin Firebase
LogPluginManager: Mounting plugin GoogleCloudMessaging
LogPluginManager: Mounting plugin IOSDeviceProfileSelector
LogPluginManager: Mounting plugin LinuxDeviceProfileSelector
LogPluginManager: Mounting plugin LocationServicesBPLibrary
LogPluginManager: Mounting plugin MobilePatchingUtils
LogPluginManager: Mounting plugin OculusVR
LogPluginManager: Mounting plugin PhysXVehicles
LogPluginManager: Mounting plugin ProceduralMeshComponent
LogPluginManager: Mounting plugin RuntimePhysXCooking
LogPluginManager: Mounting plugin SteamVR
LogPluginManager: Mounting plugin WebMMoviePlayer
LogPluginManager: Mounting plugin WindowsMoviePlayer
LogStreaming: Display: Took  0.152s to configure plugins.
LogInit: Using libcurl 7.55.1-DEV
LogInit:  - built for x86_64-pc-win32
LogInit:  - supports SSL with OpenSSL/1.0.2h
LogInit:  - supports HTTP deflate (compression) using libz 1.2.8
LogInit:  - other features:
LogInit:      CURL_VERSION_SSL
LogInit:      CURL_VERSION_LIBZ
LogInit:      CURL_VERSION_IPV6
LogInit:      CURL_VERSION_ASYNCHDNS
LogInit:      CURL_VERSION_LARGEFILE
LogInit:      CURL_VERSION_IDN
LogInit:  CurlRequestOptions (configurable via config and command line):
LogInit:  - bVerifyPeer = true  - Libcurl will verify peer certificate
LogInit:  - bUseHttpProxy = false  - Libcurl will NOT use HTTP proxy
LogInit:  - bDontReuseConnections = false  - Libcurl will reuse connections
LogInit:  - MaxHostConnections = 16  - Libcurl will limit the number of connections to a host
LogInit:  - LocalHostAddr = Default
LogInit:  - BufferSize = 65536
LogInit: WinSock: version 1.1 (2.2), MaxSocks=32767, MaxUdp=65467
LogInit: Build: ++UE4+Release-4.21-CL-4753647
LogInit: Engine Version: 4.21.2-4753647+++UE4+Release-4.21
LogInit: Compatible Engine Version: 4.21.0-4541578+++UE4+Release-4.21
LogInit: Net CL: 4541578
LogInit: OS: Windows 10 (), CPU: Intel(R) Core(TM) i7-8750H CPU @ 2.20GHz, GPU: Intel(R) UHD Graphics 630
LogInit: Compiled (64-bit): Jan 19 2019 02:07:31
LogInit: Compiled with Visual C++: 19.13.26129.00
LogInit: Build Configuration: Development
LogInit: Branch Name: ++UE4+Release-4.21
LogInit: Command Line: 
LogInit: Base Directory: D:/Programmes/Epic Games/UE_4.21/Engine/Binaries/Win64/
LogInit: Installed Engine Build: 1
LogDevObjectVersion: Number of dev versions registered: 22
LogDevObjectVersion:   Dev-Blueprints (B0D832E4-1F89-4F0D-ACCF-7EB736FD4AA2): 10
LogDevObjectVersion:   Dev-Build (E1C64328-A22C-4D53-A36C-8E866417BD8C): 0
LogDevObjectVersion:   Dev-Core (375EC13C-06E4-48FB-B500-84F0262A717E): 2
LogDevObjectVersion:   Dev-Editor (E4B068ED-F494-42E9-A231-DA0B2E46BB41): 26
LogDevObjectVersion:   Dev-Framework (CFFC743F-43B0-4480-9391-14DF171D2073): 34
LogDevObjectVersion:   Dev-Mobile (B02B49B5-BB20-44E9-A304-32B752E40360): 2
LogDevObjectVersion:   Dev-Networking (A4E4105C-59A1-49B5-A7C5-40C4547EDFEE): 0
LogDevObjectVersion:   Dev-Online (39C831C9-5AE6-47DC-9A44-9C173E1C8E7C): 0
LogDevObjectVersion:   Dev-Physics (78F01B33-EBEA-4F98-B9B4-84EACCB95AA2): 0
LogDevObjectVersion:   Dev-Platform (6631380F-2D4D-43E0-8009-CF276956A95A): 0
LogDevObjectVersion:   Dev-Rendering (12F88B9F-8875-4AFC-A67C-D90C383ABD29): 27
LogDevObjectVersion:   Dev-Sequencer (7B5AE74C-D270-4C10-A958-57980B212A5A): 9
LogDevObjectVersion:   Dev-VR (D7296918-1DD6-4BDD-9DE2-64A83CC13884): 2
LogDevObjectVersion:   Dev-LoadTimes (C2A15278-BFE7-4AFE-6C17-90FF531DF755): 1
LogDevObjectVersion:   Private-Geometry (6EACA3D4-40EC-4CC1-B786-8BED09428FC5): 3
LogDevObjectVersion:   Dev-AnimPhys (29E575DD-E0A3-4627-9D10-D276232CDCEA): 17
LogDevObjectVersion:   Dev-Anim (AF43A65D-7FD3-4947-9873-3E8ED9C1BB05): 2
LogDevObjectVersion:   Dev-ReflectionCapture (6B266CEC-1EC7-4B8F-A30B-E4D90942FC07): 1
LogDevObjectVersion:   Dev-Automation (0DF73D61-A23F-47EA-B727-89E90C41499A): 1
LogDevObjectVersion:   FortniteMain (601D1886-AC64-4F84-AA16-D3DE0DEAC7D6): 17
LogDevObjectVersion:   Dev-Enterprise (9DFFBCD6-494F-0158-E221-12823C92A888): 4
LogDevObjectVersion:   Dev-Niagara (F2AED0AC-9AFE-416F-8664-AA7FFA26D6FC): 1
LogStreaming: Display: Took  0.005s to delete old logs.
LogInit: Presizing for max 8388607 objects, including 0 objects not considered by GC, pre-allocating 0 bytes for permanent pool.
LogInit: Object subsystem initialized
LogConfig: Setting CVar [[con.DebugEarlyDefault:1]]
LogConfig: Setting CVar [[r.setres:1280x720]]
[2019.02.21-12.50.28:945][  0]LogConfig: Setting CVar [[r.VSync:0]]
[2019.02.21-12.50.28:945][  0]LogConfig: Setting CVar [[r.RHICmdBypass:0]]
[2019.02.21-12.50.28:946][  0]LogConfig: Applying CVar settings from Section [/Script/Engine.RendererSettings] File [D:/Projets/Unreal/Unreal_EndlessRunner/EndlessRunnerSeb/EndlessRunnerLuc/Saved/Config/Windows/Engine.ini]
[2019.02.21-12.50.28:946][  0]LogConfig: Setting CVar [[r.GPUCrashDebugging:0]]
[2019.02.21-12.50.28:946][  0]LogConfig: Applying CVar settings from Section [/Script/Engine.RendererOverrideSettings] File [D:/Projets/Unreal/Unreal_EndlessRunner/EndlessRunnerSeb/EndlessRunnerLuc/Saved/Config/Windows/Engine.ini]
[2019.02.21-12.50.28:946][  0]LogConfig: Applying CVar settings from Section [/Script/Engine.StreamingSettings] File [D:/Projets/Unreal/Unreal_EndlessRunner/EndlessRunnerSeb/EndlessRunnerLuc/Saved/Config/Windows/Engine.ini]
[2019.02.21-12.50.28:946][  0]LogConfig: Setting CVar [[s.MinBulkDataSizeForAsyncLoading:131072]]
[2019.02.21-12.50.28:946][  0]LogConfig: Setting CVar [[s.AsyncLoadingThreadEnabled:0]]
[2019.02.21-12.50.28:946][  0]LogConfig: Setting CVar [[s.EventDrivenLoaderEnabled:1]]
[2019.02.21-12.50.28:946][  0]LogConfig: Setting CVar [[s.WarnIfTimeLimitExceeded:0]]
[2019.02.21-12.50.28:946][  0]LogConfig: Setting CVar [[s.TimeLimitExceededMultiplier:1.5]]
[2019.02.21-12.50.28:946][  0]LogConfig: Setting CVar [[s.TimeLimitExceededMinTime:0.005]]
[2019.02.21-12.50.28:946][  0]LogConfig: Setting CVar [[s.UseBackgroundLevelStreaming:1]]
[2019.02.21-12.50.28:946][  0]LogConfig: Setting CVar [[s.PriorityAsyncLoadingExtraTime:15.0]]
[2019.02.21-12.50.28:946][  0]LogConfig: Setting CVar [[s.LevelStreamingActorsUpdateTimeLimit:5.0]]
[2019.02.21-12.50.28:946][  0]LogConfig: Setting CVar [[s.PriorityLevelStreamingActorsUpdateExtraTime:5.0]]
[2019.02.21-12.50.28:946][  0]LogConfig: Setting CVar [[s.LevelStreamingComponentsRegistrationGranularity:10]]
[2019.02.21-12.50.28:946][  0]LogConfig: Setting CVar [[s.UnregisterComponentsTimeLimit:1.0]]
[2019.02.21-12.50.28:946][  0]LogConfig: Setting CVar [[s.LevelStreamingComponentsUnregistrationGranularity:5]]
[2019.02.21-12.50.28:946][  0]LogConfig: Applying CVar settings from Section [/Script/Engine.GarbageCollectionSettings] File [D:/Projets/Unreal/Unreal_EndlessRunner/EndlessRunnerSeb/EndlessRunnerLuc/Saved/Config/Windows/Engine.ini]
[2019.02.21-12.50.28:946][  0]LogConfig: Setting CVar [[gc.MaxObjectsNotConsideredByGC:1]]
[2019.02.21-12.50.28:946][  0]LogConfig: Setting CVar [[gc.SizeOfPermanentObjectPool:0]]
[2019.02.21-12.50.28:946][  0]LogConfig: Setting CVar [[gc.FlushStreamingOnGC:0]]
[2019.02.21-12.50.28:946][  0]LogConfig: Setting CVar [[gc.NumRetriesBeforeForcingGC:10]]
[2019.02.21-12.50.28:946][  0]LogConfig: Setting CVar [[gc.AllowParallelGC:1]]
[2019.02.21-12.50.28:946][  0]LogConfig: Setting CVar [[gc.TimeBetweenPurgingPendingKillObjects:61.1]]
[2019.02.21-12.50.28:946][  0]LogConfig: Setting CVar [[gc.MaxObjectsInEditor:8388607]]
[2019.02.21-12.50.28:947][  0]LogConfig: Setting CVar [[gc.IncrementalBeginDestroyEnabled:1]]
[2019.02.21-12.50.28:947][  0]LogConfig: Setting CVar [[gc.CreateGCClusters:1]]
[2019.02.21-12.50.28:947][  0]LogConfig: Setting CVar [[gc.MergeGCClusters:0]]
[2019.02.21-12.50.28:947][  0]LogConfig: Setting CVar [[gc.MinGCClusterSize:5]]
[2019.02.21-12.50.28:947][  0]LogConfig: Setting CVar [[gc.ActorClusteringEnabled:0]]
[2019.02.21-12.50.28:947][  0]LogConfig: Setting CVar [[gc.BlueprintClusteringEnabled:0]]
[2019.02.21-12.50.28:947][  0]LogConfig: Setting CVar [[gc.UseDisregardForGCOnDedicatedServers:0]]
[2019.02.21-12.50.28:947][  0]LogConfig: Applying CVar settings from Section [/Script/Engine.NetworkSettings] File [D:/Projets/Unreal/Unreal_EndlessRunner/EndlessRunnerSeb/EndlessRunnerLuc/Saved/Config/Windows/Engine.ini]
[2019.02.21-12.50.28:947][  0]LogConfig: Applying CVar settings from Section [/Script/UnrealEd.CookerSettings] File [D:/Projets/Unreal/Unreal_EndlessRunner/EndlessRunnerSeb/EndlessRunnerLuc/Saved/Config/Windows/Engine.ini]
[2019.02.21-12.50.28:953][  0]LogConfig: Applying CVar settings from Section [ViewDistanceQuality@3] File [D:/Projets/Unreal/Unreal_EndlessRunner/EndlessRunnerSeb/EndlessRunnerLuc/Saved/Config/Windows/Scalability.ini]
[2019.02.21-12.50.28:953][  0]LogConfig: Setting CVar [[r.SkeletalMeshLODBias:0]]
[2019.02.21-12.50.28:953][  0]LogConfig: Setting CVar [[r.ViewDistanceScale:1.0]]
[2019.02.21-12.50.28:953][  0]LogConfig: Applying CVar settings from Section [AntiAliasingQuality@3] File [D:/Projets/Unreal/Unreal_EndlessRunner/EndlessRunnerSeb/EndlessRunnerLuc/Saved/Config/Windows/Scalability.ini]
[2019.02.21-12.50.28:953][  0]LogConfig: Setting CVar [[r.PostProcessAAQuality:4]]
[2019.02.21-12.50.28:953][  0]LogConfig: Applying CVar settings from Section [ShadowQuality@3] File [D:/Projets/Unreal/Unreal_EndlessRunner/EndlessRunnerSeb/EndlessRunnerLuc/Saved/Config/Windows/Scalability.ini]
[2019.02.21-12.50.28:954][  0]LogConfig: Setting CVar [[r.LightFunctionQuality:1]]
[2019.02.21-12.50.28:954][  0]LogConfig: Setting CVar [[r.ShadowQuality:5]]
[2019.02.21-12.50.28:954][  0]LogConfig: Setting CVar [[r.Shadow.CSM.MaxCascades:10]]
[2019.02.21-12.50.28:954][  0]LogConfig: Setting CVar [[r.Shadow.MaxResolution:2048]]
[2019.02.21-12.50.28:954][  0]LogConfig: Setting CVar [[r.Shadow.MaxCSMResolution:2048]]
[2019.02.21-12.50.28:954][  0]LogConfig: Setting CVar [[r.Shadow.RadiusThreshold:0.01]]
[2019.02.21-12.50.28:954][  0]LogConfig: Setting CVar [[r.Shadow.DistanceScale:1.0]]
[2019.02.21-12.50.28:954][  0]LogConfig: Setting CVar [[r.Shadow.CSM.TransitionScale:1.0]]
[2019.02.21-12.50.28:954][  0]LogConfig: Setting CVar [[r.Shadow.PreShadowResolutionFactor:1.0]]
[2019.02.21-12.50.28:954][  0]LogConfig: Setting CVar [[r.DistanceFieldShadowing:1]]
[2019.02.21-12.50.28:954][  0]LogConfig: Setting CVar [[r.DistanceFieldAO:1]]
[2019.02.21-12.50.28:954][  0]LogConfig: Setting CVar [[r.AOQuality:2]]
[2019.02.21-12.50.28:954][  0]LogConfig: Setting CVar [[r.VolumetricFog:1]]
[2019.02.21-12.50.28:954][  0]LogConfig: Setting CVar [[r.VolumetricFog.GridPixelSize:8]]
[2019.02.21-12.50.28:954][  0]LogConfig: Setting CVar [[r.VolumetricFog.GridSizeZ:128]]
[2019.02.21-12.50.28:954][  0]LogConfig: Setting CVar [[r.VolumetricFog.HistoryMissSupersampleCount:4]]
[2019.02.21-12.50.28:954][  0]LogConfig: Setting CVar [[r.LightMaxDrawDistanceScale:1]]
[2019.02.21-12.50.28:954][  0]LogConfig: Setting CVar [[r.CapsuleShadows:1]]
[2019.02.21-12.50.28:954][  0]LogConfig: Applying CVar settings from Section [PostProcessQuality@3] File [D:/Projets/Unreal/Unreal_EndlessRunner/EndlessRunnerSeb/EndlessRunnerLuc/Saved/Config/Windows/Scalability.ini]
[2019.02.21-12.50.28:954][  0]LogConfig: Setting CVar [[r.MotionBlurQuality:4]]
[2019.02.21-12.50.28:954][  0]LogConfig: Setting CVar [[r.AmbientOcclusionMipLevelFactor:0.4]]
[2019.02.21-12.50.28:954][  0]LogConfig: Setting CVar [[r.AmbientOcclusionMaxQuality:100]]
[2019.02.21-12.50.28:954][  0]LogConfig: Setting CVar [[r.AmbientOcclusionLevels:-1]]
[2019.02.21-12.50.28:954][  0]LogConfig: Setting CVar [[r.AmbientOcclusionRadiusScale:1.0]]
[2019.02.21-12.50.28:954][  0]LogConfig: Setting CVar [[r.DepthOfFieldQuality:2]]
[2019.02.21-12.50.28:954][  0]LogConfig: Setting CVar [[r.RenderTargetPoolMin:400]]
[2019.02.21-12.50.28:954][  0]LogConfig: Setting CVar [[r.LensFlareQuality:2]]
[2019.02.21-12.50.28:954][  0]LogConfig: Setting CVar [[r.SceneColorFringeQuality:1]]
[2019.02.21-12.50.28:955][  0]LogConfig: Setting CVar [[r.EyeAdaptationQuality:2]]
[2019.02.21-12.50.28:955][  0]LogConfig: Setting CVar [[r.BloomQuality:5]]
[2019.02.21-12.50.28:955][  0]LogConfig: Setting CVar [[r.FastBlurThreshold:100]]
[2019.02.21-12.50.28:955][  0]LogConfig: Setting CVar [[r.Upscale.Quality:3]]
[2019.02.21-12.50.28:955][  0]LogConfig: Setting CVar [[r.Tonemapper.GrainQuantization:1]]
[2019.02.21-12.50.28:955][  0]LogConfig: Setting CVar [[r.LightShaftQuality:1]]
[2019.02.21-12.50.28:955][  0]LogConfig: Setting CVar [[r.Filter.SizeScale:1]]
[2019.02.21-12.50.28:955][  0]LogConfig: Setting CVar [[r.Tonemapper.Quality:5]]
[2019.02.21-12.50.28:955][  0]LogConfig: Setting CVar [[r.DOF.Gather.AccumulatorQuality:1        ; higher gathering accumulator quality]]
[2019.02.21-12.50.28:955][  0]LogConfig: Setting CVar [[r.DOF.Gather.PostfilterMethod:1          ; Median3x3 postfilering method]]
[2019.02.21-12.50.28:955][  0]LogConfig: Setting CVar [[r.DOF.Gather.EnableBokehSettings:0       ; no bokeh simulation when gathering]]
[2019.02.21-12.50.28:955][  0]LogConfig: Setting CVar [[r.DOF.Gather.RingCount:4                 ; medium number of samples when gathering]]
[2019.02.21-12.50.28:955][  0]LogConfig: Setting CVar [[r.DOF.Scatter.ForegroundCompositing:1    ; additive foreground scattering]]
[2019.02.21-12.50.28:955][  0]LogConfig: Setting CVar [[r.DOF.Scatter.BackgroundCompositing:2    ; additive background scattering]]
[2019.02.21-12.50.28:955][  0]LogConfig: Setting CVar [[r.DOF.Scatter.EnableBokehSettings:1      ; bokeh simulation when scattering]]
[2019.02.21-12.50.28:955][  0]LogConfig: Setting CVar [[r.DOF.Scatter.MaxSpriteRatio:0.1         ; only a maximum of 10% of scattered bokeh]]
[2019.02.21-12.50.28:955][  0]LogConfig: Setting CVar [[r.DOF.Recombine.Quality:1                ; cheap slight out of focus]]
[2019.02.21-12.50.28:955][  0]LogConfig: Setting CVar [[r.DOF.Recombine.EnableBokehSettings:0    ; no bokeh simulation on slight out of focus]]
[2019.02.21-12.50.28:955][  0]LogConfig: Setting CVar [[r.DOF.TemporalAAQuality:1                ; more stable temporal accumulation]]
[2019.02.21-12.50.28:955][  0]LogConfig: Setting CVar [[r.DOF.Kernel.MaxForegroundRadius:0.025]]
[2019.02.21-12.50.28:955][  0]LogConfig: Setting CVar [[r.DOF.Kernel.MaxBackgroundRadius:0.025]]
[2019.02.21-12.50.28:955][  0]LogConfig: Applying CVar settings from Section [TextureQuality@3] File [D:/Projets/Unreal/Unreal_EndlessRunner/EndlessRunnerSeb/EndlessRunnerLuc/Saved/Config/Windows/Scalability.ini]
[2019.02.21-12.50.28:955][  0]LogConfig: Setting CVar [[r.Streaming.MipBias:0]]
[2019.02.21-12.50.28:955][  0]LogConfig: Setting CVar [[r.Streaming.AmortizeCPUToGPUCopy:0]]
[2019.02.21-12.50.28:955][  0]LogConfig: Setting CVar [[r.Streaming.MaxNumTexturesToStreamPerFrame:0]]
[2019.02.21-12.50.28:955][  0]LogConfig: Setting CVar [[r.Streaming.Boost:1]]
[2019.02.21-12.50.28:955][  0]LogConfig: Setting CVar [[r.MaxAnisotropy:8]]
[2019.02.21-12.50.28:955][  0]LogConfig: Setting CVar [[r.Streaming.LimitPoolSizeToVRAM:0]]
[2019.02.21-12.50.28:955][  0]LogConfig: Setting CVar [[r.Streaming.PoolSize:1000]]
[2019.02.21-12.50.28:955][  0]LogConfig: Setting CVar [[r.Streaming.MaxEffectiveScreenSize:0]]
[2019.02.21-12.50.28:956][  0]LogConfig: Applying CVar settings from Section [EffectsQuality@3] File [D:/Projets/Unreal/Unreal_EndlessRunner/EndlessRunnerSeb/EndlessRunnerLuc/Saved/Config/Windows/Scalability.ini]
[2019.02.21-12.50.28:956][  0]LogConfig: Setting CVar [[r.TranslucencyLightingVolumeDim:64]]
[2019.02.21-12.50.28:956][  0]LogConfig: Setting CVar [[r.RefractionQuality:2]]
[2019.02.21-12.50.28:956][  0]LogConfig: Setting CVar [[r.SSR.Quality:3]]
[2019.02.21-12.50.28:956][  0]LogConfig: Setting CVar [[r.SceneColorFormat:4]]
[2019.02.21-12.50.28:956][  0]LogConfig: Setting CVar [[r.DetailMode:2]]
[2019.02.21-12.50.28:956][  0]LogConfig: Setting CVar [[r.TranslucencyVolumeBlur:1]]
[2019.02.21-12.50.28:956][  0]LogConfig: Setting CVar [[r.MaterialQualityLevel:1 ; High quality]]
[2019.02.21-12.50.28:956][  0]LogConfig: Setting CVar [[r.SSS.Scale:1]]
[2019.02.21-12.50.28:956][  0]LogConfig: Setting CVar [[r.SSS.SampleSet:2]]
[2019.02.21-12.50.28:956][  0]LogConfig: Setting CVar [[r.SSS.Quality:1]]
[2019.02.21-12.50.28:956][  0]LogConfig: Setting CVar [[r.SSS.HalfRes:1]]
[2019.02.21-12.50.28:956][  0]LogConfig: Setting CVar [[r.EmitterSpawnRateScale:1.0]]
[2019.02.21-12.50.28:956][  0]LogConfig: Setting CVar [[r.ParticleLightQuality:2]]
[2019.02.21-12.50.28:956][  0]LogConfig: Applying CVar settings from Section [FoliageQuality@3] File [D:/Projets/Unreal/Unreal_EndlessRunner/EndlessRunnerSeb/EndlessRunnerLuc/Saved/Config/Windows/Scalability.ini]
[2019.02.21-12.50.28:956][  0]LogConfig: Setting CVar [[foliage.DensityScale:1.0]]
[2019.02.21-12.50.28:956][  0]LogConfig: Setting CVar [[grass.DensityScale:1.0]]
[2019.02.21-12.50.28:956][  0]LogInit: Selected Device Profile: [Windows]
[2019.02.21-12.50.28:956][  0]LogInit: Applying CVar settings loaded from the selected device profile: [Windows]
[2019.02.21-12.50.28:975][  0]LogHAL: Display: Platform has ~ 16 GB [17032716288 / 17179869184 / 16], which maps to Larger [LargestMinGB=32, LargerMinGB=12, DefaultMinGB=8, SmallerMinGB=6, SmallestMinGB=0)
[2019.02.21-12.50.28:975][  0]LogConfig: Setting CVar [[r.Vulkan.UseRealUBs:1]]
[2019.02.21-12.50.28:975][  0]LogInit: Going up to parent DeviceProfile []
[2019.02.21-12.50.28:975][  0]LogConfig: Applying CVar settings from Section [ViewDistanceQuality@3] File [D:/Projets/Unreal/Unreal_EndlessRunner/EndlessRunnerSeb/EndlessRunnerLuc/Saved/Config/Windows/Scalability.ini]
[2019.02.21-12.50.28:975][  0]LogConfig: Setting CVar [[r.SkeletalMeshLODBias:0]]
[2019.02.21-12.50.28:975][  0]LogConfig: Setting CVar [[r.ViewDistanceScale:1.0]]
[2019.02.21-12.50.28:975][  0]LogConfig: Applying CVar settings from Section [AntiAliasingQuality@3] File [D:/Projets/Unreal/Unreal_EndlessRunner/EndlessRunnerSeb/EndlessRunnerLuc/Saved/Config/Windows/Scalability.ini]
[2019.02.21-12.50.28:975][  0]LogConfig: Setting CVar [[r.PostProcessAAQuality:4]]
[2019.02.21-12.50.28:975][  0]LogConfig: Applying CVar settings from Section [ShadowQuality@3] File [D:/Projets/Unreal/Unreal_EndlessRunner/EndlessRunnerSeb/EndlessRunnerLuc/Saved/Config/Windows/Scalability.ini]
[2019.02.21-12.50.28:975][  0]LogConfig: Setting CVar [[r.LightFunctionQuality:1]]
[2019.02.21-12.50.28:975][  0]LogConfig: Setting CVar [[r.ShadowQuality:5]]
[2019.02.21-12.50.28:975][  0]LogConfig: Setting CVar [[r.Shadow.CSM.MaxCascades:10]]
[2019.02.21-12.50.28:975][  0]LogConfig: Setting CVar [[r.Shadow.MaxResolution:2048]]
[2019.02.21-12.50.28:975][  0]LogConfig: Setting CVar [[r.Shadow.MaxCSMResolution:2048]]
[2019.02.21-12.50.28:975][  0]LogConfig: Setting CVar [[r.Shadow.RadiusThreshold:0.01]]
[2019.02.21-12.50.28:975][  0]LogConfig: Setting CVar [[r.Shadow.DistanceScale:1.0]]
[2019.02.21-12.50.28:975][  0]LogConfig: Setting CVar [[r.Shadow.CSM.TransitionScale:1.0]]
[2019.02.21-12.50.28:975][  0]LogConfig: Setting CVar [[r.Shadow.PreShadowResolutionFactor:1.0]]
[2019.02.21-12.50.28:975][  0]LogConfig: Setting CVar [[r.DistanceFieldShadowing:1]]
[2019.02.21-12.50.28:975][  0]LogConfig: Setting CVar [[r.DistanceFieldAO:1]]
[2019.02.21-12.50.28:975][  0]LogConfig: Setting CVar [[r.AOQuality:2]]
[2019.02.21-12.50.28:976][  0]LogConfig: Setting CVar [[r.VolumetricFog:1]]
[2019.02.21-12.50.28:976][  0]LogConfig: Setting CVar [[r.VolumetricFog.GridPixelSize:8]]
[2019.02.21-12.50.28:976][  0]LogConfig: Setting CVar [[r.VolumetricFog.GridSizeZ:128]]
[2019.02.21-12.50.28:976][  0]LogConfig: Setting CVar [[r.VolumetricFog.HistoryMissSupersampleCount:4]]
[2019.02.21-12.50.28:976][  0]LogConfig: Setting CVar [[r.LightMaxDrawDistanceScale:1]]
[2019.02.21-12.50.28:976][  0]LogConfig: Setting CVar [[r.CapsuleShadows:1]]
[2019.02.21-12.50.28:976][  0]LogConfig: Applying CVar settings from Section [PostProcessQuality@3] File [D:/Projets/Unreal/Unreal_EndlessRunner/EndlessRunnerSeb/EndlessRunnerLuc/Saved/Config/Windows/Scalability.ini]
[2019.02.21-12.50.28:976][  0]LogConfig: Setting CVar [[r.MotionBlurQuality:4]]
[2019.02.21-12.50.28:976][  0]LogConfig: Setting CVar [[r.AmbientOcclusionMipLevelFactor:0.4]]
[2019.02.21-12.50.28:976][  0]LogConfig: Setting CVar [[r.AmbientOcclusionMaxQuality:100]]
[2019.02.21-12.50.28:976][  0]LogConfig: Setting CVar [[r.AmbientOcclusionLevels:-1]]
[2019.02.21-12.50.28:976][  0]LogConfig: Setting CVar [[r.AmbientOcclusionRadiusScale:1.0]]
[2019.02.21-12.50.28:976][  0]LogConfig: Setting CVar [[r.DepthOfFieldQuality:2]]
[2019.02.21-12.50.28:976][  0]LogConfig: Setting CVar [[r.RenderTargetPoolMin:400]]
[2019.02.21-12.50.28:976][  0]LogConfig: Setting CVar [[r.LensFlareQuality:2]]
[2019.02.21-12.50.28:976][  0]LogConfig: Setting CVar [[r.SceneColorFringeQuality:1]]
[2019.02.21-12.50.28:976][  0]LogConfig: Setting CVar [[r.EyeAdaptationQuality:2]]
[2019.02.21-12.50.28:976][  0]LogConfig: Setting CVar [[r.BloomQuality:5]]
[2019.02.21-12.50.28:976][  0]LogConfig: Setting CVar [[r.FastBlurThreshold:100]]
[2019.02.21-12.50.28:976][  0]LogConfig: Setting CVar [[r.Upscale.Quality:3]]
[2019.02.21-12.50.28:976][  0]LogConfig: Setting CVar [[r.Tonemapper.GrainQuantization:1]]
[2019.02.21-12.50.28:976][  0]LogConfig: Setting CVar [[r.LightShaftQuality:1]]
[2019.02.21-12.50.28:976][  0]LogConfig: Setting CVar [[r.Filter.SizeScale:1]]
[2019.02.21-12.50.28:976][  0]LogConfig: Setting CVar [[r.Tonemapper.Quality:5]]
[2019.02.21-12.50.28:976][  0]LogConfig: Setting CVar [[r.DOF.Gather.AccumulatorQuality:1        ; higher gathering accumulator quality]]
[2019.02.21-12.50.28:976][  0]LogConfig: Setting CVar [[r.DOF.Gather.PostfilterMethod:1          ; Median3x3 postfilering method]]
[2019.02.21-12.50.28:976][  0]LogConfig: Setting CVar [[r.DOF.Gather.EnableBokehSettings:0       ; no bokeh simulation when gathering]]
[2019.02.21-12.50.28:977][  0]LogConfig: Setting CVar [[r.DOF.Gather.RingCount:4                 ; medium number of samples when gathering]]
[2019.02.21-12.50.28:977][  0]LogConfig: Setting CVar [[r.DOF.Scatter.ForegroundCompositing:1    ; additive foreground scattering]]
[2019.02.21-12.50.28:977][  0]LogConfig: Setting CVar [[r.DOF.Scatter.BackgroundCompositing:2    ; additive background scattering]]
[2019.02.21-12.50.28:977][  0]LogConfig: Setting CVar [[r.DOF.Scatter.EnableBokehSettings:1      ; bokeh simulation when scattering]]
[2019.02.21-12.50.28:977][  0]LogConfig: Setting CVar [[r.DOF.Scatter.MaxSpriteRatio:0.1         ; only a maximum of 10% of scattered bokeh]]
[2019.02.21-12.50.28:977][  0]LogConfig: Setting CVar [[r.DOF.Recombine.Quality:1                ; cheap slight out of focus]]
[2019.02.21-12.50.28:977][  0]LogConfig: Setting CVar [[r.DOF.Recombine.EnableBokehSettings:0    ; no bokeh simulation on slight out of focus]]
[2019.02.21-12.50.28:977][  0]LogConfig: Setting CVar [[r.DOF.TemporalAAQuality:1                ; more stable temporal accumulation]]
[2019.02.21-12.50.28:977][  0]LogConfig: Setting CVar [[r.DOF.Kernel.MaxForegroundRadius:0.025]]
[2019.02.21-12.50.28:977][  0]LogConfig: Setting CVar [[r.DOF.Kernel.MaxBackgroundRadius:0.025]]
[2019.02.21-12.50.28:977][  0]LogConfig: Applying CVar settings from Section [TextureQuality@3] File [D:/Projets/Unreal/Unreal_EndlessRunner/EndlessRunnerSeb/EndlessRunnerLuc/Saved/Config/Windows/Scalability.ini]
[2019.02.21-12.50.28:977][  0]LogConfig: Setting CVar [[r.Streaming.MipBias:0]]
[2019.02.21-12.50.28:977][  0]LogConfig: Setting CVar [[r.Streaming.AmortizeCPUToGPUCopy:0]]
[2019.02.21-12.50.28:977][  0]LogConfig: Setting CVar [[r.Streaming.MaxNumTexturesToStreamPerFrame:0]]
[2019.02.21-12.50.28:977][  0]LogConfig: Setting CVar [[r.Streaming.Boost:1]]
[2019.02.21-12.50.28:977][  0]LogConfig: Setting CVar [[r.MaxAnisotropy:8]]
[2019.02.21-12.50.28:977][  0]LogConfig: Setting CVar [[r.Streaming.LimitPoolSizeToVRAM:0]]
[2019.02.21-12.50.28:977][  0]LogConfig: Setting CVar [[r.Streaming.PoolSize:1000]]
[2019.02.21-12.50.28:977][  0]LogConfig: Setting CVar [[r.Streaming.MaxEffectiveScreenSize:0]]
[2019.02.21-12.50.28:977][  0]LogConfig: Applying CVar settings from Section [EffectsQuality@3] File [D:/Projets/Unreal/Unreal_EndlessRunner/EndlessRunnerSeb/EndlessRunnerLuc/Saved/Config/Windows/Scalability.ini]
[2019.02.21-12.50.28:977][  0]LogConfig: Setting CVar [[r.TranslucencyLightingVolumeDim:64]]
[2019.02.21-12.50.28:977][  0]LogConfig: Setting CVar [[r.RefractionQuality:2]]
[2019.02.21-12.50.28:977][  0]LogConfig: Setting CVar [[r.SSR.Quality:3]]
[2019.02.21-12.50.28:977][  0]LogConfig: Setting CVar [[r.SceneColorFormat:4]]
[2019.02.21-12.50.28:977][  0]LogConfig: Setting CVar [[r.DetailMode:2]]
[2019.02.21-12.50.28:977][  0]LogConfig: Setting CVar [[r.TranslucencyVolumeBlur:1]]
[2019.02.21-12.50.28:977][  0]LogConfig: Setting CVar [[r.MaterialQualityLevel:1 ; High quality]]
[2019.02.21-12.50.28:977][  0]LogConfig: Setting CVar [[r.SSS.Scale:1]]
[2019.02.21-12.50.28:977][  0]LogConfig: Setting CVar [[r.SSS.SampleSet:2]]
[2019.02.21-12.50.28:977][  0]LogConfig: Setting CVar [[r.SSS.Quality:1]]
[2019.02.21-12.50.28:977][  0]LogConfig: Setting CVar [[r.SSS.HalfRes:1]]
[2019.02.21-12.50.28:978][  0]LogConfig: Setting CVar [[r.EmitterSpawnRateScale:1.0]]
[2019.02.21-12.50.28:978][  0]LogConfig: Setting CVar [[r.ParticleLightQuality:2]]
[2019.02.21-12.50.28:979][  0]LogConfig: Applying CVar settings from Section [FoliageQuality@3] File [D:/Projets/Unreal/Unreal_EndlessRunner/EndlessRunnerSeb/EndlessRunnerLuc/Saved/Config/Windows/Scalability.ini]
[2019.02.21-12.50.28:979][  0]LogConfig: Setting CVar [[foliage.DensityScale:1.0]]
[2019.02.21-12.50.28:979][  0]LogConfig: Setting CVar [[grass.DensityScale:1.0]]
[2019.02.21-12.50.28:979][  0]LogConfig: Applying CVar settings from Section [Startup] File [../../../Engine/Config/ConsoleVariables.ini]
[2019.02.21-12.50.28:979][  0]LogConfig: Setting CVar [[net.UseAdaptiveNetUpdateFrequency:0]]
[2019.02.21-12.50.28:979][  0]LogConfig: Applying CVar settings from Section [ConsoleVariables] File [D:/Projets/Unreal/Unreal_EndlessRunner/EndlessRunnerSeb/EndlessRunnerLuc/Saved/Config/Windows/Engine.ini]
[2019.02.21-12.50.28:979][  0]LogInit: Computer: DESKTOP-2U8UHNV
[2019.02.21-12.50.28:979][  0]LogInit: User: benji
[2019.02.21-12.50.28:979][  0]LogInit: CPU Page size=4096, Cores=6
[2019.02.21-12.50.28:979][  0]LogInit: High frequency timer resolution =2.156249 MHz
[2019.02.21-12.50.28:979][  0]LogMemory: Memory total: Physical=15.9GB (16GB approx)
[2019.02.21-12.50.28:979][  0]LogMemory: Platform Memory Stats for Windows
[2019.02.21-12.50.28:979][  0]LogMemory: Process Physical Memory: 103.67 MB used, 103.67 MB peak
[2019.02.21-12.50.28:979][  0]LogMemory: Process Virtual Memory: 86.76 MB used, 86.76 MB peak
[2019.02.21-12.50.28:979][  0]LogMemory: Physical Memory: 6851.74 MB used,  9391.92 MB free, 16243.66 MB total
[2019.02.21-12.50.28:979][  0]LogMemory: Virtual Memory: 4660.24 MB used,  134213064.00 MB free, 134217728.00 MB total
[2019.02.21-12.50.29:031][  0]LogInit: Using OS detected language (fr-FR).
[2019.02.21-12.50.29:031][  0]LogInit: Using OS detected locale (fr-FR).
[2019.02.21-12.50.29:033][  0]LogTextLocalizationManager: No specific localization for 'fr-FR' exists, so the 'fr' localization will be used.
[2019.02.21-12.50.29:036][  0]LogStreaming: Display: Took  0.005s to InitEngineTextLocalization.
[2019.02.21-12.50.29:037][  0]LogInit: Setting process to per monitor DPI aware
[2019.02.21-12.50.29:108][  0]LogSlate: New Slate User Created.  User Index 0, Is Virtual User: 0
[2019.02.21-12.50.29:108][  0]LogSlate: Slate User Registered.  User Index 0, Is Virtual User: 0
[2019.02.21-12.50.29:651][  0]LogHMD: Failed to initialize OpenVR with code 110
[2019.02.21-12.50.29:651][  0]LogD3D11RHI: D3D11 adapters:
[2019.02.21-12.50.29:837][  0]LogD3D11RHI:    0. 'NVIDIA GeForce GTX 1060 with Max-Q Design' (Feature Level 11_0)
[2019.02.21-12.50.29:837][  0]LogD3D11RHI:       6052/0/8121 MB DedicatedVideo/DedicatedSystem/SharedSystem, Outputs:1, VendorId:0x10de
[2019.02.21-12.50.29:878][  0]LogD3D11RHI:    1. 'Intel(R) UHD Graphics 630' (Feature Level 11_0)
[2019.02.21-12.50.29:878][  0]LogD3D11RHI:       128/0/8121 MB DedicatedVideo/DedicatedSystem/SharedSystem, Outputs:0, VendorId:0x8086
[2019.02.21-12.50.29:884][  0]LogD3D11RHI:    2. 'Microsoft Basic Render Driver' (Feature Level 11_0)
[2019.02.21-12.50.29:884][  0]LogD3D11RHI:       0/0/8121 MB DedicatedVideo/DedicatedSystem/SharedSystem, Outputs:0, VendorId:0x1414
[2019.02.21-12.50.29:884][  0]LogD3D11RHI: Chosen D3D11 Adapter: 0
[2019.02.21-12.50.29:952][  0]LogD3D11RHI: Creating new Direct3DDevice
[2019.02.21-12.50.29:953][  0]LogD3D11RHI:     GPU DeviceId: 0x1c20 (for the marketing name, search the web for "GPU Device Id")
[2019.02.21-12.50.29:953][  0]LogWindows: EnumDisplayDevices:
[2019.02.21-12.50.29:953][  0]LogWindows:    0. 'Intel(R) UHD Graphics 630' (P:1 D:1)
[2019.02.21-12.50.29:954][  0]LogWindows:    1. 'Intel(R) UHD Graphics 630' (P:0 D:0)
[2019.02.21-12.50.29:955][  0]LogWindows:    2. 'Intel(R) UHD Graphics 630' (P:0 D:0)
[2019.02.21-12.50.29:955][  0]LogWindows:    3. 'NVIDIA GeForce GTX 1060 with Max-Q Design' (P:0 D:0)
[2019.02.21-12.50.29:956][  0]LogWindows: DebugString: PrimaryIsNotTheChoosenAdapter PrimaryIsNotTheChoosenAdapter PrimaryIsNotTheChoosenAdapter 
[2019.02.21-12.50.29:956][  0]LogD3D11RHI:     Adapter Name: NVIDIA GeForce GTX 1060 with Max-Q Design
[2019.02.21-12.50.29:956][  0]LogD3D11RHI:   Driver Version: 411.63 (internal:24.21.14.1163, unified:411.63)
[2019.02.21-12.50.29:956][  0]LogD3D11RHI:      Driver Date: 9-18-2018
[2019.02.21-12.50.29:956][  0]LogRHI: Texture pool is 4236 MB (70% of 6052 MB)
[2019.02.21-12.50.30:063][  0]LogD3D11RHI: Async texture creation enabled
[2019.02.21-12.50.30:104][  0]LogD3D11RHI: GPU Timing Frequency: 1000.000000 (Debug: 2 2)
[2019.02.21-12.50.30:863][  0]LogTemp: Display: Loaded TP AllDesktopTargetPlatform
[2019.02.21-12.50.30:891][  0]LogTemp: Display: Loaded TP MacClientTargetPlatform
[2019.02.21-12.50.30:933][  0]LogTemp: Display: Loaded TP MacNoEditorTargetPlatform
[2019.02.21-12.50.30:964][  0]LogTemp: Display: Loaded TP MacServerTargetPlatform
[2019.02.21-12.50.31:009][  0]LogTemp: Display: Loaded TP MacTargetPlatform
[2019.02.21-12.50.31:056][  0]LogTemp: Display: Loaded TP WindowsClientTargetPlatform
[2019.02.21-12.50.31:088][  0]LogTemp: Display: Loaded TP WindowsNoEditorTargetPlatform
[2019.02.21-12.50.31:115][  0]LogTemp: Display: Loaded TP WindowsServerTargetPlatform
[2019.02.21-12.50.31:126][  0]LogTemp: Display: Loaded TP WindowsTargetPlatform
[2019.02.21-12.50.31:312][  0]LogTemp: Display: Loaded TP AndroidTargetPlatform
[2019.02.21-12.50.31:312][  0]LogTemp: Display: Loaded TP AndroidTargetPlatform
[2019.02.21-12.50.31:312][  0]LogTemp: Display: Loaded TP AndroidTargetPlatform
[2019.02.21-12.50.31:312][  0]LogTemp: Display: Loaded TP AndroidTargetPlatform
[2019.02.21-12.50.31:312][  0]LogTemp: Display: Loaded TP AndroidTargetPlatform
[2019.02.21-12.50.31:312][  0]LogTemp: Display: Loaded TP AndroidTargetPlatform
[2019.02.21-12.50.31:312][  0]LogTemp: Display: Loaded TP AndroidTargetPlatform
[2019.02.21-12.50.31:312][  0]LogTemp: Display: Loaded TP AndroidTargetPlatform
[2019.02.21-12.50.31:312][  0]LogTemp: Display: Loaded TP AndroidTargetPlatform
[2019.02.21-12.50.31:312][  0]LogTemp: Display: Loaded TP AndroidTargetPlatform
[2019.02.21-12.50.31:312][  0]LogTemp: Display: Loaded TP AndroidTargetPlatform
[2019.02.21-12.50.31:312][  0]LogTemp: Display: Loaded TP AndroidTargetPlatform
[2019.02.21-12.50.31:312][  0]LogTemp: Display: Loaded TP AndroidTargetPlatform
[2019.02.21-12.50.31:312][  0]LogTemp: Display: Loaded TP AndroidTargetPlatform
[2019.02.21-12.50.31:312][  0]LogTemp: Display: Loaded TP AndroidTargetPlatform
[2019.02.21-12.50.31:312][  0]LogTemp: Display: Loaded TP AndroidTargetPlatform
[2019.02.21-12.50.31:313][  0]LogTemp: Display: Loaded TP AndroidTargetPlatform
[2019.02.21-12.50.31:313][  0]LogTemp: Display: Loaded TP AndroidTargetPlatform
[2019.02.21-12.50.31:315][  0]LogTemp: Display: Loaded TP HTML5TargetPlatform
[2019.02.21-12.50.31:410][  0]LogTemp: Display: Loaded TP IOSTargetPlatform
[2019.02.21-12.50.31:410][  0]LogTemp: Display: Loaded TP IOSTargetPlatform
[2019.02.21-12.50.31:465][  0]LogTemp: Display: Loaded TP TVOSTargetPlatform
[2019.02.21-12.50.31:465][  0]LogTemp: Display: Loaded TP TVOSTargetPlatform
[2019.02.21-12.50.31:489][  0]LogTemp: Display: Loaded TP LinuxClientTargetPlatform
[2019.02.21-12.50.31:513][  0]LogTemp: Display: Loaded TP LinuxNoEditorTargetPlatform
[2019.02.21-12.50.31:535][  0]LogTemp: Display: Loaded TP LinuxServerTargetPlatform
[2019.02.21-12.50.31:565][  0]LogTemp: Display: Loaded TP LinuxTargetPlatform
[2019.02.21-12.50.31:651][  0]LogTemp: Display: Loaded TP LuminTargetPlatform
[2019.02.21-12.50.31:651][  0]LogTemp: Display: Loaded TP LuminTargetPlatform
[2019.02.21-12.50.31:651][  0]LogTargetPlatformManager: Display: Building Assets For Windows
[2019.02.21-12.50.31:743][  0]LogShaderCompilers: Guid format shader working directory is -42 characters bigger than the processId version (../../../../../../Projets/Unreal/Unreal_EndlessRunner/EndlessRunnerSeb/EndlessRunnerLuc/Intermediate/Shaders/WorkingDirectory/21848/).
[2019.02.21-12.50.31:743][  0]LogShaderCompilers: Cleaned the shader compiler working directory 'C:/Users/benji/AppData/Local/Temp/UnrealShaderWorkingDir/D9FA0A7B41AFEAB6D2C4A4BA64A85D86/'.
[2019.02.21-12.50.31:746][  0]LogXGEController: Cleaning working directory: C:/Users/benji/AppData/Local/Temp/UnrealXGEWorkingDir/
[2019.02.21-12.50.31:746][  0]LogXGEController: Cannot use XGE Controller as Incredibuild is not installed on this machine.
[2019.02.21-12.50.31:746][  0]LogShaderCompilers: Cannot use XGE Shader Compiler as Incredibuild is not installed on this machine.
[2019.02.21-12.50.31:747][  0]LogShaderCompilers: Display: Using Local Shader Compiler.
[2019.02.21-12.50.32:796][  0]LogDerivedDataCache: Display: Max Cache Size: 512 MB
[2019.02.21-12.50.32:888][  0]LogDerivedDataCache: Loaded boot cache 0.09s 71MB C:/Users/benji/AppData/Local/UnrealEngine/4.21/DerivedDataCache/Boot.ddc.
[2019.02.21-12.50.32:888][  0]LogDerivedDataCache: Display: Loaded Boot cache: C:/Users/benji/AppData/Local/UnrealEngine/4.21/DerivedDataCache/Boot.ddc
[2019.02.21-12.50.32:888][  0]LogDerivedDataCache: FDerivedDataBackendGraph:  Pak pak cache file ../../../../../../Projets/Unreal/Unreal_EndlessRunner/EndlessRunnerSeb/EndlessRunnerLuc/DerivedDataCache/DDC.ddp not found, will not use a pak cache.
[2019.02.21-12.50.32:888][  0]LogDerivedDataCache: Unable to find inner node Pak for hierarchical cache Hierarchy.
[2019.02.21-12.50.32:888][  0]LogDerivedDataCache: FDerivedDataBackendGraph:  CompressedPak pak cache file ../../../../../../Projets/Unreal/Unreal_EndlessRunner/EndlessRunnerSeb/EndlessRunnerLuc/DerivedDataCache/Compressed.ddp not found, will not use a pak cache.
[2019.02.21-12.50.32:888][  0]LogDerivedDataCache: Unable to find inner node CompressedPak for hierarchical cache Hierarchy.
[2019.02.21-12.50.32:914][  0]LogDerivedDataCache: Display: Pak cache opened for reading ../../../Engine/DerivedDataCache/Compressed.ddp.
[2019.02.21-12.50.32:914][  0]LogDerivedDataCache: FDerivedDataBackendGraph:  EnterprisePak pak cache file ../../../Enterprise/DerivedDataCache/Compressed.ddp not found, will not use a pak cache.
[2019.02.21-12.50.32:914][  0]LogDerivedDataCache: Unable to find inner node EnterprisePak for hierarchical cache Hierarchy.
[2019.02.21-12.50.32:929][  0]LogDerivedDataCache: Using Local data cache path C:/Users/benji/AppData/Local/UnrealEngine/Common/DerivedDataCache: Writable
[2019.02.21-12.50.32:929][  0]LogDerivedDataCache: Shared data cache path not found in *engine.ini, will not use an Shared cache.
[2019.02.21-12.50.32:929][  0]LogDerivedDataCache: Unable to find inner node Shared for hierarchical cache Hierarchy.
[2019.02.21-12.50.32:986][  0]LogMaterial: Verifying Global Shaders for PCD3D_SM5
[2019.02.21-12.50.32:991][  0]LogSlate: Using FreeType 2.6.0
[2019.02.21-12.50.32:992][  0]LogSlate: SlateFontServices - WITH_FREETYPE: 1, WITH_HARFBUZZ: 1
[2019.02.21-12.50.33:175][  0]LogAssetRegistry: FAssetRegistry took 0.0494 seconds to start up
[2019.02.21-12.50.34:036][  0]LogInit: Selected Device Profile: [Windows]
[2019.02.21-12.50.34:390][  0]LogSimplygon: Simplygon DLL not present - disabling.
[2019.02.21-12.50.34:399][  0]LogMeshReduction: Using SimplygonSwarm for distributed automatic mesh merging
[2019.02.21-12.50.34:400][  0]LogMeshReduction: Using ProxyLODMeshReduction for automatic mesh merging
[2019.02.21-12.50.34:400][  0]LogMeshReduction: Using QuadricMeshReduction for automatic static mesh reduction
[2019.02.21-12.50.34:400][  0]LogMeshReduction: No automatic skeletal mesh reduction module available
[2019.02.21-12.50.34:431][  0]LogNetVersion: EndlessRunnerLuc 1.0.0, NetCL: 4541578, EngineNetVer: 5, GameNetVer: 0 (Checksum: 1870671026)
[2019.02.21-12.50.35:703][  0]LogPackageLocalizationCache: Processed 11 localized package path(s) for 2 prioritized culture(s) in 0.211913 seconds
[2019.02.21-12.50.35:715][  0]LogUObjectArray: 39775 objects as part of root set at end of initial load.
[2019.02.21-12.50.35:715][  0]LogUObjectAllocator: 6914664 out of 0 bytes used by permanent object pool.
[2019.02.21-12.50.35:715][  0]LogUObjectArray: CloseDisregardForGC: 0/0 objects in disregard for GC pool
[2019.02.21-12.50.37:674][  0]LogTcpMessaging: Initializing TcpMessaging bridge
[2019.02.21-12.50.37:690][  0]LogUdpMessaging: Initializing bridge on interface 0.0.0.0:0 to multicast group 230.0.0.1:6666.
[2019.02.21-12.50.39:295][  0]SourceControl: Source control is disabled
[2019.02.21-12.50.39:295][  0]SourceControl: Source control is disabled
[2019.02.21-12.50.39:298][  0]SourceControl: Source control is disabled
[2019.02.21-12.50.39:300][  0]SourceControl: Source control is disabled
[2019.02.21-12.50.39:538][  0]LogAndroidPermission: UAndroidPermissionCallbackProxy::GetInstance
[2019.02.21-12.50.39:729][  0]LogOcInput: OculusInput pre-init called
[2019.02.21-12.50.39:955][  0]LogEngine: Initializing Engine...
[2019.02.21-12.50.39:958][  0]LogHMD: Failed to initialize OpenVR with code 110
[2019.02.21-12.50.39:961][  0]LogStats: UGameplayTagsManager::ConstructGameplayTagTree: ImportINI prefixes -  0.000 s
[2019.02.21-12.50.39:961][  0]LogStats: UGameplayTagsManager::ConstructGameplayTagTree: Construct from data asset -  0.000 s
[2019.02.21-12.50.39:962][  0]LogStats: UGameplayTagsManager::ConstructGameplayTagTree: ImportINI -  0.000 s
[2019.02.21-12.50.39:962][  0]LogStats: UGameplayTagsManager::ConstructGameplayTagTree: GameplayTagTreeChangedEvent.Broadcast -  0.000 s
[2019.02.21-12.50.40:520][  0]LogInit: Initializing FReadOnlyCVARCache
[2019.02.21-12.50.40:539][  0]LogAIModule: Creating AISystem for world Untitled
[2019.02.21-12.50.40:699][  0]LogInit: XAudio2 using 'Headset Earphone (Razer Kraken 7.1 V2)' : 2 channels at 48 kHz using 16 bits per sample (channel mask 0x3)
[2019.02.21-12.50.40:864][  0]LogInit: FAudioDevice initialized.
[2019.02.21-12.50.40:865][  0]LogNetVersion: Set ProjectVersion to 1.0.0.0. Version Checksum will be recalculated on next use.
[2019.02.21-12.50.41:027][  0]LogDerivedDataCache: Saved boot cache 0.16s 71MB C:/Users/benji/AppData/Local/UnrealEngine/4.21/DerivedDataCache/Boot.ddc.
[2019.02.21-12.50.41:061][  0]LogInit: Texture streaming: Enabled
[2019.02.21-12.50.41:089][  0]LogEngineSessionManager: EngineSessionManager initialized
[2019.02.21-12.50.41:089][  0]LogEngineSessionManager: EngineSessionManager sent abnormal shutdown report. Type=Crashed, SessionId={6E28A260-47E5-187A-F5D4-0D9C0F03ED89}
[2019.02.21-12.50.41:113][  0]LogInit: Transaction tracking system initialized
[2019.02.21-12.50.41:153][  0]BlueprintLog: New page: Editor Load
[2019.02.21-12.50.41:276][  0]LocalizationService: Localization service is disabled
[2019.02.21-12.50.42:484][  0]LogFileCache: Scanning file cache for directory 'D:/Projets/Unreal/Unreal_EndlessRunner/EndlessRunnerSeb/EndlessRunnerLuc/Content/' took 0.02s
[2019.02.21-12.50.42:485][  0]LogCook: Display: Max memory allowance for cook 16384mb min free memory 0mb
[2019.02.21-12.50.42:485][  0]LogCook: Display: Mobile HDR setting 1
[2019.02.21-12.50.42:485][  0]LogGameplayTags: Display: UGameplayTagsManager::DoneAddingNativeTags. DelegateIsBound: 0
[2019.02.21-12.50.42:485][  0]LogStats: UGameplayTagsManager::ConstructGameplayTagTree: ImportINI prefixes -  0.000 s
[2019.02.21-12.50.42:485][  0]LogStats: UGameplayTagsManager::ConstructGameplayTagTree: Construct from data asset -  0.000 s
[2019.02.21-12.50.42:485][  0]LogStats: UGameplayTagsManager::ConstructGameplayTagTree: ImportINI -  0.000 s
[2019.02.21-12.50.42:485][  0]LogStats: UGameplayTagsManager::ConstructGameplayTagTree: GameplayTagTreeChangedEvent.Broadcast -  0.000 s
[2019.02.21-12.50.42:720][  0]SourceControl: Source control is disabled
[2019.02.21-12.50.42:720][  0]Cmd: MAP LOAD FILE="../../../../../../Projets/Unreal/Unreal_EndlessRunner/EndlessRunnerSeb/EndlessRunnerLuc/Content/Benji/BenjiScene.umap" TEMPLATE=0 SHOWPROGRESS=1 FEATURELEVEL=3
[2019.02.21-12.50.42:720][  0]LightingResults: New page: Lighting Build
[2019.02.21-12.50.42:724][  0]MapCheck: New page: Map Check
[2019.02.21-12.50.42:724][  0]LightingResults: New page: Lighting Build
[2019.02.21-12.50.43:047][  0]LogAIModule: Creating AISystem for world BenjiScene
[2019.02.21-12.50.43:060][  0]LogEditorServer: Finished looking for orphan Actors (0.000 secs)
[2019.02.21-12.50.43:127][  0]Cmd: MAP CHECKDEP NOCLEARLOG
[2019.02.21-12.50.43:127][  0]MapCheck: Map check complete: 0 Error(s), 0 Warning(s), took 0,186ms to complete.
[2019.02.21-12.50.43:127][  0]LogFileHelpers: Loading map 'BenjiScene' took 0.407
[2019.02.21-12.50.43:391][  0]LogSlate: Updating window title bar state: overlay mode, drag disabled, window buttons hidden, title bar hidden
[2019.02.21-12.50.43:409][  0]LogSlate: Updating window title bar state: overlay mode, drag disabled, window buttons hidden, title bar hidden
[2019.02.21-12.50.43:428][  0]LogSlate: Updating window title bar state: overlay mode, drag disabled, window buttons hidden, title bar hidden
[2019.02.21-12.50.43:446][  0]LogSlate: Updating window title bar state: overlay mode, drag disabled, window buttons hidden, title bar hidden
[2019.02.21-12.50.43:458][  0]LogCollectionManager: Loaded 0 collections in 0.004130 seconds
[2019.02.21-12.50.43:503][  0]LogFileCache: Scanning file cache for directory 'D:/Projets/Unreal/Unreal_EndlessRunner/EndlessRunnerSeb/EndlessRunnerLuc/Saved/Collections/' took 0.01s
[2019.02.21-12.50.43:503][  0]LogFileCache: Scanning file cache for directory 'D:/Projets/Unreal/Unreal_EndlessRunner/EndlessRunnerSeb/EndlessRunnerLuc/Content/Developers/benji/Collections/' took 0.01s
[2019.02.21-12.50.43:503][  0]LogFileCache: Scanning file cache for directory 'D:/Projets/Unreal/Unreal_EndlessRunner/EndlessRunnerSeb/EndlessRunnerLuc/Content/Collections/' took 0.01s
[2019.02.21-12.50.43:503][  0]LogCollectionManager: Rebuilt the GUID cache for 0 collections in 0.000000 seconds
[2019.02.21-12.50.43:524][  0]LogContentBrowser: Native class hierarchy populated in 0.0198 seconds. Added 2651 classes and 620 folders.
[2019.02.21-12.50.43:534][  0]LogContentBrowser: Native class hierarchy updated for 'WidgetCarousel' in 0.0005 seconds. Added 0 classes and 0 folders.
[2019.02.21-12.50.43:539][  0]LogPakFile: Registered encryption key '00000000000000000000000000000000': 0 pak files mounted, 0 remain pending
[2019.02.21-12.50.43:540][  0]LogPakFile: Registered encryption key '00000000000000000000000000000000': 0 pak files mounted, 0 remain pending
[2019.02.21-12.50.43:541][  0]LogPakFile: Registered encryption key '00000000000000000000000000000000': 0 pak files mounted, 0 remain pending
[2019.02.21-12.50.43:542][  0]LogPakFile: Registered encryption key '00000000000000000000000000000000': 0 pak files mounted, 0 remain pending
[2019.02.21-12.50.43:543][  0]LogPakFile: Registered encryption key '00000000000000000000000000000000': 0 pak files mounted, 0 remain pending
[2019.02.21-12.50.43:544][  0]LogPakFile: Registered encryption key '00000000000000000000000000000000': 0 pak files mounted, 0 remain pending
[2019.02.21-12.50.43:545][  0]LogPakFile: Registered encryption key '00000000000000000000000000000000': 0 pak files mounted, 0 remain pending
[2019.02.21-12.50.43:546][  0]LogPakFile: Registered encryption key '00000000000000000000000000000000': 0 pak files mounted, 0 remain pending
[2019.02.21-12.50.43:547][  0]LogPakFile: Registered encryption key '00000000000000000000000000000000': 0 pak files mounted, 0 remain pending
[2019.02.21-12.50.43:549][  0]LogPakFile: Registered encryption key '00000000000000000000000000000000': 0 pak files mounted, 0 remain pending
[2019.02.21-12.50.43:550][  0]LogPakFile: Registered encryption key '00000000000000000000000000000000': 0 pak files mounted, 0 remain pending
[2019.02.21-12.50.43:551][  0]LogPakFile: Registered encryption key '00000000000000000000000000000000': 0 pak files mounted, 0 remain pending
[2019.02.21-12.50.43:552][  0]LogPakFile: Registered encryption key '00000000000000000000000000000000': 0 pak files mounted, 0 remain pending
[2019.02.21-12.50.43:553][  0]LogPakFile: Registered encryption key '00000000000000000000000000000000': 0 pak files mounted, 0 remain pending
[2019.02.21-12.50.43:554][  0]LogPakFile: Registered encryption key '00000000000000000000000000000000': 0 pak files mounted, 0 remain pending
[2019.02.21-12.50.43:554][  0]LogPakFile: Registered encryption key '00000000000000000000000000000000': 0 pak files mounted, 0 remain pending
[2019.02.21-12.50.43:555][  0]LogPakFile: Registered encryption key '00000000000000000000000000000000': 0 pak files mounted, 0 remain pending
[2019.02.21-12.50.43:556][  0]LogPakFile: Registered encryption key '00000000000000000000000000000000': 0 pak files mounted, 0 remain pending
[2019.02.21-12.50.43:558][  0]LogPakFile: Registered encryption key '00000000000000000000000000000000': 0 pak files mounted, 0 remain pending
[2019.02.21-12.50.43:559][  0]LogPakFile: Registered encryption key '00000000000000000000000000000000': 0 pak files mounted, 0 remain pending
[2019.02.21-12.50.43:560][  0]LogPakFile: Registered encryption key '00000000000000000000000000000000': 0 pak files mounted, 0 remain pending
[2019.02.21-12.50.43:561][  0]LogPakFile: Registered encryption key '00000000000000000000000000000000': 0 pak files mounted, 0 remain pending
[2019.02.21-12.50.43:562][  0]LogPakFile: Registered encryption key '00000000000000000000000000000000': 0 pak files mounted, 0 remain pending
[2019.02.21-12.50.43:564][  0]LogPakFile: Registered encryption key '00000000000000000000000000000000': 0 pak files mounted, 0 remain pending
[2019.02.21-12.50.43:565][  0]LogPakFile: Registered encryption key '00000000000000000000000000000000': 0 pak files mounted, 0 remain pending
[2019.02.21-12.50.43:566][  0]LogPakFile: Registered encryption key '00000000000000000000000000000000': 0 pak files mounted, 0 remain pending
[2019.02.21-12.50.43:637][  0]LogContentBrowser: Native class hierarchy updated for 'AddContentDialog' in 0.0011 seconds. Added 0 classes and 0 folders.
[2019.02.21-12.50.43:654][  0]LogContentBrowser: Native class hierarchy updated for 'SceneOutliner' in 0.0010 seconds. Added 1 classes and 2 folders.
[2019.02.21-12.50.43:695][  0]LogSlate: Took 0.000346 seconds to synchronously load lazily loaded font '../../../Engine/Content/Slate/Fonts/Roboto-Regular.ttf' (155K)
[2019.02.21-12.50.43:700][  0]LogSlate: Took 0.000262 seconds to synchronously load lazily loaded font '../../../Engine/Content/Slate/Fonts/Roboto-Bold.ttf' (160K)
[2019.02.21-12.50.43:717][  0]LogSlate: Took 0.000424 seconds to synchronously load lazily loaded font '../../../Engine/Content/Editor/Slate/Fonts/FontAwesome.ttf' (139K)
[2019.02.21-12.50.43:939][  0]LogRenderer: Reallocating scene render targets to support 984x608 Format 10 NumSamples 1 (Frame:1).
[2019.02.21-12.50.44:217][  0]LogContentBrowser: Native class hierarchy updated for 'HierarchicalLODOutliner' in 0.0005 seconds. Added 0 classes and 0 folders.
[2019.02.21-12.50.44:218][  0]LogLoad: (Engine Initialization) Total time: 18.24 seconds
[2019.02.21-12.50.44:218][  0]LogLoad: (Engine Initialization) Total Blueprint compile time: 0.00 seconds
[2019.02.21-12.50.44:242][  0]LogWindowsTextInputMethodSystem: Display: IME system now deactivated.
[2019.02.21-12.50.44:363][  0]LogContentStreaming: Texture pool size now 1000 MB
[2019.02.21-12.50.44:610][  3]LogAssetRegistry: Asset discovery search completed in 11.4583 seconds
[2019.02.21-12.50.44:614][  3]LogCollectionManager: Rebuilt the object cache for 0 collections in 0.000000 seconds (found 0 objects)
[2019.02.21-12.50.44:615][  3]LogCollectionManager: Fixed up redirectors for 0 collections in 0.000252 seconds (updated 0 objects)
[2019.02.21-12.50.45:325][ 26]LogSlate: Took 0.000286 seconds to synchronously load lazily loaded font '../../../Engine/Content/Slate/Fonts/Roboto-Light.ttf' (167K)
[2019.02.21-12.50.48:420][114]LogSlate: Took 0.000242 seconds to synchronously load lazily loaded font '../../../Engine/Content/Slate/Fonts/Roboto-Light.ttf' (167K)
[2019.02.21-12.50.49:496][146]LogSlate: FSceneViewport::OnFocusLost() reason 0
[2019.02.21-12.50.50:016][150]LogAssetEditorManager: Opening Asset editor for Blueprint /Game/Benji/Prefab/PrefabTerrain.PrefabTerrain
[2019.02.21-12.50.51:277][150]LogContentBrowser: Native class hierarchy updated for 'BlueprintGraph' in 0.0015 seconds. Added 117 classes and 0 folders.
[2019.02.21-12.50.53:329][150]LogAssetEditorManager: Opening Asset editor for Blueprint /Game/Benji/Prefab/BP_Player.BP_Player
[2019.02.21-12.50.54:111][150]LogSlate: Took 0.000238 seconds to synchronously load lazily loaded font '../../../Engine/Content/Slate/Fonts/Roboto-BoldCondensed.ttf' (158K)
[2019.02.21-12.50.54:413][151]LogSlate: Took 0.000220 seconds to synchronously load lazily loaded font '../../../Engine/Content/Slate/Fonts/Roboto-Italic.ttf' (157K)
[2019.02.21-12.52.56:281][803]BlueprintLog: New page: Compile BP_Player
[2019.02.21-12.52.57:508][809]Cmd: OBJ SAVEPACKAGE PACKAGE="/Game/Benji/Prefab/BP_Player" FILE="../../../../../../Projets/Unreal/Unreal_EndlessRunner/EndlessRunnerSeb/EndlessRunnerLuc/Content/Benji/Prefab/BP_Player.uasset" SILENT=true
[2019.02.21-12.52.57:742][809]LogSavePackage: Moving '../../../../../../Projets/Unreal/Unreal_EndlessRunner/EndlessRunnerSeb/EndlessRunnerLuc/Saved/BP_PlayerC2DF1D6B470C7D8D78E6C0813185C1FE.tmp' to '../../../../../../Projets/Unreal/Unreal_EndlessRunner/EndlessRunnerSeb/EndlessRunnerLuc/Content/Benji/Prefab/BP_Player.uasset'
[2019.02.21-12.54.37:131][458]BlueprintLog: New page: Compile BP_Player
[2019.02.21-12.54.39:012][498]Cmd: OBJ SAVEPACKAGE PACKAGE="/Game/Benji/Prefab/BP_Player" FILE="../../../../../../Projets/Unreal/Unreal_EndlessRunner/EndlessRunnerSeb/EndlessRunnerLuc/Content/Benji/Prefab/BP_Player.uasset" SILENT=true
[2019.02.21-12.54.39:256][498]LogSavePackage: Moving '../../../../../../Projets/Unreal/Unreal_EndlessRunner/EndlessRunnerSeb/EndlessRunnerLuc/Saved/BP_Player91973325490CA7DCC0F0A4A2CEF000B9.tmp' to '../../../../../../Projets/Unreal/Unreal_EndlessRunner/EndlessRunnerSeb/EndlessRunnerLuc/Content/Benji/Prefab/BP_Player.uasset'
[2019.02.21-12.54.40:199][526]LogTemp: Repeating last play command: Selected Viewport
[2019.02.21-12.54.40:252][526]LogBlueprintUserMessages: Early PlayInEditor Detection: Level '/Game/Benji/BenjiScene.BenjiScene:PersistentLevel' has LevelScriptBlueprint '/Game/Benji/BenjiScene.BenjiScene:PersistentLevel.BenjiScene' with GeneratedClass '/Game/Benji/BenjiScene.BenjiScene_C' with ClassGeneratedBy '/Game/Benji/BenjiScene.BenjiScene:PersistentLevel.BenjiScene'
[2019.02.21-12.54.40:252][526]LogPlayLevel: PlayLevel: No blueprints needed recompiling
[2019.02.21-12.54.40:253][526]PIE: New page: PIE session: BenjiScene (21 févr. 2019 14:54:40)
[2019.02.21-12.54.40:268][526]LogPlayLevel: Creating play world package: /Game/Benji/UEDPIE_0_BenjiScene
[2019.02.21-12.54.40:272][526]LogPlayLevel: PIE: StaticDuplicateObject took: (0.003864s)
[2019.02.21-12.54.40:273][526]LogAIModule: Creating AISystem for world BenjiScene
[2019.02.21-12.54.40:274][526]LogPlayLevel: PIE: World Init took: (0.001604s)
[2019.02.21-12.54.40:274][526]LogPlayLevel: PIE: Created PIE world by copying editor world from /Game/Benji/BenjiScene.BenjiScene to /Game/Benji/UEDPIE_0_BenjiScene.BenjiScene (0.006103s)
[2019.02.21-12.54.40:354][526]LogInit: XAudio2 using 'Headset Earphone (Razer Kraken 7.1 V2)' : 2 channels at 48 kHz using 16 bits per sample (channel mask 0x3)
[2019.02.21-12.54.40:450][526]LogInit: FAudioDevice initialized.
[2019.02.21-12.54.40:478][526]LogSlate: Updating window title bar state: overlay mode, drag disabled, window buttons hidden, title bar hidden
[2019.02.21-12.54.40:666][526]LogLoad: Game class is 'EndlessRunner_C'
[2019.02.21-12.54.40:670][526]LogWorld: Bringing World /Game/Benji/UEDPIE_0_BenjiScene.BenjiScene up for play (max tick rate 60) at 2019.02.21-13.54.40
[2019.02.21-12.54.40:670][526]LogWorld: Bringing up level for play took: 0.000896
[2019.02.21-12.54.40:697][526]LogContentBrowser: Native class hierarchy updated for 'MovieSceneCapture' in 0.0007 seconds. Added 20 classes and 0 folders.
[2019.02.21-12.54.40:725][526]PIE: Play in editor start time for /Game/Benji/UEDPIE_0_BenjiScene 0,182
[2019.02.21-12.54.40:726][526]LogBlueprintUserMessages: Late PlayInEditor Detection: Level '/Game/Benji/BenjiScene.BenjiScene:PersistentLevel' has LevelScriptBlueprint '/Game/Benji/BenjiScene.BenjiScene:PersistentLevel.BenjiScene' with GeneratedClass '/Game/Benji/BenjiScene.BenjiScene_C' with ClassGeneratedBy '/Game/Benji/BenjiScene.BenjiScene:PersistentLevel.BenjiScene'
[2019.02.21-12.54.40:788][526]LogRenderer: Reallocating scene render targets to support 1292x756 Format 10 NumSamples 1 (Frame:1).
[2019.02.21-12.55.02:232][167]LogBlueprintUserMessages: Early EndPlayMap Detection: Level '/Game/Benji/BenjiScene.BenjiScene:PersistentLevel' has LevelScriptBlueprint '/Game/Benji/BenjiScene.BenjiScene:PersistentLevel.BenjiScene' with GeneratedClass '/Game/Benji/BenjiScene.BenjiScene_C' with ClassGeneratedBy '/Game/Benji/BenjiScene.BenjiScene:PersistentLevel.BenjiScene'
[2019.02.21-12.55.02:232][167]LogSlate: Updating window title bar state: overlay mode, drag disabled, window buttons hidden, title bar hidden
[2019.02.21-12.55.02:265][167]LogSlate: Window 'EndlessRunnerLuc Game Preview Standalone (64-bit/PCD3D_SM5)' being destroyed
[2019.02.21-12.55.02:322][167]LogPlayLevel: Display: Shutting down PIE online subsystems
[2019.02.21-12.55.02:323][167]LogBlueprintUserMessages: Late EndPlayMap Detection: Level '/Game/Benji/BenjiScene.BenjiScene:PersistentLevel' has LevelScriptBlueprint '/Game/Benji/BenjiScene.BenjiScene:PersistentLevel.BenjiScene' with GeneratedClass '/Game/Benji/BenjiScene.BenjiScene_C' with ClassGeneratedBy '/Game/Benji/BenjiScene.BenjiScene:PersistentLevel.BenjiScene'
[2019.02.21-12.55.02:422][168]LogPlayLevel: Display: Destroying online subsystem :Context_4
[2019.02.21-12.55.37:256][162]LogTemp: Repeating last play command: Selected Viewport
[2019.02.21-12.55.37:286][162]LogBlueprintUserMessages: Early PlayInEditor Detection: Level '/Game/Benji/BenjiScene.BenjiScene:PersistentLevel' has LevelScriptBlueprint '/Game/Benji/BenjiScene.BenjiScene:PersistentLevel.BenjiScene' with GeneratedClass '/Game/Benji/BenjiScene.BenjiScene_C' with ClassGeneratedBy '/Game/Benji/BenjiScene.BenjiScene:PersistentLevel.BenjiScene'
[2019.02.21-12.55.37:286][162]LogPlayLevel: PlayLevel: No blueprints needed recompiling
[2019.02.21-12.55.37:286][162]PIE: New page: PIE session: BenjiScene (21 févr. 2019 14:55:37)
[2019.02.21-12.55.37:287][162]LogPlayLevel: Creating play world package: /Game/Benji/UEDPIE_0_BenjiScene
[2019.02.21-12.55.37:289][162]LogPlayLevel: PIE: StaticDuplicateObject took: (0.003514s)
[2019.02.21-12.55.37:291][162]LogAIModule: Creating AISystem for world BenjiScene
[2019.02.21-12.55.37:291][162]LogPlayLevel: PIE: World Init took: (0.001125s)
[2019.02.21-12.55.37:291][162]LogPlayLevel: PIE: Created PIE world by copying editor world from /Game/Benji/BenjiScene.BenjiScene to /Game/Benji/UEDPIE_0_BenjiScene.BenjiScene (0.005036s)
[2019.02.21-12.55.37:456][162]LogInit: XAudio2 using 'Headset Earphone (Razer Kraken 7.1 V2)' : 2 channels at 48 kHz using 16 bits per sample (channel mask 0x3)
[2019.02.21-12.55.37:556][162]LogInit: FAudioDevice initialized.
[2019.02.21-12.55.37:588][162]LogSlate: Updating window title bar state: overlay mode, drag disabled, window buttons hidden, title bar hidden
[2019.02.21-12.55.37:637][162]LogLoad: Game class is 'EndlessRunner_C'
[2019.02.21-12.55.37:640][162]LogWorld: Bringing World /Game/Benji/UEDPIE_0_BenjiScene.BenjiScene up for play (max tick rate 60) at 2019.02.21-13.55.37
[2019.02.21-12.55.37:641][162]LogWorld: Bringing up level for play took: 0.001250
[2019.02.21-12.55.37:686][162]PIE: Play in editor start time for /Game/Benji/UEDPIE_0_BenjiScene 1,142
[2019.02.21-12.55.37:687][162]LogBlueprintUserMessages: Late PlayInEditor Detection: Level '/Game/Benji/BenjiScene.BenjiScene:PersistentLevel' has LevelScriptBlueprint '/Game/Benji/BenjiScene.BenjiScene:PersistentLevel.BenjiScene' with GeneratedClass '/Game/Benji/BenjiScene.BenjiScene_C' with ClassGeneratedBy '/Game/Benji/BenjiScene.BenjiScene:PersistentLevel.BenjiScene'
[2019.02.21-12.55.54:659][625]LogBlueprintUserMessages: Early EndPlayMap Detection: Level '/Game/Benji/BenjiScene.BenjiScene:PersistentLevel' has LevelScriptBlueprint '/Game/Benji/BenjiScene.BenjiScene:PersistentLevel.BenjiScene' with GeneratedClass '/Game/Benji/BenjiScene.BenjiScene_C' with ClassGeneratedBy '/Game/Benji/BenjiScene.BenjiScene:PersistentLevel.BenjiScene'
[2019.02.21-12.55.54:659][625]LogSlate: Updating window title bar state: overlay mode, drag disabled, window buttons hidden, title bar hidden
[2019.02.21-12.55.54:685][625]LogSlate: Window 'EndlessRunnerLuc Game Preview Standalone (64-bit/PCD3D_SM5)' being destroyed
[2019.02.21-12.55.54:768][625]LogPlayLevel: Display: Shutting down PIE online subsystems
[2019.02.21-12.55.54:769][625]LogBlueprintUserMessages: Late EndPlayMap Detection: Level '/Game/Benji/BenjiScene.BenjiScene:PersistentLevel' has LevelScriptBlueprint '/Game/Benji/BenjiScene.BenjiScene:PersistentLevel.BenjiScene' with GeneratedClass '/Game/Benji/BenjiScene.BenjiScene_C' with ClassGeneratedBy '/Game/Benji/BenjiScene.BenjiScene:PersistentLevel.BenjiScene'
[2019.02.21-12.55.54:943][626]LogPlayLevel: Display: Destroying online subsystem :Context_5
[2019.02.21-12.56.22:809][723]LogEditorTransaction: Undo Delete current selection
[2019.02.21-12.56.23:884][758]LogEditorTransaction: Undo Create Pin Link
[2019.02.21-12.56.24:551][778]LogEditorTransaction: Undo Move Node
[2019.02.21-12.56.25:468][802]LogEditorTransaction: Undo Create Pin Link
[2019.02.21-12.56.27:036][847]LogEditorTransaction: Undo Move Node
[2019.02.21-12.56.30:624][932]LogD3D11RHI: Timed out while waiting for GPU to catch up. (0.5 s)
[2019.02.21-12.56.30:636][932]LogD3D11RHI: Error: Result failed 
 at D:\Build\++UE4\Sync\Engine\Source\Runtime\Windows\D3D11RHI\Private\D3D11Query.cpp:140 
 with error DXGI_ERROR_DEVICE_REMOVED DXGI_ERROR_DEVICE_HUNG
[2019.02.21-12.56.30:637][932]LogD3D11RHI: [Aftermath] GDynamicRHI=000001DB3B25A100, GDX11NVAfterMathEnabled=0, Result=0xFFFFFFFF, bDeviceActive=0
[2019.02.21-12.56.30:637][932]LogWindows: Windows GetLastError: L’opération a réussi. (0)
[2019.02.21-12.56.33:245][933]LogRHI: Error: SyncInterval 0
[2019.02.21-12.56.33:245][933]LogRHI: Error: SwapChainDesc.BufferDesc.Width 1936
[2019.02.21-12.56.33:245][933]LogRHI: Error: SwapChainDesc.BufferDesc.Height 1056
[2019.02.21-12.56.33:245][933]LogRHI: Error: SwapChainDesc.BufferDesc.RefreshRate.Numerator 0
[2019.02.21-12.56.33:245][933]LogRHI: Error: SwapChainDesc.BufferDesc.RefreshRate.Denominator 0
[2019.02.21-12.56.33:245][933]LogRHI: Error: SwapChainDesc.BufferDesc.Format 24
[2019.02.21-12.56.33:245][933]LogRHI: Error: SwapChainDesc.BufferDesc.ScanlineOrdering 0
[2019.02.21-12.56.33:245][933]LogRHI: Error: SwapChainDesc.BufferDesc.Scaling 0
[2019.02.21-12.56.33:245][933]LogRHI: Error: SwapChainDesc.SampleDesc.Count 1
[2019.02.21-12.56.33:245][933]LogRHI: Error: SwapChainDesc.SampleDesc.Quality 0
[2019.02.21-12.56.33:245][933]LogRHI: Error: SwapChainDesc.BufferUsage 48
[2019.02.21-12.56.33:245][933]LogRHI: Error: SwapChainDesc.BufferCount 1
[2019.02.21-12.56.33:245][933]LogRHI: Error: SwapChainDesc.OutputWindow 0000000000150BE4
[2019.02.21-12.56.33:245][933]LogRHI: Error: SwapChainDesc.Windowed true
[2019.02.21-12.56.33:245][933]LogRHI: Error: SwapChainDesc.SwapEffect 0
[2019.02.21-12.56.33:245][933]LogRHI: Error: SwapChainDesc.Flags 2
[2019.02.21-12.56.33:245][933]LogD3D11RHI: Error: Result failed 
 at D:\Build\++UE4\Sync\Engine\Source\Runtime\Windows\D3D11RHI\Private\D3D11Viewport.cpp:361 
 with error DXGI_ERROR_DEVICE_REMOVED DXGI_ERROR_DEVICE_HUNG
[2019.02.21-12.56.33:245][933]LogD3D11RHI: [Aftermath] GDynamicRHI=000001DB3B25A100, GDX11NVAfterMathEnabled=0, Result=0xFFFFFFFF, bDeviceActive=0
[2019.02.21-12.56.33:246][933]LogWindows: FPlatformMisc::RequestExit(1)
[2019.02.21-12.56.33:247][933]Log file closed, 02/21/19 13:56:33
