Log file open, 01/30/19 10:02:20
LogWindows: Failed to load 'aqProf.dll' (GetLastError=126)
LogWindows: File 'aqProf.dll' does not exist
LogWindows: Failed to load 'VtuneApi.dll' (GetLastError=126)
LogWindows: File 'VtuneApi.dll' does not exist
LogWindows: Failed to load 'VtuneApi32e.dll' (GetLastError=126)
LogWindows: File 'VtuneApi32e.dll' does not exist
LogConsoleResponse: Display: Failed to find resolution value strings in scalability ini. Falling back to default.
LogInit: Display: Running engine for game: EndlessRunnerLuc
LogPakFile: Registered encryption key '00000000000000000000000000000000': 0 pak files mounted, 0 remain pending
LogPlatformFile: Not using cached read wrapper
LogTaskGraph: Started task graph with 5 named threads and 14 total threads with 3 sets of task threads.
LogStats: Stats thread started at 0.202784
LogD3D11RHI: Loaded GFSDK_Aftermath_Lib.x64.dll
LogICUInternationalization: ICU TimeZone Detection - Raw Offset: +1:00, Platform Override: ''
LogPluginManager: Mounting plugin Paper2D
LogPluginManager: Mounting plugin AISupport
LogPluginManager: Mounting plugin LightPropagationVolume
LogPluginManager: Mounting plugin ActorLayerUtilities
LogPluginManager: Mounting plugin CLionSourceCodeAccess
LogPluginManager: Mounting plugin CodeLiteSourceCodeAccess
LogPluginManager: Mounting plugin GitSourceControl
LogPluginManager: Mounting plugin KDevelopSourceCodeAccess
LogPluginManager: Mounting plugin NullSourceCodeAccess
LogPluginManager: Mounting plugin PerforceSourceControl
LogPluginManager: Mounting plugin SubversionSourceControl
LogPluginManager: Mounting plugin UObjectPlugin
LogPluginManager: Mounting plugin VisualStudioCodeSourceCodeAccess
LogPluginManager: Mounting plugin VisualStudioSourceCodeAccess
LogPluginManager: Mounting plugin XCodeSourceCodeAccess
LogPluginManager: Mounting plugin AssetManagerEditor
LogPluginManager: Mounting plugin CryptoKeys
LogPluginManager: Mounting plugin DataValidation
LogPluginManager: Mounting plugin FacialAnimation
LogPluginManager: Mounting plugin GameplayTagsEditor
LogPluginManager: Mounting plugin MacGraphicsSwitching
LogPluginManager: Mounting plugin MeshEditor
LogPluginManager: Mounting plugin MobileLauncherProfileWizard
LogPluginManager: Mounting plugin PluginBrowser
LogPluginManager: Mounting plugin SpeedTreeImporter
LogPluginManager: Mounting plugin DatasmithContent
LogPluginManager: Mounting plugin VariantManagerContent
LogPluginManager: Mounting plugin AlembicImporter
LogPluginManager: Mounting plugin AppleImageUtils
LogPluginManager: Mounting plugin AppleVision
LogPluginManager: Mounting plugin BackChannel
LogPluginManager: Mounting plugin CharacterAI
LogPluginManager: Mounting plugin GeometryCache
LogPluginManager: Mounting plugin HTML5Networking
LogPluginManager: Mounting plugin ProxyLODPlugin
LogPluginManager: Mounting plugin MagicLeap
LogPluginManager: Mounting plugin MagicLeapMedia
LogPluginManager: Mounting plugin AndroidMedia
LogPluginManager: Mounting plugin AvfMedia
LogPluginManager: Mounting plugin ImgMedia
LogPluginManager: Mounting plugin LinearTimecode
LogPluginManager: Mounting plugin MediaCompositing
LogPluginManager: Mounting plugin MediaPlayerEditor
LogPluginManager: Mounting plugin WebMMedia
LogPluginManager: Mounting plugin WmfMedia
LogPluginManager: Mounting plugin TcpMessaging
LogPluginManager: Mounting plugin UdpMessaging
LogPluginManager: Mounting plugin ActorSequence
LogPluginManager: Mounting plugin LevelSequenceEditor
LogPluginManager: Mounting plugin MatineeToLevelSequence
LogPluginManager: Mounting plugin NetcodeUnitTest
LogPluginManager: Mounting plugin NUTUnrealEngine4
LogPluginManager: Mounting plugin OnlineSubsystemGooglePlay
LogPluginManager: Mounting plugin OnlineSubsystemIOS
LogPluginManager: Mounting plugin OnlineSubsystem
LogPluginManager: Mounting plugin OnlineSubsystemNull
LogPluginManager: Mounting plugin OnlineSubsystemUtils
LogPluginManager: Mounting plugin LauncherChunkInstaller
LogPluginManager: Mounting plugin AndroidDeviceProfileSelector
LogPluginManager: Mounting plugin AndroidMoviePlayer
LogPluginManager: Mounting plugin AndroidPermission
LogPluginManager: Mounting plugin AppleMoviePlayer
LogPluginManager: Mounting plugin ArchVisCharacter
LogPluginManager: Mounting plugin AudioCapture
LogPluginManager: Mounting plugin CableComponent
LogPluginManager: Mounting plugin CustomMeshComponent
LogPluginManager: Mounting plugin EditableMesh
LogPluginManager: Mounting plugin ExampleDeviceProfileSelector
LogPluginManager: Mounting plugin Firebase
LogPluginManager: Mounting plugin GoogleCloudMessaging
LogPluginManager: Mounting plugin IOSDeviceProfileSelector
LogPluginManager: Mounting plugin LinuxDeviceProfileSelector
LogPluginManager: Mounting plugin LocationServicesBPLibrary
LogPluginManager: Mounting plugin MobilePatchingUtils
LogPluginManager: Mounting plugin OculusVR
LogPluginManager: Mounting plugin PhysXVehicles
LogPluginManager: Mounting plugin ProceduralMeshComponent
LogPluginManager: Mounting plugin RuntimePhysXCooking
LogPluginManager: Mounting plugin SteamVR
LogPluginManager: Mounting plugin WebMMoviePlayer
LogPluginManager: Mounting plugin WindowsMoviePlayer
LogStreaming: Display: Took  0.356s to configure plugins.
LogInit: Using libcurl 7.55.1-DEV
LogInit:  - built for x86_64-pc-win32
LogInit:  - supports SSL with OpenSSL/1.0.2h
LogInit:  - supports HTTP deflate (compression) using libz 1.2.8
LogInit:  - other features:
LogInit:      CURL_VERSION_SSL
LogInit:      CURL_VERSION_LIBZ
LogInit:      CURL_VERSION_IPV6
LogInit:      CURL_VERSION_ASYNCHDNS
LogInit:      CURL_VERSION_LARGEFILE
LogInit:      CURL_VERSION_IDN
LogInit:  CurlRequestOptions (configurable via config and command line):
LogInit:  - bVerifyPeer = true  - Libcurl will verify peer certificate
LogInit:  - bUseHttpProxy = false  - Libcurl will NOT use HTTP proxy
LogInit:  - bDontReuseConnections = false  - Libcurl will reuse connections
LogInit:  - MaxHostConnections = 16  - Libcurl will limit the number of connections to a host
LogInit:  - LocalHostAddr = Default
LogInit:  - BufferSize = 65536
LogInit: WinSock: version 1.1 (2.2), MaxSocks=32767, MaxUdp=65467
LogInit: Build: ++UE4+Release-4.21-CL-4541578
LogInit: Engine Version: 4.21.0-4541578+++UE4+Release-4.21
LogInit: Compatible Engine Version: 4.21.0-4541578+++UE4+Release-4.21
LogInit: Net CL: 4541578
LogInit: OS: Windows 10 (), CPU: Intel(R) Core(TM) i5-7300HQ CPU @ 2.50GHz, GPU: Intel(R) HD Graphics 630
LogInit: Compiled (64-bit): Nov  6 2018 02:04:24
LogInit: Compiled with Visual C++: 19.13.26129.00
LogInit: Build Configuration: Development
LogInit: Branch Name: ++UE4+Release-4.21
LogInit: Command Line:  -EpicPortal -epicusername=Metanga -epicuserid=cdafa54ddc0d4ec7acc53080c637bed9 -epiclocale=fr-FR
LogInit: Base Directory: C:/Program Files/Epic Games/UE_4.21/Engine/Binaries/Win64/
LogInit: Installed Engine Build: 1
LogDevObjectVersion: Number of dev versions registered: 22
LogDevObjectVersion:   Dev-Blueprints (B0D832E4-1F89-4F0D-ACCF-7EB736FD4AA2): 10
LogDevObjectVersion:   Dev-Build (E1C64328-A22C-4D53-A36C-8E866417BD8C): 0
LogDevObjectVersion:   Dev-Core (375EC13C-06E4-48FB-B500-84F0262A717E): 2
LogDevObjectVersion:   Dev-Editor (E4B068ED-F494-42E9-A231-DA0B2E46BB41): 26
LogDevObjectVersion:   Dev-Framework (CFFC743F-43B0-4480-9391-14DF171D2073): 34
LogDevObjectVersion:   Dev-Mobile (B02B49B5-BB20-44E9-A304-32B752E40360): 2
LogDevObjectVersion:   Dev-Networking (A4E4105C-59A1-49B5-A7C5-40C4547EDFEE): 0
LogDevObjectVersion:   Dev-Online (39C831C9-5AE6-47DC-9A44-9C173E1C8E7C): 0
LogDevObjectVersion:   Dev-Physics (78F01B33-EBEA-4F98-B9B4-84EACCB95AA2): 0
LogDevObjectVersion:   Dev-Platform (6631380F-2D4D-43E0-8009-CF276956A95A): 0
LogDevObjectVersion:   Dev-Rendering (12F88B9F-8875-4AFC-A67C-D90C383ABD29): 27
LogDevObjectVersion:   Dev-Sequencer (7B5AE74C-D270-4C10-A958-57980B212A5A): 9
LogDevObjectVersion:   Dev-VR (D7296918-1DD6-4BDD-9DE2-64A83CC13884): 2
LogDevObjectVersion:   Dev-LoadTimes (C2A15278-BFE7-4AFE-6C17-90FF531DF755): 1
LogDevObjectVersion:   Private-Geometry (6EACA3D4-40EC-4CC1-B786-8BED09428FC5): 3
LogDevObjectVersion:   Dev-AnimPhys (29E575DD-E0A3-4627-9D10-D276232CDCEA): 17
LogDevObjectVersion:   Dev-Anim (AF43A65D-7FD3-4947-9873-3E8ED9C1BB05): 2
LogDevObjectVersion:   Dev-ReflectionCapture (6B266CEC-1EC7-4B8F-A30B-E4D90942FC07): 1
LogDevObjectVersion:   Dev-Automation (0DF73D61-A23F-47EA-B727-89E90C41499A): 1
LogDevObjectVersion:   FortniteMain (601D1886-AC64-4F84-AA16-D3DE0DEAC7D6): 17
LogDevObjectVersion:   Dev-Enterprise (9DFFBCD6-494F-0158-E221-12823C92A888): 4
LogDevObjectVersion:   Dev-Niagara (F2AED0AC-9AFE-416F-8664-AA7FFA26D6FC): 1
LogStreaming: Display: Took  0.000s to delete old logs.
LogInit: Presizing for max 8388607 objects, including 0 objects not considered by GC, pre-allocating 0 bytes for permanent pool.
LogInit: Object subsystem initialized
LogConfig: Setting CVar [[con.DebugEarlyDefault:1]]
LogConfig: Setting CVar [[r.setres:1280x720]]
[2019.01.30-09.02.21:172][  0]LogConfig: Setting CVar [[r.VSync:0]]
[2019.01.30-09.02.21:172][  0]LogConfig: Setting CVar [[r.RHICmdBypass:0]]
[2019.01.30-09.02.21:172][  0]LogConfig: Applying CVar settings from Section [/Script/Engine.RendererSettings] File [C:/Users/lucas/Documents/Unreal Projects/EndlessRunner/EndlessRunnerSeb/EndlessRunnerLuc/Saved/Config/Windows/Engine.ini]
[2019.01.30-09.02.21:172][  0]LogConfig: Setting CVar [[r.GPUCrashDebugging:0]]
[2019.01.30-09.02.21:172][  0]LogConfig: Applying CVar settings from Section [/Script/Engine.RendererOverrideSettings] File [C:/Users/lucas/Documents/Unreal Projects/EndlessRunner/EndlessRunnerSeb/EndlessRunnerLuc/Saved/Config/Windows/Engine.ini]
[2019.01.30-09.02.21:172][  0]LogConfig: Applying CVar settings from Section [/Script/Engine.StreamingSettings] File [C:/Users/lucas/Documents/Unreal Projects/EndlessRunner/EndlessRunnerSeb/EndlessRunnerLuc/Saved/Config/Windows/Engine.ini]
[2019.01.30-09.02.21:172][  0]LogConfig: Setting CVar [[s.MinBulkDataSizeForAsyncLoading:131072]]
[2019.01.30-09.02.21:172][  0]LogConfig: Setting CVar [[s.AsyncLoadingThreadEnabled:0]]
[2019.01.30-09.02.21:172][  0]LogConfig: Setting CVar [[s.EventDrivenLoaderEnabled:1]]
[2019.01.30-09.02.21:172][  0]LogConfig: Setting CVar [[s.WarnIfTimeLimitExceeded:0]]
[2019.01.30-09.02.21:172][  0]LogConfig: Setting CVar [[s.TimeLimitExceededMultiplier:1.5]]
[2019.01.30-09.02.21:172][  0]LogConfig: Setting CVar [[s.TimeLimitExceededMinTime:0.005]]
[2019.01.30-09.02.21:172][  0]LogConfig: Setting CVar [[s.UseBackgroundLevelStreaming:1]]
[2019.01.30-09.02.21:172][  0]LogConfig: Setting CVar [[s.PriorityAsyncLoadingExtraTime:15.0]]
[2019.01.30-09.02.21:172][  0]LogConfig: Setting CVar [[s.LevelStreamingActorsUpdateTimeLimit:5.0]]
[2019.01.30-09.02.21:172][  0]LogConfig: Setting CVar [[s.PriorityLevelStreamingActorsUpdateExtraTime:5.0]]
[2019.01.30-09.02.21:172][  0]LogConfig: Setting CVar [[s.LevelStreamingComponentsRegistrationGranularity:10]]
[2019.01.30-09.02.21:172][  0]LogConfig: Setting CVar [[s.UnregisterComponentsTimeLimit:1.0]]
[2019.01.30-09.02.21:172][  0]LogConfig: Setting CVar [[s.LevelStreamingComponentsUnregistrationGranularity:5]]
[2019.01.30-09.02.21:172][  0]LogConfig: Applying CVar settings from Section [/Script/Engine.GarbageCollectionSettings] File [C:/Users/lucas/Documents/Unreal Projects/EndlessRunner/EndlessRunnerSeb/EndlessRunnerLuc/Saved/Config/Windows/Engine.ini]
[2019.01.30-09.02.21:172][  0]LogConfig: Setting CVar [[gc.MaxObjectsNotConsideredByGC:1]]
[2019.01.30-09.02.21:172][  0]LogConfig: Setting CVar [[gc.SizeOfPermanentObjectPool:0]]
[2019.01.30-09.02.21:172][  0]LogConfig: Setting CVar [[gc.FlushStreamingOnGC:0]]
[2019.01.30-09.02.21:172][  0]LogConfig: Setting CVar [[gc.NumRetriesBeforeForcingGC:10]]
[2019.01.30-09.02.21:172][  0]LogConfig: Setting CVar [[gc.AllowParallelGC:1]]
[2019.01.30-09.02.21:172][  0]LogConfig: Setting CVar [[gc.TimeBetweenPurgingPendingKillObjects:61.1]]
[2019.01.30-09.02.21:172][  0]LogConfig: Setting CVar [[gc.MaxObjectsInEditor:8388607]]
[2019.01.30-09.02.21:172][  0]LogConfig: Setting CVar [[gc.IncrementalBeginDestroyEnabled:1]]
[2019.01.30-09.02.21:172][  0]LogConfig: Setting CVar [[gc.CreateGCClusters:1]]
[2019.01.30-09.02.21:172][  0]LogConfig: Setting CVar [[gc.MergeGCClusters:0]]
[2019.01.30-09.02.21:172][  0]LogConfig: Setting CVar [[gc.MinGCClusterSize:5]]
[2019.01.30-09.02.21:172][  0]LogConfig: Setting CVar [[gc.ActorClusteringEnabled:0]]
[2019.01.30-09.02.21:172][  0]LogConfig: Setting CVar [[gc.BlueprintClusteringEnabled:0]]
[2019.01.30-09.02.21:172][  0]LogConfig: Setting CVar [[gc.UseDisregardForGCOnDedicatedServers:0]]
[2019.01.30-09.02.21:172][  0]LogConfig: Applying CVar settings from Section [/Script/Engine.NetworkSettings] File [C:/Users/lucas/Documents/Unreal Projects/EndlessRunner/EndlessRunnerSeb/EndlessRunnerLuc/Saved/Config/Windows/Engine.ini]
[2019.01.30-09.02.21:172][  0]LogConfig: Applying CVar settings from Section [/Script/UnrealEd.CookerSettings] File [C:/Users/lucas/Documents/Unreal Projects/EndlessRunner/EndlessRunnerSeb/EndlessRunnerLuc/Saved/Config/Windows/Engine.ini]
[2019.01.30-09.02.21:175][  0]LogConfig: Applying CVar settings from Section [ViewDistanceQuality@3] File [C:/Users/lucas/Documents/Unreal Projects/EndlessRunner/EndlessRunnerSeb/EndlessRunnerLuc/Saved/Config/Windows/Scalability.ini]
[2019.01.30-09.02.21:175][  0]LogConfig: Setting CVar [[r.SkeletalMeshLODBias:0]]
[2019.01.30-09.02.21:175][  0]LogConfig: Setting CVar [[r.ViewDistanceScale:1.0]]
[2019.01.30-09.02.21:175][  0]LogConfig: Applying CVar settings from Section [AntiAliasingQuality@3] File [C:/Users/lucas/Documents/Unreal Projects/EndlessRunner/EndlessRunnerSeb/EndlessRunnerLuc/Saved/Config/Windows/Scalability.ini]
[2019.01.30-09.02.21:175][  0]LogConfig: Setting CVar [[r.PostProcessAAQuality:4]]
[2019.01.30-09.02.21:175][  0]LogConfig: Applying CVar settings from Section [ShadowQuality@3] File [C:/Users/lucas/Documents/Unreal Projects/EndlessRunner/EndlessRunnerSeb/EndlessRunnerLuc/Saved/Config/Windows/Scalability.ini]
[2019.01.30-09.02.21:175][  0]LogConfig: Setting CVar [[r.LightFunctionQuality:1]]
[2019.01.30-09.02.21:175][  0]LogConfig: Setting CVar [[r.ShadowQuality:5]]
[2019.01.30-09.02.21:175][  0]LogConfig: Setting CVar [[r.Shadow.CSM.MaxCascades:10]]
[2019.01.30-09.02.21:175][  0]LogConfig: Setting CVar [[r.Shadow.MaxResolution:2048]]
[2019.01.30-09.02.21:175][  0]LogConfig: Setting CVar [[r.Shadow.MaxCSMResolution:2048]]
[2019.01.30-09.02.21:175][  0]LogConfig: Setting CVar [[r.Shadow.RadiusThreshold:0.01]]
[2019.01.30-09.02.21:175][  0]LogConfig: Setting CVar [[r.Shadow.DistanceScale:1.0]]
[2019.01.30-09.02.21:175][  0]LogConfig: Setting CVar [[r.Shadow.CSM.TransitionScale:1.0]]
[2019.01.30-09.02.21:175][  0]LogConfig: Setting CVar [[r.Shadow.PreShadowResolutionFactor:1.0]]
[2019.01.30-09.02.21:175][  0]LogConfig: Setting CVar [[r.DistanceFieldShadowing:1]]
[2019.01.30-09.02.21:175][  0]LogConfig: Setting CVar [[r.DistanceFieldAO:1]]
[2019.01.30-09.02.21:175][  0]LogConfig: Setting CVar [[r.AOQuality:2]]
[2019.01.30-09.02.21:175][  0]LogConfig: Setting CVar [[r.VolumetricFog:1]]
[2019.01.30-09.02.21:175][  0]LogConfig: Setting CVar [[r.VolumetricFog.GridPixelSize:8]]
[2019.01.30-09.02.21:175][  0]LogConfig: Setting CVar [[r.VolumetricFog.GridSizeZ:128]]
[2019.01.30-09.02.21:175][  0]LogConfig: Setting CVar [[r.VolumetricFog.HistoryMissSupersampleCount:4]]
[2019.01.30-09.02.21:176][  0]LogConfig: Setting CVar [[r.LightMaxDrawDistanceScale:1]]
[2019.01.30-09.02.21:176][  0]LogConfig: Setting CVar [[r.CapsuleShadows:1]]
[2019.01.30-09.02.21:176][  0]LogConfig: Applying CVar settings from Section [PostProcessQuality@3] File [C:/Users/lucas/Documents/Unreal Projects/EndlessRunner/EndlessRunnerSeb/EndlessRunnerLuc/Saved/Config/Windows/Scalability.ini]
[2019.01.30-09.02.21:176][  0]LogConfig: Setting CVar [[r.MotionBlurQuality:4]]
[2019.01.30-09.02.21:176][  0]LogConfig: Setting CVar [[r.AmbientOcclusionMipLevelFactor:0.4]]
[2019.01.30-09.02.21:176][  0]LogConfig: Setting CVar [[r.AmbientOcclusionMaxQuality:100]]
[2019.01.30-09.02.21:176][  0]LogConfig: Setting CVar [[r.AmbientOcclusionLevels:-1]]
[2019.01.30-09.02.21:176][  0]LogConfig: Setting CVar [[r.AmbientOcclusionRadiusScale:1.0]]
[2019.01.30-09.02.21:176][  0]LogConfig: Setting CVar [[r.DepthOfFieldQuality:2]]
[2019.01.30-09.02.21:176][  0]LogConfig: Setting CVar [[r.RenderTargetPoolMin:400]]
[2019.01.30-09.02.21:176][  0]LogConfig: Setting CVar [[r.LensFlareQuality:2]]
[2019.01.30-09.02.21:176][  0]LogConfig: Setting CVar [[r.SceneColorFringeQuality:1]]
[2019.01.30-09.02.21:176][  0]LogConfig: Setting CVar [[r.EyeAdaptationQuality:2]]
[2019.01.30-09.02.21:176][  0]LogConfig: Setting CVar [[r.BloomQuality:5]]
[2019.01.30-09.02.21:176][  0]LogConfig: Setting CVar [[r.FastBlurThreshold:100]]
[2019.01.30-09.02.21:176][  0]LogConfig: Setting CVar [[r.Upscale.Quality:3]]
[2019.01.30-09.02.21:176][  0]LogConfig: Setting CVar [[r.Tonemapper.GrainQuantization:1]]
[2019.01.30-09.02.21:176][  0]LogConfig: Setting CVar [[r.LightShaftQuality:1]]
[2019.01.30-09.02.21:176][  0]LogConfig: Setting CVar [[r.Filter.SizeScale:1]]
[2019.01.30-09.02.21:176][  0]LogConfig: Setting CVar [[r.Tonemapper.Quality:5]]
[2019.01.30-09.02.21:176][  0]LogConfig: Setting CVar [[r.DOF.Gather.AccumulatorQuality:1        ; higher gathering accumulator quality]]
[2019.01.30-09.02.21:176][  0]LogConfig: Setting CVar [[r.DOF.Gather.PostfilterMethod:1          ; Median3x3 postfilering method]]
[2019.01.30-09.02.21:176][  0]LogConfig: Setting CVar [[r.DOF.Gather.EnableBokehSettings:0       ; no bokeh simulation when gathering]]
[2019.01.30-09.02.21:176][  0]LogConfig: Setting CVar [[r.DOF.Gather.RingCount:4                 ; medium number of samples when gathering]]
[2019.01.30-09.02.21:176][  0]LogConfig: Setting CVar [[r.DOF.Scatter.ForegroundCompositing:1    ; additive foreground scattering]]
[2019.01.30-09.02.21:176][  0]LogConfig: Setting CVar [[r.DOF.Scatter.BackgroundCompositing:2    ; additive background scattering]]
[2019.01.30-09.02.21:176][  0]LogConfig: Setting CVar [[r.DOF.Scatter.EnableBokehSettings:1      ; bokeh simulation when scattering]]
[2019.01.30-09.02.21:176][  0]LogConfig: Setting CVar [[r.DOF.Scatter.MaxSpriteRatio:0.1         ; only a maximum of 10% of scattered bokeh]]
[2019.01.30-09.02.21:176][  0]LogConfig: Setting CVar [[r.DOF.Recombine.Quality:1                ; cheap slight out of focus]]
[2019.01.30-09.02.21:176][  0]LogConfig: Setting CVar [[r.DOF.Recombine.EnableBokehSettings:0    ; no bokeh simulation on slight out of focus]]
[2019.01.30-09.02.21:176][  0]LogConfig: Setting CVar [[r.DOF.TemporalAAQuality:1                ; more stable temporal accumulation]]
[2019.01.30-09.02.21:176][  0]LogConfig: Setting CVar [[r.DOF.Kernel.MaxForegroundRadius:0.025]]
[2019.01.30-09.02.21:176][  0]LogConfig: Setting CVar [[r.DOF.Kernel.MaxBackgroundRadius:0.025]]
[2019.01.30-09.02.21:176][  0]LogConfig: Applying CVar settings from Section [TextureQuality@3] File [C:/Users/lucas/Documents/Unreal Projects/EndlessRunner/EndlessRunnerSeb/EndlessRunnerLuc/Saved/Config/Windows/Scalability.ini]
[2019.01.30-09.02.21:176][  0]LogConfig: Setting CVar [[r.Streaming.MipBias:0]]
[2019.01.30-09.02.21:176][  0]LogConfig: Setting CVar [[r.Streaming.AmortizeCPUToGPUCopy:0]]
[2019.01.30-09.02.21:176][  0]LogConfig: Setting CVar [[r.Streaming.MaxNumTexturesToStreamPerFrame:0]]
[2019.01.30-09.02.21:176][  0]LogConfig: Setting CVar [[r.Streaming.Boost:1]]
[2019.01.30-09.02.21:176][  0]LogConfig: Setting CVar [[r.MaxAnisotropy:8]]
[2019.01.30-09.02.21:176][  0]LogConfig: Setting CVar [[r.Streaming.LimitPoolSizeToVRAM:0]]
[2019.01.30-09.02.21:176][  0]LogConfig: Setting CVar [[r.Streaming.PoolSize:1000]]
[2019.01.30-09.02.21:176][  0]LogConfig: Setting CVar [[r.Streaming.MaxEffectiveScreenSize:0]]
[2019.01.30-09.02.21:176][  0]LogConfig: Applying CVar settings from Section [EffectsQuality@3] File [C:/Users/lucas/Documents/Unreal Projects/EndlessRunner/EndlessRunnerSeb/EndlessRunnerLuc/Saved/Config/Windows/Scalability.ini]
[2019.01.30-09.02.21:176][  0]LogConfig: Setting CVar [[r.TranslucencyLightingVolumeDim:64]]
[2019.01.30-09.02.21:176][  0]LogConfig: Setting CVar [[r.RefractionQuality:2]]
[2019.01.30-09.02.21:176][  0]LogConfig: Setting CVar [[r.SSR.Quality:3]]
[2019.01.30-09.02.21:176][  0]LogConfig: Setting CVar [[r.SceneColorFormat:4]]
[2019.01.30-09.02.21:176][  0]LogConfig: Setting CVar [[r.DetailMode:2]]
[2019.01.30-09.02.21:176][  0]LogConfig: Setting CVar [[r.TranslucencyVolumeBlur:1]]
[2019.01.30-09.02.21:176][  0]LogConfig: Setting CVar [[r.MaterialQualityLevel:1 ; High quality]]
[2019.01.30-09.02.21:176][  0]LogConfig: Setting CVar [[r.SSS.Scale:1]]
[2019.01.30-09.02.21:176][  0]LogConfig: Setting CVar [[r.SSS.SampleSet:2]]
[2019.01.30-09.02.21:176][  0]LogConfig: Setting CVar [[r.SSS.Quality:1]]
[2019.01.30-09.02.21:176][  0]LogConfig: Setting CVar [[r.SSS.HalfRes:1]]
[2019.01.30-09.02.21:176][  0]LogConfig: Setting CVar [[r.EmitterSpawnRateScale:1.0]]
[2019.01.30-09.02.21:176][  0]LogConfig: Setting CVar [[r.ParticleLightQuality:2]]
[2019.01.30-09.02.21:176][  0]LogConfig: Applying CVar settings from Section [FoliageQuality@3] File [C:/Users/lucas/Documents/Unreal Projects/EndlessRunner/EndlessRunnerSeb/EndlessRunnerLuc/Saved/Config/Windows/Scalability.ini]
[2019.01.30-09.02.21:176][  0]LogConfig: Setting CVar [[foliage.DensityScale:1.0]]
[2019.01.30-09.02.21:176][  0]LogConfig: Setting CVar [[grass.DensityScale:1.0]]
[2019.01.30-09.02.21:176][  0]LogInit: Selected Device Profile: [Windows]
[2019.01.30-09.02.21:176][  0]LogInit: Applying CVar settings loaded from the selected device profile: [Windows]
[2019.01.30-09.02.21:191][  0]LogHAL: Display: Platform has ~ 8 GB [8503840768 / 8589934592 / 8], which maps to Default [LargestMinGB=32, LargerMinGB=12, DefaultMinGB=8, SmallerMinGB=6, SmallestMinGB=0)
[2019.01.30-09.02.21:191][  0]LogConfig: Setting CVar [[r.Vulkan.UseRealUBs:1]]
[2019.01.30-09.02.21:191][  0]LogInit: Going up to parent DeviceProfile []
[2019.01.30-09.02.21:191][  0]LogConfig: Applying CVar settings from Section [ViewDistanceQuality@3] File [C:/Users/lucas/Documents/Unreal Projects/EndlessRunner/EndlessRunnerSeb/EndlessRunnerLuc/Saved/Config/Windows/Scalability.ini]
[2019.01.30-09.02.21:191][  0]LogConfig: Setting CVar [[r.SkeletalMeshLODBias:0]]
[2019.01.30-09.02.21:191][  0]LogConfig: Setting CVar [[r.ViewDistanceScale:1.0]]
[2019.01.30-09.02.21:191][  0]LogConfig: Applying CVar settings from Section [AntiAliasingQuality@3] File [C:/Users/lucas/Documents/Unreal Projects/EndlessRunner/EndlessRunnerSeb/EndlessRunnerLuc/Saved/Config/Windows/Scalability.ini]
[2019.01.30-09.02.21:191][  0]LogConfig: Setting CVar [[r.PostProcessAAQuality:4]]
[2019.01.30-09.02.21:191][  0]LogConfig: Applying CVar settings from Section [ShadowQuality@3] File [C:/Users/lucas/Documents/Unreal Projects/EndlessRunner/EndlessRunnerSeb/EndlessRunnerLuc/Saved/Config/Windows/Scalability.ini]
[2019.01.30-09.02.21:191][  0]LogConfig: Setting CVar [[r.LightFunctionQuality:1]]
[2019.01.30-09.02.21:191][  0]LogConfig: Setting CVar [[r.ShadowQuality:5]]
[2019.01.30-09.02.21:191][  0]LogConfig: Setting CVar [[r.Shadow.CSM.MaxCascades:10]]
[2019.01.30-09.02.21:191][  0]LogConfig: Setting CVar [[r.Shadow.MaxResolution:2048]]
[2019.01.30-09.02.21:191][  0]LogConfig: Setting CVar [[r.Shadow.MaxCSMResolution:2048]]
[2019.01.30-09.02.21:191][  0]LogConfig: Setting CVar [[r.Shadow.RadiusThreshold:0.01]]
[2019.01.30-09.02.21:191][  0]LogConfig: Setting CVar [[r.Shadow.DistanceScale:1.0]]
[2019.01.30-09.02.21:191][  0]LogConfig: Setting CVar [[r.Shadow.CSM.TransitionScale:1.0]]
[2019.01.30-09.02.21:191][  0]LogConfig: Setting CVar [[r.Shadow.PreShadowResolutionFactor:1.0]]
[2019.01.30-09.02.21:191][  0]LogConfig: Setting CVar [[r.DistanceFieldShadowing:1]]
[2019.01.30-09.02.21:191][  0]LogConfig: Setting CVar [[r.DistanceFieldAO:1]]
[2019.01.30-09.02.21:191][  0]LogConfig: Setting CVar [[r.AOQuality:2]]
[2019.01.30-09.02.21:191][  0]LogConfig: Setting CVar [[r.VolumetricFog:1]]
[2019.01.30-09.02.21:191][  0]LogConfig: Setting CVar [[r.VolumetricFog.GridPixelSize:8]]
[2019.01.30-09.02.21:191][  0]LogConfig: Setting CVar [[r.VolumetricFog.GridSizeZ:128]]
[2019.01.30-09.02.21:191][  0]LogConfig: Setting CVar [[r.VolumetricFog.HistoryMissSupersampleCount:4]]
[2019.01.30-09.02.21:191][  0]LogConfig: Setting CVar [[r.LightMaxDrawDistanceScale:1]]
[2019.01.30-09.02.21:191][  0]LogConfig: Setting CVar [[r.CapsuleShadows:1]]
[2019.01.30-09.02.21:191][  0]LogConfig: Applying CVar settings from Section [PostProcessQuality@3] File [C:/Users/lucas/Documents/Unreal Projects/EndlessRunner/EndlessRunnerSeb/EndlessRunnerLuc/Saved/Config/Windows/Scalability.ini]
[2019.01.30-09.02.21:191][  0]LogConfig: Setting CVar [[r.MotionBlurQuality:4]]
[2019.01.30-09.02.21:191][  0]LogConfig: Setting CVar [[r.AmbientOcclusionMipLevelFactor:0.4]]
[2019.01.30-09.02.21:191][  0]LogConfig: Setting CVar [[r.AmbientOcclusionMaxQuality:100]]
[2019.01.30-09.02.21:191][  0]LogConfig: Setting CVar [[r.AmbientOcclusionLevels:-1]]
[2019.01.30-09.02.21:191][  0]LogConfig: Setting CVar [[r.AmbientOcclusionRadiusScale:1.0]]
[2019.01.30-09.02.21:191][  0]LogConfig: Setting CVar [[r.DepthOfFieldQuality:2]]
[2019.01.30-09.02.21:191][  0]LogConfig: Setting CVar [[r.RenderTargetPoolMin:400]]
[2019.01.30-09.02.21:191][  0]LogConfig: Setting CVar [[r.LensFlareQuality:2]]
[2019.01.30-09.02.21:191][  0]LogConfig: Setting CVar [[r.SceneColorFringeQuality:1]]
[2019.01.30-09.02.21:191][  0]LogConfig: Setting CVar [[r.EyeAdaptationQuality:2]]
[2019.01.30-09.02.21:191][  0]LogConfig: Setting CVar [[r.BloomQuality:5]]
[2019.01.30-09.02.21:191][  0]LogConfig: Setting CVar [[r.FastBlurThreshold:100]]
[2019.01.30-09.02.21:192][  0]LogConfig: Setting CVar [[r.Upscale.Quality:3]]
[2019.01.30-09.02.21:192][  0]LogConfig: Setting CVar [[r.Tonemapper.GrainQuantization:1]]
[2019.01.30-09.02.21:192][  0]LogConfig: Setting CVar [[r.LightShaftQuality:1]]
[2019.01.30-09.02.21:192][  0]LogConfig: Setting CVar [[r.Filter.SizeScale:1]]
[2019.01.30-09.02.21:192][  0]LogConfig: Setting CVar [[r.Tonemapper.Quality:5]]
[2019.01.30-09.02.21:192][  0]LogConfig: Setting CVar [[r.DOF.Gather.AccumulatorQuality:1        ; higher gathering accumulator quality]]
[2019.01.30-09.02.21:192][  0]LogConfig: Setting CVar [[r.DOF.Gather.PostfilterMethod:1          ; Median3x3 postfilering method]]
[2019.01.30-09.02.21:192][  0]LogConfig: Setting CVar [[r.DOF.Gather.EnableBokehSettings:0       ; no bokeh simulation when gathering]]
[2019.01.30-09.02.21:192][  0]LogConfig: Setting CVar [[r.DOF.Gather.RingCount:4                 ; medium number of samples when gathering]]
[2019.01.30-09.02.21:192][  0]LogConfig: Setting CVar [[r.DOF.Scatter.ForegroundCompositing:1    ; additive foreground scattering]]
[2019.01.30-09.02.21:192][  0]LogConfig: Setting CVar [[r.DOF.Scatter.BackgroundCompositing:2    ; additive background scattering]]
[2019.01.30-09.02.21:192][  0]LogConfig: Setting CVar [[r.DOF.Scatter.EnableBokehSettings:1      ; bokeh simulation when scattering]]
[2019.01.30-09.02.21:192][  0]LogConfig: Setting CVar [[r.DOF.Scatter.MaxSpriteRatio:0.1         ; only a maximum of 10% of scattered bokeh]]
[2019.01.30-09.02.21:192][  0]LogConfig: Setting CVar [[r.DOF.Recombine.Quality:1                ; cheap slight out of focus]]
[2019.01.30-09.02.21:192][  0]LogConfig: Setting CVar [[r.DOF.Recombine.EnableBokehSettings:0    ; no bokeh simulation on slight out of focus]]
[2019.01.30-09.02.21:192][  0]LogConfig: Setting CVar [[r.DOF.TemporalAAQuality:1                ; more stable temporal accumulation]]
[2019.01.30-09.02.21:192][  0]LogConfig: Setting CVar [[r.DOF.Kernel.MaxForegroundRadius:0.025]]
[2019.01.30-09.02.21:192][  0]LogConfig: Setting CVar [[r.DOF.Kernel.MaxBackgroundRadius:0.025]]
[2019.01.30-09.02.21:192][  0]LogConfig: Applying CVar settings from Section [TextureQuality@3] File [C:/Users/lucas/Documents/Unreal Projects/EndlessRunner/EndlessRunnerSeb/EndlessRunnerLuc/Saved/Config/Windows/Scalability.ini]
[2019.01.30-09.02.21:192][  0]LogConfig: Setting CVar [[r.Streaming.MipBias:0]]
[2019.01.30-09.02.21:192][  0]LogConfig: Setting CVar [[r.Streaming.AmortizeCPUToGPUCopy:0]]
[2019.01.30-09.02.21:192][  0]LogConfig: Setting CVar [[r.Streaming.MaxNumTexturesToStreamPerFrame:0]]
[2019.01.30-09.02.21:192][  0]LogConfig: Setting CVar [[r.Streaming.Boost:1]]
[2019.01.30-09.02.21:192][  0]LogConfig: Setting CVar [[r.MaxAnisotropy:8]]
[2019.01.30-09.02.21:192][  0]LogConfig: Setting CVar [[r.Streaming.LimitPoolSizeToVRAM:0]]
[2019.01.30-09.02.21:192][  0]LogConfig: Setting CVar [[r.Streaming.PoolSize:1000]]
[2019.01.30-09.02.21:192][  0]LogConfig: Setting CVar [[r.Streaming.MaxEffectiveScreenSize:0]]
[2019.01.30-09.02.21:192][  0]LogConfig: Applying CVar settings from Section [EffectsQuality@3] File [C:/Users/lucas/Documents/Unreal Projects/EndlessRunner/EndlessRunnerSeb/EndlessRunnerLuc/Saved/Config/Windows/Scalability.ini]
[2019.01.30-09.02.21:192][  0]LogConfig: Setting CVar [[r.TranslucencyLightingVolumeDim:64]]
[2019.01.30-09.02.21:192][  0]LogConfig: Setting CVar [[r.RefractionQuality:2]]
[2019.01.30-09.02.21:192][  0]LogConfig: Setting CVar [[r.SSR.Quality:3]]
[2019.01.30-09.02.21:192][  0]LogConfig: Setting CVar [[r.SceneColorFormat:4]]
[2019.01.30-09.02.21:192][  0]LogConfig: Setting CVar [[r.DetailMode:2]]
[2019.01.30-09.02.21:192][  0]LogConfig: Setting CVar [[r.TranslucencyVolumeBlur:1]]
[2019.01.30-09.02.21:192][  0]LogConfig: Setting CVar [[r.MaterialQualityLevel:1 ; High quality]]
[2019.01.30-09.02.21:192][  0]LogConfig: Setting CVar [[r.SSS.Scale:1]]
[2019.01.30-09.02.21:192][  0]LogConfig: Setting CVar [[r.SSS.SampleSet:2]]
[2019.01.30-09.02.21:192][  0]LogConfig: Setting CVar [[r.SSS.Quality:1]]
[2019.01.30-09.02.21:192][  0]LogConfig: Setting CVar [[r.SSS.HalfRes:1]]
[2019.01.30-09.02.21:192][  0]LogConfig: Setting CVar [[r.EmitterSpawnRateScale:1.0]]
[2019.01.30-09.02.21:192][  0]LogConfig: Setting CVar [[r.ParticleLightQuality:2]]
[2019.01.30-09.02.21:192][  0]LogConfig: Applying CVar settings from Section [FoliageQuality@3] File [C:/Users/lucas/Documents/Unreal Projects/EndlessRunner/EndlessRunnerSeb/EndlessRunnerLuc/Saved/Config/Windows/Scalability.ini]
[2019.01.30-09.02.21:192][  0]LogConfig: Setting CVar [[foliage.DensityScale:1.0]]
[2019.01.30-09.02.21:192][  0]LogConfig: Setting CVar [[grass.DensityScale:1.0]]
[2019.01.30-09.02.21:192][  0]LogConfig: Applying CVar settings from Section [Startup] File [../../../Engine/Config/ConsoleVariables.ini]
[2019.01.30-09.02.21:192][  0]LogConfig: Setting CVar [[net.UseAdaptiveNetUpdateFrequency:0]]
[2019.01.30-09.02.21:192][  0]LogConfig: Applying CVar settings from Section [ConsoleVariables] File [C:/Users/lucas/Documents/Unreal Projects/EndlessRunner/EndlessRunnerSeb/EndlessRunnerLuc/Saved/Config/Windows/Engine.ini]
[2019.01.30-09.02.21:192][  0]LogInit: Computer: DESKTOP-AEIIEEQ
[2019.01.30-09.02.21:192][  0]LogInit: User: lucas
[2019.01.30-09.02.21:193][  0]LogInit: CPU Page size=4096, Cores=4
[2019.01.30-09.02.21:193][  0]LogInit: High frequency timer resolution =2.437504 MHz
[2019.01.30-09.02.21:193][  0]LogMemory: Memory total: Physical=7.9GB (8GB approx)
[2019.01.30-09.02.21:193][  0]LogMemory: Platform Memory Stats for Windows
[2019.01.30-09.02.21:193][  0]LogMemory: Process Physical Memory: 102.52 MB used, 102.52 MB peak
[2019.01.30-09.02.21:193][  0]LogMemory: Process Virtual Memory: 88.84 MB used, 88.84 MB peak
[2019.01.30-09.02.21:193][  0]LogMemory: Physical Memory: 5084.80 MB used,  3025.09 MB free, 8109.89 MB total
[2019.01.30-09.02.21:193][  0]LogMemory: Virtual Memory: 4632.41 MB used,  134213096.00 MB free, 134217728.00 MB total
[2019.01.30-09.02.21:212][  0]LogInit: Using OS detected language (fr-FR).
[2019.01.30-09.02.21:212][  0]LogInit: Using OS detected locale (fr-FR).
[2019.01.30-09.02.21:213][  0]LogTextLocalizationManager: No specific localization for 'fr-FR' exists, so the 'fr' localization will be used.
[2019.01.30-09.02.21:214][  0]LogStreaming: Display: Took  0.004s to InitEngineTextLocalization.
[2019.01.30-09.02.21:216][  0]LogInit: Setting process to per monitor DPI aware
[2019.01.30-09.02.21:254][  0]LogSlate: New Slate User Created.  User Index 0, Is Virtual User: 0
[2019.01.30-09.02.21:254][  0]LogSlate: Slate User Registered.  User Index 0, Is Virtual User: 0
[2019.01.30-09.02.21:506][  0]LogHMD: Failed to initialize OpenVR with code 110
[2019.01.30-09.02.21:507][  0]LogD3D11RHI: D3D11 adapters:
[2019.01.30-09.02.21:587][  0]LogD3D11RHI:    0. 'NVIDIA GeForce GTX 1050' (Feature Level 11_0)
[2019.01.30-09.02.21:587][  0]LogD3D11RHI:       1979/0/4054 MB DedicatedVideo/DedicatedSystem/SharedSystem, Outputs:1, VendorId:0x10de
[2019.01.30-09.02.21:596][  0]LogD3D11RHI:    1. 'Intel(R) HD Graphics 630' (Feature Level 11_0)
[2019.01.30-09.02.21:596][  0]LogD3D11RHI:       128/0/4054 MB DedicatedVideo/DedicatedSystem/SharedSystem, Outputs:0, VendorId:0x8086
[2019.01.30-09.02.21:598][  0]LogD3D11RHI:    2. 'Microsoft Basic Render Driver' (Feature Level 11_0)
[2019.01.30-09.02.21:598][  0]LogD3D11RHI:       0/0/4054 MB DedicatedVideo/DedicatedSystem/SharedSystem, Outputs:0, VendorId:0x1414
[2019.01.30-09.02.21:598][  0]LogD3D11RHI: Chosen D3D11 Adapter: 0
[2019.01.30-09.02.21:629][  0]LogD3D11RHI: Creating new Direct3DDevice
[2019.01.30-09.02.21:629][  0]LogD3D11RHI:     GPU DeviceId: 0x1c8d (for the marketing name, search the web for "GPU Device Id")
[2019.01.30-09.02.21:629][  0]LogWindows: EnumDisplayDevices:
[2019.01.30-09.02.21:629][  0]LogWindows:    0. 'Intel(R) HD Graphics 630' (P:1 D:1)
[2019.01.30-09.02.21:629][  0]LogWindows:    1. 'Intel(R) HD Graphics 630' (P:0 D:0)
[2019.01.30-09.02.21:629][  0]LogWindows:    2. 'Intel(R) HD Graphics 630' (P:0 D:0)
[2019.01.30-09.02.21:629][  0]LogWindows: DebugString: PrimaryIsNotTheChoosenAdapter PrimaryIsNotTheChoosenAdapter PrimaryIsNotTheChoosenAdapter FoundDriverCount:0 
[2019.01.30-09.02.21:629][  0]LogD3D11RHI:     Adapter Name: NVIDIA GeForce GTX 1050
[2019.01.30-09.02.21:629][  0]LogD3D11RHI:   Driver Version: Unknown (internal:Unknown, unified:Unknown)
[2019.01.30-09.02.21:629][  0]LogD3D11RHI:      Driver Date: Unknown
[2019.01.30-09.02.21:630][  0]LogRHI: Texture pool is 1385 MB (70% of 1979 MB)
[2019.01.30-09.02.21:681][  0]LogD3D11RHI: Async texture creation enabled
[2019.01.30-09.02.21:699][  0]LogD3D11RHI: GPU Timing Frequency: 1000.000000 (Debug: 2 2)
[2019.01.30-09.02.22:760][  0]LogTemp: Display: Loaded TP AllDesktopTargetPlatform
[2019.01.30-09.02.22:776][  0]LogTemp: Display: Loaded TP MacClientTargetPlatform
[2019.01.30-09.02.22:792][  0]LogTemp: Display: Loaded TP MacNoEditorTargetPlatform
[2019.01.30-09.02.22:808][  0]LogTemp: Display: Loaded TP MacServerTargetPlatform
[2019.01.30-09.02.22:825][  0]LogTemp: Display: Loaded TP MacTargetPlatform
[2019.01.30-09.02.22:841][  0]LogTemp: Display: Loaded TP WindowsClientTargetPlatform
[2019.01.30-09.02.22:857][  0]LogTemp: Display: Loaded TP WindowsNoEditorTargetPlatform
[2019.01.30-09.02.22:872][  0]LogTemp: Display: Loaded TP WindowsServerTargetPlatform
[2019.01.30-09.02.22:879][  0]LogTemp: Display: Loaded TP WindowsTargetPlatform
[2019.01.30-09.02.22:968][  0]LogTemp: Display: Loaded TP AndroidTargetPlatform
[2019.01.30-09.02.22:968][  0]LogTemp: Display: Loaded TP AndroidTargetPlatform
[2019.01.30-09.02.22:968][  0]LogTemp: Display: Loaded TP AndroidTargetPlatform
[2019.01.30-09.02.22:968][  0]LogTemp: Display: Loaded TP AndroidTargetPlatform
[2019.01.30-09.02.22:968][  0]LogTemp: Display: Loaded TP AndroidTargetPlatform
[2019.01.30-09.02.22:968][  0]LogTemp: Display: Loaded TP AndroidTargetPlatform
[2019.01.30-09.02.22:968][  0]LogTemp: Display: Loaded TP AndroidTargetPlatform
[2019.01.30-09.02.22:968][  0]LogTemp: Display: Loaded TP AndroidTargetPlatform
[2019.01.30-09.02.22:968][  0]LogTemp: Display: Loaded TP AndroidTargetPlatform
[2019.01.30-09.02.22:968][  0]LogTemp: Display: Loaded TP AndroidTargetPlatform
[2019.01.30-09.02.22:968][  0]LogTemp: Display: Loaded TP AndroidTargetPlatform
[2019.01.30-09.02.22:968][  0]LogTemp: Display: Loaded TP AndroidTargetPlatform
[2019.01.30-09.02.22:968][  0]LogTemp: Display: Loaded TP AndroidTargetPlatform
[2019.01.30-09.02.22:968][  0]LogTemp: Display: Loaded TP AndroidTargetPlatform
[2019.01.30-09.02.22:968][  0]LogTemp: Display: Loaded TP AndroidTargetPlatform
[2019.01.30-09.02.22:968][  0]LogTemp: Display: Loaded TP AndroidTargetPlatform
[2019.01.30-09.02.22:968][  0]LogTemp: Display: Loaded TP AndroidTargetPlatform
[2019.01.30-09.02.22:968][  0]LogTemp: Display: Loaded TP AndroidTargetPlatform
[2019.01.30-09.02.22:970][  0]LogTemp: Display: Loaded TP HTML5TargetPlatform
[2019.01.30-09.02.23:035][  0]LogTemp: Display: Loaded TP IOSTargetPlatform
[2019.01.30-09.02.23:035][  0]LogTemp: Display: Loaded TP IOSTargetPlatform
[2019.01.30-09.02.23:060][  0]LogTemp: Display: Loaded TP TVOSTargetPlatform
[2019.01.30-09.02.23:060][  0]LogTemp: Display: Loaded TP TVOSTargetPlatform
[2019.01.30-09.02.23:074][  0]LogTemp: Display: Loaded TP LinuxClientTargetPlatform
[2019.01.30-09.02.23:088][  0]LogTemp: Display: Loaded TP LinuxNoEditorTargetPlatform
[2019.01.30-09.02.23:103][  0]LogTemp: Display: Loaded TP LinuxServerTargetPlatform
[2019.01.30-09.02.23:119][  0]LogTemp: Display: Loaded TP LinuxTargetPlatform
[2019.01.30-09.02.23:174][  0]LogTemp: Display: Loaded TP LuminTargetPlatform
[2019.01.30-09.02.23:174][  0]LogTemp: Display: Loaded TP LuminTargetPlatform
[2019.01.30-09.02.23:174][  0]LogTargetPlatformManager: Display: Building Assets For Windows
[2019.01.30-09.02.23:247][  0]LogShaderCompilers: Guid format shader working directory is -58 characters bigger than the processId version (../../../../../../Users/lucas/Documents/Unreal Projects/EndlessRunner/EndlessRunnerSeb/EndlessRunnerLuc/Intermediate/Shaders/WorkingDirectory/12268/).
[2019.01.30-09.02.23:247][  0]LogShaderCompilers: Cleaned the shader compiler working directory 'C:/Users/lucas/AppData/Local/Temp/UnrealShaderWorkingDir/20662D85420700ABE296E492865485C7/'.
[2019.01.30-09.02.23:249][  0]LogXGEController: Cannot use XGE Controller as Incredibuild is not installed on this machine.
[2019.01.30-09.02.23:249][  0]LogShaderCompilers: Cannot use XGE Shader Compiler as Incredibuild is not installed on this machine.
[2019.01.30-09.02.23:249][  0]LogShaderCompilers: Display: Using Local Shader Compiler.
[2019.01.30-09.02.23:848][  0]LogDerivedDataCache: Display: Max Cache Size: 512 MB
[2019.01.30-09.02.23:919][  0]LogDerivedDataCache: Loaded boot cache 0.07s 71MB C:/Users/lucas/AppData/Local/UnrealEngine/4.21/DerivedDataCache/Boot.ddc.
[2019.01.30-09.02.23:919][  0]LogDerivedDataCache: Display: Loaded Boot cache: C:/Users/lucas/AppData/Local/UnrealEngine/4.21/DerivedDataCache/Boot.ddc
[2019.01.30-09.02.23:919][  0]LogDerivedDataCache: FDerivedDataBackendGraph:  Pak pak cache file ../../../../../../Users/lucas/Documents/Unreal Projects/EndlessRunner/EndlessRunnerSeb/EndlessRunnerLuc/DerivedDataCache/DDC.ddp not found, will not use a pak cache.
[2019.01.30-09.02.23:919][  0]LogDerivedDataCache: Unable to find inner node Pak for hierarchical cache Hierarchy.
[2019.01.30-09.02.23:919][  0]LogDerivedDataCache: FDerivedDataBackendGraph:  CompressedPak pak cache file ../../../../../../Users/lucas/Documents/Unreal Projects/EndlessRunner/EndlessRunnerSeb/EndlessRunnerLuc/DerivedDataCache/Compressed.ddp not found, will not use a pak cache.
[2019.01.30-09.02.23:919][  0]LogDerivedDataCache: Unable to find inner node CompressedPak for hierarchical cache Hierarchy.
[2019.01.30-09.02.23:936][  0]LogDerivedDataCache: Display: Pak cache opened for reading ../../../Engine/DerivedDataCache/Compressed.ddp.
[2019.01.30-09.02.23:936][  0]LogDerivedDataCache: FDerivedDataBackendGraph:  EnterprisePak pak cache file ../../../Enterprise/DerivedDataCache/Compressed.ddp not found, will not use a pak cache.
[2019.01.30-09.02.23:936][  0]LogDerivedDataCache: Unable to find inner node EnterprisePak for hierarchical cache Hierarchy.
[2019.01.30-09.02.23:948][  0]LogDerivedDataCache: Using Local data cache path C:/Users/lucas/AppData/Local/UnrealEngine/Common/DerivedDataCache: Writable
[2019.01.30-09.02.23:948][  0]LogDerivedDataCache: Shared data cache path not found in *engine.ini, will not use an Shared cache.
[2019.01.30-09.02.23:948][  0]LogDerivedDataCache: Unable to find inner node Shared for hierarchical cache Hierarchy.
[2019.01.30-09.02.23:974][  0]LogMaterial: Verifying Global Shaders for PCD3D_SM5
[2019.01.30-09.02.23:975][  0]LogSlate: Using FreeType 2.6.0
[2019.01.30-09.02.23:976][  0]LogSlate: SlateFontServices - WITH_FREETYPE: 1, WITH_HARFBUZZ: 1
[2019.01.30-09.02.24:074][  0]LogAssetRegistry: FAssetRegistry took 0.0333 seconds to start up
[2019.01.30-09.02.24:446][  0]LogInit: Selected Device Profile: [Windows]
[2019.01.30-09.02.24:625][  0]LogSimplygon: Simplygon DLL not present - disabling.
[2019.01.30-09.02.24:632][  0]LogMeshReduction: Using SimplygonSwarm for distributed automatic mesh merging
[2019.01.30-09.02.24:632][  0]LogMeshReduction: Using ProxyLODMeshReduction for automatic mesh merging
[2019.01.30-09.02.24:632][  0]LogMeshReduction: Using QuadricMeshReduction for automatic static mesh reduction
[2019.01.30-09.02.24:632][  0]LogMeshReduction: No automatic skeletal mesh reduction module available
[2019.01.30-09.02.24:649][  0]LogNetVersion: EndlessRunnerLuc 1.0.0, NetCL: 4541578, EngineNetVer: 5, GameNetVer: 0 (Checksum: 1870671026)
[2019.01.30-09.02.25:586][  0]LogPackageLocalizationCache: Processed 11 localized package path(s) for 2 prioritized culture(s) in 0.446803 seconds
[2019.01.30-09.02.25:593][  0]LogUObjectArray: 39775 objects as part of root set at end of initial load.
[2019.01.30-09.02.25:593][  0]LogUObjectAllocator: 6914656 out of 0 bytes used by permanent object pool.
[2019.01.30-09.02.25:593][  0]LogUObjectArray: CloseDisregardForGC: 0/0 objects in disregard for GC pool
[2019.01.30-09.02.26:617][  0]LogTcpMessaging: Initializing TcpMessaging bridge
[2019.01.30-09.02.26:641][  0]LogUdpMessaging: Initializing bridge on interface 0.0.0.0:0 to multicast group 230.0.0.1:6666.
[2019.01.30-09.02.27:430][  0]SourceControl: Source control is disabled
[2019.01.30-09.02.27:430][  0]SourceControl: Source control is disabled
[2019.01.30-09.02.27:432][  0]SourceControl: Source control is disabled
[2019.01.30-09.02.27:433][  0]SourceControl: Source control is disabled
[2019.01.30-09.02.27:609][  0]LogAndroidPermission: UAndroidPermissionCallbackProxy::GetInstance
[2019.01.30-09.02.27:677][  0]LogOcInput: OculusInput pre-init called
[2019.01.30-09.02.27:821][  0]LogEngine: Initializing Engine...
[2019.01.30-09.02.27:822][  0]LogHMD: Failed to initialize OpenVR with code 110
[2019.01.30-09.02.27:823][  0]LogStats: UGameplayTagsManager::ConstructGameplayTagTree: ImportINI prefixes -  0.000 s
[2019.01.30-09.02.27:823][  0]LogStats: UGameplayTagsManager::ConstructGameplayTagTree: Construct from data asset -  0.000 s
[2019.01.30-09.02.27:823][  0]LogStats: UGameplayTagsManager::ConstructGameplayTagTree: ImportINI -  0.000 s
[2019.01.30-09.02.27:824][  0]LogStats: UGameplayTagsManager::ConstructGameplayTagTree: GameplayTagTreeChangedEvent.Broadcast -  0.000 s
[2019.01.30-09.02.28:115][  0]LogInit: Initializing FReadOnlyCVARCache
[2019.01.30-09.02.28:132][  0]LogAIModule: Creating AISystem for world Untitled
[2019.01.30-09.02.28:202][  0]LogInit: XAudio2 using 'Haut-parleurs (Realtek High Definition Audio)' : 2 channels at 48 kHz using 32 bits per sample (channel mask 0x3)
[2019.01.30-09.02.28:347][  0]LogInit: FAudioDevice initialized.
[2019.01.30-09.02.28:347][  0]LogNetVersion: Set ProjectVersion to 1.0.0.0. Version Checksum will be recalculated on next use.
[2019.01.30-09.02.28:835][  0]LogDerivedDataCache: Saved boot cache 0.49s 71MB C:/Users/lucas/AppData/Local/UnrealEngine/4.21/DerivedDataCache/Boot.ddc.
[2019.01.30-09.02.28:850][  0]LogInit: Texture streaming: Enabled
[2019.01.30-09.02.28:871][  0]LogEngineSessionManager: EngineSessionManager initialized
[2019.01.30-09.02.28:892][  0]LogInit: Transaction tracking system initialized
[2019.01.30-09.02.28:925][  0]BlueprintLog: New page: Editor Load
[2019.01.30-09.02.29:083][  0]LocalizationService: Localization service is disabled
[2019.01.30-09.02.29:659][  0]LogFileCache: Scanning file cache for directory 'C:/Users/lucas/Documents/Unreal Projects/EndlessRunner/EndlessRunnerSeb/EndlessRunnerLuc/Content/' took 0.01s
[2019.01.30-09.02.29:659][  0]LogCook: Display: Max memory allowance for cook 16384mb min free memory 0mb
[2019.01.30-09.02.29:659][  0]LogCook: Display: Mobile HDR setting 1
[2019.01.30-09.02.29:659][  0]LogGameplayTags: Display: UGameplayTagsManager::DoneAddingNativeTags. DelegateIsBound: 0
[2019.01.30-09.02.29:659][  0]LogStats: UGameplayTagsManager::ConstructGameplayTagTree: ImportINI prefixes -  0.000 s
[2019.01.30-09.02.29:659][  0]LogStats: UGameplayTagsManager::ConstructGameplayTagTree: Construct from data asset -  0.000 s
[2019.01.30-09.02.29:659][  0]LogStats: UGameplayTagsManager::ConstructGameplayTagTree: ImportINI -  0.000 s
[2019.01.30-09.02.29:659][  0]LogStats: UGameplayTagsManager::ConstructGameplayTagTree: GameplayTagTreeChangedEvent.Broadcast -  0.000 s
[2019.01.30-09.02.29:819][  0]SourceControl: Source control is disabled
[2019.01.30-09.02.29:819][  0]LightingResults: New page: Lighting Build
[2019.01.30-09.02.29:823][  0]MapCheck: New page: Map Check
[2019.01.30-09.02.29:823][  0]LightingResults: New page: Lighting Build
[2019.01.30-09.02.30:336][  0]LogAIModule: Creating AISystem for world ThirdPersonExampleMap
[2019.01.30-09.02.30:346][  0]LogEditorServer: Finished looking for orphan Actors (0.000 secs)
[2019.01.30-09.02.30:374][  0]Cmd: MAP CHECKDEP NOCLEARLOG
[2019.01.30-09.02.30:374][  0]MapCheck: Map check complete: 0 Error(s), 0 Warning(s), took 0,159ms to complete.
[2019.01.30-09.02.30:374][  0]LogFileHelpers: Loading map 'ThirdPersonExampleMap' took 0.556
[2019.01.30-09.02.30:659][  0]LogSlate: Updating window title bar state: overlay mode, drag disabled, window buttons hidden, title bar hidden
[2019.01.30-09.02.30:669][  0]LogSlate: Updating window title bar state: overlay mode, drag disabled, window buttons hidden, title bar hidden
[2019.01.30-09.02.30:676][  0]LogSlate: Updating window title bar state: overlay mode, drag disabled, window buttons hidden, title bar hidden
[2019.01.30-09.02.30:687][  0]LogSlate: Updating window title bar state: overlay mode, drag disabled, window buttons hidden, title bar hidden
[2019.01.30-09.02.30:701][  0]LogCollectionManager: Loaded 0 collections in 0.002123 seconds
[2019.01.30-09.02.30:746][  0]LogFileCache: Scanning file cache for directory 'C:/Users/lucas/Documents/Unreal Projects/EndlessRunner/EndlessRunnerSeb/EndlessRunnerLuc/Saved/Collections/' took 0.01s
[2019.01.30-09.02.30:746][  0]LogFileCache: Scanning file cache for directory 'C:/Users/lucas/Documents/Unreal Projects/EndlessRunner/EndlessRunnerSeb/EndlessRunnerLuc/Content/Developers/lucas/Collections/' took 0.01s
[2019.01.30-09.02.30:746][  0]LogFileCache: Scanning file cache for directory 'C:/Users/lucas/Documents/Unreal Projects/EndlessRunner/EndlessRunnerSeb/EndlessRunnerLuc/Content/Collections/' took 0.01s
[2019.01.30-09.02.30:746][  0]LogCollectionManager: Rebuilt the GUID cache for 0 collections in 0.000000 seconds
[2019.01.30-09.02.30:756][  0]LogContentBrowser: Native class hierarchy populated in 0.0098 seconds. Added 2651 classes and 620 folders.
[2019.01.30-09.02.30:767][  0]LogContentBrowser: Native class hierarchy updated for 'WidgetCarousel' in 0.0003 seconds. Added 0 classes and 0 folders.
[2019.01.30-09.02.30:768][  0]LogPakFile: Registered encryption key '00000000000000000000000000000000': 0 pak files mounted, 0 remain pending
[2019.01.30-09.02.30:769][  0]LogPakFile: Registered encryption key '00000000000000000000000000000000': 0 pak files mounted, 0 remain pending
[2019.01.30-09.02.30:769][  0]LogPakFile: Registered encryption key '00000000000000000000000000000000': 0 pak files mounted, 0 remain pending
[2019.01.30-09.02.30:770][  0]LogPakFile: Registered encryption key '00000000000000000000000000000000': 0 pak files mounted, 0 remain pending
[2019.01.30-09.02.30:770][  0]LogPakFile: Registered encryption key '00000000000000000000000000000000': 0 pak files mounted, 0 remain pending
[2019.01.30-09.02.30:771][  0]LogPakFile: Registered encryption key '00000000000000000000000000000000': 0 pak files mounted, 0 remain pending
[2019.01.30-09.02.30:771][  0]LogPakFile: Registered encryption key '00000000000000000000000000000000': 0 pak files mounted, 0 remain pending
[2019.01.30-09.02.30:771][  0]LogPakFile: Registered encryption key '00000000000000000000000000000000': 0 pak files mounted, 0 remain pending
[2019.01.30-09.02.30:772][  0]LogPakFile: Registered encryption key '00000000000000000000000000000000': 0 pak files mounted, 0 remain pending
[2019.01.30-09.02.30:773][  0]LogPakFile: Registered encryption key '00000000000000000000000000000000': 0 pak files mounted, 0 remain pending
[2019.01.30-09.02.30:773][  0]LogPakFile: Registered encryption key '00000000000000000000000000000000': 0 pak files mounted, 0 remain pending
[2019.01.30-09.02.30:774][  0]LogPakFile: Registered encryption key '00000000000000000000000000000000': 0 pak files mounted, 0 remain pending
[2019.01.30-09.02.30:774][  0]LogPakFile: Registered encryption key '00000000000000000000000000000000': 0 pak files mounted, 0 remain pending
[2019.01.30-09.02.30:775][  0]LogPakFile: Registered encryption key '00000000000000000000000000000000': 0 pak files mounted, 0 remain pending
[2019.01.30-09.02.30:775][  0]LogPakFile: Registered encryption key '00000000000000000000000000000000': 0 pak files mounted, 0 remain pending
[2019.01.30-09.02.30:776][  0]LogPakFile: Registered encryption key '00000000000000000000000000000000': 0 pak files mounted, 0 remain pending
[2019.01.30-09.02.30:777][  0]LogPakFile: Registered encryption key '00000000000000000000000000000000': 0 pak files mounted, 0 remain pending
[2019.01.30-09.02.30:777][  0]LogPakFile: Registered encryption key '00000000000000000000000000000000': 0 pak files mounted, 0 remain pending
[2019.01.30-09.02.30:778][  0]LogPakFile: Registered encryption key '00000000000000000000000000000000': 0 pak files mounted, 0 remain pending
[2019.01.30-09.02.30:779][  0]LogPakFile: Registered encryption key '00000000000000000000000000000000': 0 pak files mounted, 0 remain pending
[2019.01.30-09.02.30:779][  0]LogPakFile: Registered encryption key '00000000000000000000000000000000': 0 pak files mounted, 0 remain pending
[2019.01.30-09.02.30:780][  0]LogPakFile: Registered encryption key '00000000000000000000000000000000': 0 pak files mounted, 0 remain pending
[2019.01.30-09.02.30:781][  0]LogPakFile: Registered encryption key '00000000000000000000000000000000': 0 pak files mounted, 0 remain pending
[2019.01.30-09.02.30:782][  0]LogPakFile: Registered encryption key '00000000000000000000000000000000': 0 pak files mounted, 0 remain pending
[2019.01.30-09.02.30:782][  0]LogPakFile: Registered encryption key '00000000000000000000000000000000': 0 pak files mounted, 0 remain pending
[2019.01.30-09.02.30:783][  0]LogPakFile: Registered encryption key '00000000000000000000000000000000': 0 pak files mounted, 0 remain pending
[2019.01.30-09.02.30:833][  0]LogContentBrowser: Native class hierarchy updated for 'AddContentDialog' in 0.0002 seconds. Added 0 classes and 0 folders.
[2019.01.30-09.02.30:874][  0]LogContentBrowser: Native class hierarchy updated for 'SceneOutliner' in 0.0003 seconds. Added 1 classes and 2 folders.
[2019.01.30-09.02.30:884][  0]LogSlate: Took 0.000270 seconds to synchronously load lazily loaded font '../../../Engine/Content/Slate/Fonts/Roboto-Regular.ttf' (155K)
[2019.01.30-09.02.30:889][  0]LogSlate: Took 0.000240 seconds to synchronously load lazily loaded font '../../../Engine/Content/Slate/Fonts/Roboto-Bold.ttf' (160K)
[2019.01.30-09.02.31:057][  0]LogSlate: Took 0.165806 seconds to synchronously load lazily loaded font '../../../Engine/Content/Editor/Slate/Fonts/FontAwesome.ttf' (139K)
[2019.01.30-09.02.31:136][  0]LogRenderer: Reallocating scene render targets to support 1892x712 Format 10 NumSamples 1 (Frame:1).
[2019.01.30-09.02.31:331][  0]LogContentBrowser: Native class hierarchy updated for 'HierarchicalLODOutliner' in 0.0003 seconds. Added 0 classes and 0 folders.
[2019.01.30-09.02.31:331][  0]LogLoad: (Engine Initialization) Total time: 12.42 seconds
[2019.01.30-09.02.31:331][  0]LogLoad: (Engine Initialization) Total Blueprint compile time: 0.00 seconds
[2019.01.30-09.02.31:352][  0]LogWindowsTextInputMethodSystem: Display: IME system now deactivated.
[2019.01.30-09.02.31:654][  0]LogContentStreaming: Texture pool size now 1000 MB
[2019.01.30-09.02.31:674][  0]LogSlate: Took 0.000253 seconds to synchronously load lazily loaded font '../../../Engine/Content/Slate/Fonts/Roboto-Light.ttf' (167K)
[2019.01.30-09.02.33:407][ 89]LogAssetRegistry: Asset discovery search completed in 9.3561 seconds
[2019.01.30-09.02.33:410][ 89]LogCollectionManager: Rebuilt the object cache for 0 collections in 0.000002 seconds (found 0 objects)
[2019.01.30-09.02.33:410][ 89]LogCollectionManager: Fixed up redirectors for 0 collections in 0.000328 seconds (updated 0 objects)
[2019.01.30-09.03.05:097][951]LogSlate: FSceneViewport::OnFocusLost() reason 2
[2019.01.30-09.16.53:843][588]LogD3D11RHI: Timed out while waiting for GPU to catch up. (0.5 s)
[2019.01.30-09.16.54:866][593]LogD3D11RHI: Timed out while waiting for GPU to catch up. (0.5 s)
[2019.01.30-09.16.55:888][598]LogD3D11RHI: Timed out while waiting for GPU to catch up. (0.5 s)
[2019.01.30-09.16.56:400][600]LogD3D11RHI: Timed out while waiting for GPU to catch up. (0.5 s)
[2019.01.30-09.16.57:980][610]LogD3D11RHI: Timed out while waiting for GPU to catch up. (0.5 s)
[2019.01.30-09.17.00:028][619]LogD3D11RHI: Timed out while waiting for GPU to catch up. (0.5 s)
[2019.01.30-09.17.08:213][658]LogD3D11RHI: Timed out while waiting for GPU to catch up. (0.5 s)
[2019.01.30-09.17.08:721][660]LogD3D11RHI: Timed out while waiting for GPU to catch up. (0.5 s)
[2019.01.30-09.17.11:282][695]LogD3D11RHI: Timed out while waiting for GPU to catch up. (0.5 s)
[2019.01.30-09.17.11:794][697]LogD3D11RHI: Timed out while waiting for GPU to catch up. (0.5 s)
[2019.01.30-09.17.12:306][699]LogD3D11RHI: Timed out while waiting for GPU to catch up. (0.5 s)
[2019.01.30-09.17.22:005][794]LogD3D11RHI: Timed out while waiting for GPU to catch up. (0.5 s)
[2019.01.30-09.17.23:543][801]LogD3D11RHI: Timed out while waiting for GPU to catch up. (0.5 s)
[2019.01.30-09.17.26:103][813]LogD3D11RHI: Timed out while waiting for GPU to catch up. (0.5 s)
[2019.01.30-09.17.26:669][818]LogD3D11RHI: Timed out while waiting for GPU to catch up. (0.5 s)
[2019.01.30-09.17.28:714][827]LogD3D11RHI: Timed out while waiting for GPU to catch up. (0.5 s)
[2019.01.30-09.17.31:278][839]LogD3D11RHI: Timed out while waiting for GPU to catch up. (0.5 s)
[2019.01.30-09.17.34:339][875]LogD3D11RHI: Timed out while waiting for GPU to catch up. (0.5 s)
[2019.01.30-09.17.34:842][876]LogD3D11RHI: Timed out while waiting for GPU to catch up. (0.5 s)
[2019.01.30-09.17.40:987][928]LogSlate: Took 0.000171 seconds to synchronously load lazily loaded font '../../../Engine/Content/Slate/Fonts/Roboto-Light.ttf' (167K)
[2019.01.30-09.17.55:289][ 13]LogD3D11RHI: Timed out while waiting for GPU to catch up. (0.5 s)
[2019.01.30-09.17.57:340][ 22]LogD3D11RHI: Timed out while waiting for GPU to catch up. (0.5 s)
[2019.01.30-09.17.57:852][ 24]LogD3D11RHI: Timed out while waiting for GPU to catch up. (0.5 s)
[2019.01.30-09.18.08:652][ 71]LogD3D11RHI: Timed out while waiting for GPU to catch up. (0.5 s)
[2019.01.30-09.18.12:744][ 90]LogD3D11RHI: Timed out while waiting for GPU to catch up. (0.5 s)
[2019.01.30-09.18.14:278][ 97]LogD3D11RHI: Timed out while waiting for GPU to catch up. (0.5 s)
[2019.01.30-09.18.16:836][109]LogD3D11RHI: Timed out while waiting for GPU to catch up. (0.5 s)
[2019.01.30-09.18.22:001][134]LogD3D11RHI: Timed out while waiting for GPU to catch up. (0.5 s)
[2019.01.30-09.18.25:587][151]LogD3D11RHI: Timed out while waiting for GPU to catch up. (0.5 s)
[2019.01.30-09.18.27:635][160]LogD3D11RHI: Timed out while waiting for GPU to catch up. (0.5 s)
[2019.01.30-09.18.31:776][179]LogD3D11RHI: Timed out while waiting for GPU to catch up. (0.5 s)
[2019.01.30-09.18.34:843][221]LogD3D11RHI: Timed out while waiting for GPU to catch up. (0.5 s)
[2019.01.30-09.18.35:356][223]LogD3D11RHI: Timed out while waiting for GPU to catch up. (0.5 s)
[2019.01.30-09.18.35:867][225]LogD3D11RHI: Timed out while waiting for GPU to catch up. (0.5 s)
[2019.01.30-09.18.52:761][305]LogD3D11RHI: Timed out while waiting for GPU to catch up. (0.5 s)
[2019.01.30-09.18.57:930][331]LogD3D11RHI: Timed out while waiting for GPU to catch up. (0.5 s)
[2019.01.30-09.19.06:118][370]LogD3D11RHI: Timed out while waiting for GPU to catch up. (0.5 s)
[2019.01.30-09.19.12:773][402]LogD3D11RHI: Timed out while waiting for GPU to catch up. (0.5 s)
[2019.01.30-09.19.13:339][407]LogD3D11RHI: Timed out while waiting for GPU to catch up. (0.5 s)
[2019.01.30-09.19.18:965][433]LogD3D11RHI: Timed out while waiting for GPU to catch up. (0.5 s)
[2019.01.30-09.19.19:472][435]LogD3D11RHI: Timed out while waiting for GPU to catch up. (0.5 s)
[2019.01.30-09.19.25:153][461]LogD3D11RHI: Timed out while waiting for GPU to catch up. (0.5 s)
[2019.01.30-09.19.27:714][473]LogD3D11RHI: Timed out while waiting for GPU to catch up. (0.5 s)
[2019.01.30-09.19.29:760][482]LogD3D11RHI: Timed out while waiting for GPU to catch up. (0.5 s)
[2019.01.30-09.19.31:295][489]LogD3D11RHI: Timed out while waiting for GPU to catch up. (0.5 s)
[2019.01.30-09.19.32:829][496]LogD3D11RHI: Timed out while waiting for GPU to catch up. (0.5 s)
[2019.01.30-09.19.34:419][504]LogD3D11RHI: Timed out while waiting for GPU to catch up. (0.5 s)
[2019.01.30-09.19.40:556][533]LogD3D11RHI: Timed out while waiting for GPU to catch up. (0.5 s)
[2019.01.30-09.19.45:698][559]LogD3D11RHI: Timed out while waiting for GPU to catch up. (0.5 s)
[2019.01.30-09.20.02:119][637]LogD3D11RHI: Timed out while waiting for GPU to catch up. (0.5 s)
[2019.01.30-09.20.09:338][674]LogD3D11RHI: Timed out while waiting for GPU to catch up. (0.5 s)
[2019.01.30-09.20.18:040][714]LogD3D11RHI: Timed out while waiting for GPU to catch up. (0.5 s)
[2019.01.30-09.20.20:088][723]LogD3D11RHI: Timed out while waiting for GPU to catch up. (0.5 s)
[2019.01.30-09.22.42:702][299]LogHttp: Warning: 0000022C0F611800: request failed, libcurl error: 6 (Couldn't resolve host name)
[2019.01.30-09.22.42:703][299]LogHttp: Warning: 0000022C0F611800: libcurl info message cache 0 (Connection 7 seems to be dead!)
[2019.01.30-09.22.42:703][299]LogHttp: Warning: 0000022C0F611800: libcurl info message cache 1 (Closing connection 7)
[2019.01.30-09.22.42:703][299]LogHttp: Warning: 0000022C0F611800: libcurl info message cache 2 (TLSv1.2 (OUT), TLS alert, Client hello (1):)
[2019.01.30-09.22.42:703][299]LogHttp: Warning: 0000022C0F611800: libcurl info message cache 3 (Could not resolve host: datarouter.ol.epicgames.com)
[2019.01.30-09.22.42:703][299]LogHttp: Warning: 0000022C0F611800: libcurl info message cache 4 (Closing connection 8)
[2019.01.30-09.22.43:038][300]LogHttp: Warning: Retry exhausted on https://datarouter.ol.epicgames.com/datarouter/api/v1/public/data?SessionID=%7B2D70B1DC-499E-E6C5-FF29-378E26084286%7D&AppID=UEEditor.Rocket.Release&AppVersion=4.21.0-4541578%2B%2B%2BUE4%2BRelease-4.21&UserID=3a67442446f6a6b3308357a4edc308ac%7Ccdafa54ddc0d4ec7acc53080c637bed9%7C7b9443cb-3529-4a5e-b9c4-088bd4d906a5&AppEnvironment=datacollector-binary&UploadType=eteventstream
[2019.01.30-09.26.54:355][394]LogSlate: FSceneViewport::OnFocusLost() reason 0
[2019.01.30-09.36.18:123][904]LogSlate: FSceneViewport::OnFocusLost() reason 0
[2019.01.30-09.57.27:290][ 64]LogEditorViewport: Clicking on Actor (LMB): StaticMeshActor (Wall9)
[2019.01.30-09.57.28:688][121]LogSlate: FSceneViewport::OnFocusLost() reason 0
[2019.01.30-09.58.06:182][931]LogSlate: Window 'New Level' being destroyed
[2019.01.30-09.58.10:239][123]LogSlate: Window 'New Level' being destroyed
[2019.01.30-09.58.10:542][123]Cmd: MAP LOAD FILE="../../../Engine/Content/Maps/Templates/Template_Default.umap" TEMPLATE=1 SHOWPROGRESS=1 FEATURELEVEL=3
[2019.01.30-09.58.10:568][123]LightingResults: New page: Lighting Build
[2019.01.30-09.58.10:570][123]LoadErrors: New page: Loading map: Template_Default.umap
[2019.01.30-09.58.10:575][123]MapCheck: New page: Map Check
[2019.01.30-09.58.10:575][123]LightingResults: New page: Lighting Build
[2019.01.30-09.58.10:658][123]LogAIModule: Creating AISystem for world Untitled_1
[2019.01.30-09.58.10:691][123]LogEditorServer: Finished looking for orphan Actors (0.000 secs)
[2019.01.30-09.58.10:737][123]Cmd: MAP CHECKDEP NOCLEARLOG
[2019.01.30-09.58.10:738][123]MapCheck: Map check complete: 0 Error(s), 0 Warning(s), took 0,183ms to complete.
[2019.01.30-09.58.10:738][123]LogFileHelpers: Loading map 'Template_Default' took 0.490
[2019.01.30-09.59.32:412][895]LogAssetEditorManager: Opening Asset editor for MapBuildDataRegistry /Game/ThirdPersonBP/Maps/ThirdPersonExampleMap_BuiltData.ThirdPersonExampleMap_BuiltData
[2019.01.30-09.59.34:849][ 14]LogSlate: Window 'ThirdPersonExampleMap_BuiltData - Generic Asset Editor' being destroyed
[2019.01.30-09.59.34:853][ 14]LogSlate: Window 'ThirdPersonExampleMap_BuiltData - Generic Asset Editor' being destroyed
[2019.01.30-10.00.25:147][551]LogSlate: Window 'Delete Assets' being destroyed
[2019.01.30-10.00.37:341][137]LogSlate: Window 'Delete Assets' being destroyed
[2019.01.30-10.00.38:562][188]LogEditorViewport: Clicking on Actor (LMB): StaticMeshActor (Floor)
[2019.01.30-10.00.39:762][255]LogSlate: FSceneViewport::OnFocusLost() reason 2
[2019.01.30-10.00.49:038][255]LogSlate: Window 'Save Level As' being destroyed
[2019.01.30-10.00.49:048][255]LogSlate: FSceneViewport::OnFocusLost() reason 2
[2019.01.30-10.00.49:408][255]LogSavePackage: Moving '../../../../../../Users/lucas/Documents/Unreal Projects/EndlessRunner/EndlessRunnerSeb/EndlessRunnerLuc/Saved/LuculScene0CDC5FCC406098D1BC1BC198A268F993.tmp' to '../../../../../../Users/lucas/Documents/Unreal Projects/EndlessRunner/EndlessRunnerSeb/EndlessRunnerLuc/Content/Lucul/Scenes/LuculScene.umap'
[2019.01.30-10.00.49:465][255]LogSavePackage: Moving '../../../../../../Users/lucas/Documents/Unreal Projects/EndlessRunner/EndlessRunnerSeb/EndlessRunnerLuc/Saved/LuculScene_BuiltDataA935C0924F5CB90D4550039371849141.tmp' to '../../../../../../Users/lucas/Documents/Unreal Projects/EndlessRunner/EndlessRunnerSeb/EndlessRunnerLuc/Content/Lucul/Scenes/LuculScene_BuiltData.uasset'
[2019.01.30-10.00.49:474][255]LogFileHelpers: Saving map 'LuculScene' took 0.430
[2019.01.30-10.02.06:703][544]LogSlate: FSceneViewport::OnFocusLost() reason 0
[2019.01.30-10.02.42:634][485]LogSlate: FSceneViewport::OnFocusLost() reason 0
[2019.01.30-10.02.47:517][731]LogSlate: FSceneViewport::OnFocusLost() reason 0
[2019.01.30-10.02.52:964][906]LogEditorViewport: Clicking on Actor (LMB): StaticMeshActor (Floor)
[2019.01.30-10.02.57:682][160]Cmd: TRANSACTION UNDO
[2019.01.30-10.02.57:682][160]LogEditorTransaction: Undo Clicking on Actors
[2019.01.30-10.02.59:540][211]Cmd: TRANSACTION UNDO
[2019.01.30-10.02.59:540][211]LogEditorTransaction: Undo Set Location
[2019.01.30-10.03.08:223][713]LogSlate: FSceneViewport::OnFocusLost() reason 0
[2019.01.30-10.03.08:323][719]LogTemp: Repeating last play command: Selected Viewport
[2019.01.30-10.03.08:373][719]LogBlueprintUserMessages: Early PlayInEditor Detection: Level '/Game/Lucul/Scenes/LuculScene.LuculScene:PersistentLevel' has LevelScriptBlueprint '/Game/Lucul/Scenes/LuculScene.LuculScene:PersistentLevel.LuculScene' with GeneratedClass '/Game/Lucul/Scenes/LuculScene.LuculScene_C' with ClassGeneratedBy '/Game/Lucul/Scenes/LuculScene.LuculScene:PersistentLevel.LuculScene'
[2019.01.30-10.03.08:404][719]LogPlayLevel: PlayLevel: No blueprints needed recompiling
[2019.01.30-10.03.08:455][719]PIE: New page: PIE session: LuculScene (30 janv. 2019 12:03:08)
[2019.01.30-10.03.08:525][719]LogPlayLevel: Creating play world package: /Game/Lucul/Scenes/UEDPIE_0_LuculScene
[2019.01.30-10.03.08:586][719]LogPlayLevel: PIE: StaticDuplicateObject took: (0.059128s)
[2019.01.30-10.03.08:586][719]LogAIModule: Creating AISystem for world LuculScene
[2019.01.30-10.03.08:604][719]LogPlayLevel: PIE: World Init took: (0.018890s)
[2019.01.30-10.03.08:605][719]LogPlayLevel: PIE: Created PIE world by copying editor world from /Game/Lucul/Scenes/LuculScene.LuculScene to /Game/Lucul/Scenes/UEDPIE_0_LuculScene.LuculScene (0.078653s)
[2019.01.30-10.03.08:753][719]LogInit: XAudio2 using 'Haut-parleurs (Realtek High Definition Audio)' : 2 channels at 48 kHz using 32 bits per sample (channel mask 0x3)
[2019.01.30-10.03.08:811][719]LogInit: FAudioDevice initialized.
[2019.01.30-10.03.09:082][719]LogLoad: Game class is 'ThirdPersonGameMode_C'
[2019.01.30-10.03.09:191][719]LogWorld: Bringing World /Game/Lucul/Scenes/UEDPIE_0_LuculScene.LuculScene up for play (max tick rate 60) at 2019.01.30-11.03.09
[2019.01.30-10.03.09:438][719]LogWorld: Bringing up level for play took: 0.249019
[2019.01.30-10.03.09:617][719]LogContentBrowser: Native class hierarchy updated for 'MovieSceneCapture' in 0.0009 seconds. Added 20 classes and 0 folders.
[2019.01.30-10.03.09:651][719]PIE: Play in editor start time for /Game/Lucul/Scenes/UEDPIE_0_LuculScene 0,294
[2019.01.30-10.03.09:651][719]LogBlueprintUserMessages: Late PlayInEditor Detection: Level '/Game/Lucul/Scenes/LuculScene.LuculScene:PersistentLevel' has LevelScriptBlueprint '/Game/Lucul/Scenes/LuculScene.LuculScene:PersistentLevel.LuculScene' with GeneratedClass '/Game/Lucul/Scenes/LuculScene.LuculScene_C' with ClassGeneratedBy '/Game/Lucul/Scenes/LuculScene.LuculScene:PersistentLevel.LuculScene'
[2019.01.30-10.03.13:469][904]LogBlueprintUserMessages: Early EndPlayMap Detection: Level '/Game/Lucul/Scenes/LuculScene.LuculScene:PersistentLevel' has LevelScriptBlueprint '/Game/Lucul/Scenes/LuculScene.LuculScene:PersistentLevel.LuculScene' with GeneratedClass '/Game/Lucul/Scenes/LuculScene.LuculScene_C' with ClassGeneratedBy '/Game/Lucul/Scenes/LuculScene.LuculScene:PersistentLevel.LuculScene'
[2019.01.30-10.03.13:470][904]LogSlate: Updating window title bar state: overlay mode, drag disabled, window buttons hidden, title bar hidden
[2019.01.30-10.03.13:518][904]LogPlayLevel: Display: Shutting down PIE online subsystems
[2019.01.30-10.03.13:519][904]LogBlueprintUserMessages: Late EndPlayMap Detection: Level '/Game/Lucul/Scenes/LuculScene.LuculScene:PersistentLevel' has LevelScriptBlueprint '/Game/Lucul/Scenes/LuculScene.LuculScene:PersistentLevel.LuculScene' with GeneratedClass '/Game/Lucul/Scenes/LuculScene.LuculScene_C' with ClassGeneratedBy '/Game/Lucul/Scenes/LuculScene.LuculScene:PersistentLevel.LuculScene'
[2019.01.30-10.03.13:563][904]LogSlate: Updating window title bar state: overlay mode, drag disabled, window buttons hidden, title bar hidden
[2019.01.30-10.03.13:677][905]LogPlayLevel: Display: Destroying online subsystem :Context_8
[2019.01.30-10.03.15:361][  3]LogEditorViewport: Clicking on Actor (LMB): ThirdPersonCharacter_C (ThirdPersonCharacter)
[2019.01.30-10.03.20:698][295]LogEditorViewport: Clicking on Actor (LMB): BP_Sky_Sphere_C (Sky Sphere)
[2019.01.30-10.03.26:751][596]LogSlate: Took 0.284624 seconds to synchronously load lazily loaded font '../../../Engine/Content/Slate/Fonts/Roboto-Italic.ttf' (157K)
[2019.01.30-10.03.26:830][596]LogSlate: FSceneViewport::OnFocusLost() reason 0
[2019.01.30-10.03.35:204][ 11]LogEditorViewport: Clicking on Actor (LMB): ThirdPersonCharacter_C (ThirdPersonCharacter)
[2019.01.30-10.03.40:838][301]LogEditorViewport: Clicking on Actor (LMB): PlayerStart (Player Start)
[2019.01.30-10.03.41:997][361]Cmd: TRANSACTION UNDO
[2019.01.30-10.03.41:997][361]LogEditorTransaction: Undo Clicking on Actors
[2019.01.30-10.03.42:823][392]Cmd: TRANSACTION UNDO
[2019.01.30-10.03.42:823][392]LogEditorTransaction: Undo Move Actors
[2019.01.30-10.03.54:561][ 51]LogSlate: FSceneViewport::OnFocusLost() reason 0
[2019.01.30-10.04.04:915][660]LogSlate: FSceneViewport::OnFocusLost() reason 0
[2019.01.30-10.04.05:015][666]LogTemp: Repeating last play command: Selected Viewport
[2019.01.30-10.04.05:030][666]LogBlueprintUserMessages: Early PlayInEditor Detection: Level '/Game/Lucul/Scenes/LuculScene.LuculScene:PersistentLevel' has LevelScriptBlueprint '/Game/Lucul/Scenes/LuculScene.LuculScene:PersistentLevel.LuculScene' with GeneratedClass '/Game/Lucul/Scenes/LuculScene.LuculScene_C' with ClassGeneratedBy '/Game/Lucul/Scenes/LuculScene.LuculScene:PersistentLevel.LuculScene'
[2019.01.30-10.04.05:030][666]LogPlayLevel: PlayLevel: No blueprints needed recompiling
[2019.01.30-10.04.05:030][666]PIE: New page: PIE session: LuculScene (30 janv. 2019 12:04:05)
[2019.01.30-10.04.05:030][666]LogPlayLevel: Creating play world package: /Game/Lucul/Scenes/UEDPIE_0_LuculScene
[2019.01.30-10.04.05:033][666]LogPlayLevel: PIE: StaticDuplicateObject took: (0.003041s)
[2019.01.30-10.04.05:034][666]LogAIModule: Creating AISystem for world LuculScene
[2019.01.30-10.04.05:034][666]LogPlayLevel: PIE: World Init took: (0.001123s)
[2019.01.30-10.04.05:034][666]LogPlayLevel: PIE: Created PIE world by copying editor world from /Game/Lucul/Scenes/LuculScene.LuculScene to /Game/Lucul/Scenes/UEDPIE_0_LuculScene.LuculScene (0.004315s)
[2019.01.30-10.04.05:094][666]LogInit: XAudio2 using 'Haut-parleurs (Realtek High Definition Audio)' : 2 channels at 48 kHz using 32 bits per sample (channel mask 0x3)
[2019.01.30-10.04.05:149][666]LogInit: FAudioDevice initialized.
[2019.01.30-10.04.05:181][666]LogLoad: Game class is 'ThirdPersonGameMode_C'
[2019.01.30-10.04.05:183][666]LogWorld: Bringing World /Game/Lucul/Scenes/UEDPIE_0_LuculScene.LuculScene up for play (max tick rate 60) at 2019.01.30-11.04.05
[2019.01.30-10.04.05:184][666]LogWorld: Bringing up level for play took: 0.001622
[2019.01.30-10.04.05:197][666]PIE: Play in editor start time for /Game/Lucul/Scenes/UEDPIE_0_LuculScene -0,159
[2019.01.30-10.04.05:197][666]LogBlueprintUserMessages: Late PlayInEditor Detection: Level '/Game/Lucul/Scenes/LuculScene.LuculScene:PersistentLevel' has LevelScriptBlueprint '/Game/Lucul/Scenes/LuculScene.LuculScene:PersistentLevel.LuculScene' with GeneratedClass '/Game/Lucul/Scenes/LuculScene.LuculScene_C' with ClassGeneratedBy '/Game/Lucul/Scenes/LuculScene.LuculScene:PersistentLevel.LuculScene'
[2019.01.30-10.04.57:011][742]LogBlueprintUserMessages: Early EndPlayMap Detection: Level '/Game/Lucul/Scenes/LuculScene.LuculScene:PersistentLevel' has LevelScriptBlueprint '/Game/Lucul/Scenes/LuculScene.LuculScene:PersistentLevel.LuculScene' with GeneratedClass '/Game/Lucul/Scenes/LuculScene.LuculScene_C' with ClassGeneratedBy '/Game/Lucul/Scenes/LuculScene.LuculScene:PersistentLevel.LuculScene'
[2019.01.30-10.04.57:012][742]LogSlate: Updating window title bar state: overlay mode, drag disabled, window buttons hidden, title bar hidden
[2019.01.30-10.04.57:056][742]LogPlayLevel: Display: Shutting down PIE online subsystems
[2019.01.30-10.04.57:056][742]LogBlueprintUserMessages: Late EndPlayMap Detection: Level '/Game/Lucul/Scenes/LuculScene.LuculScene:PersistentLevel' has LevelScriptBlueprint '/Game/Lucul/Scenes/LuculScene.LuculScene:PersistentLevel.LuculScene' with GeneratedClass '/Game/Lucul/Scenes/LuculScene.LuculScene_C' with ClassGeneratedBy '/Game/Lucul/Scenes/LuculScene.LuculScene:PersistentLevel.LuculScene'
[2019.01.30-10.04.57:095][742]LogSlate: Updating window title bar state: overlay mode, drag disabled, window buttons hidden, title bar hidden
[2019.01.30-10.04.57:119][743]LogPlayLevel: Display: Destroying online subsystem :Context_9
[2019.01.30-10.05.02:045][ 25]LogSlate: FSceneViewport::OnFocusLost() reason 0
[2019.01.30-10.05.36:197][ 48]LogEditorViewport: Clicking on Actor (LMB): StaticMeshActor (Floor)
[2019.01.30-10.05.38:348][167]LogSlate: FSceneViewport::OnFocusLost() reason 0
[2019.01.30-10.05.43:483][453]LogSlate: FSceneViewport::OnFocusLost() reason 0
[2019.01.30-10.06.12:350][126]Cmd: DELETE
[2019.01.30-10.06.12:350][126]Cmd: ACTOR DELETE
[2019.01.30-10.06.13:493][126]LogEditorActor: Deleted Actor: StaticMeshActor
[2019.01.30-10.06.13:519][126]LogEditorActor: Deleted 1 Actors (0.114 secs)
[2019.01.30-10.06.13:523][126]LogEditorViewport: Clicking on Actor (LMB): BP_Sky_Sphere_C (Sky Sphere)
[2019.01.30-10.06.13:546][126]Cmd: DELETE
[2019.01.30-10.06.13:546][126]Cmd: ACTOR DELETE
[2019.01.30-10.06.13:548][126]LogEditorActor: Deleted Actor: BP_Sky_Sphere_C
[2019.01.30-10.06.13:576][126]LogEditorActor: Deleted 1 Actors (0.030 secs)
[2019.01.30-10.06.15:609][245]LogSlate: FSceneViewport::OnFocusLost() reason 2
[2019.01.30-10.06.28:974][ 14]LogActorFactory: Actor Factory created Cube
[2019.01.30-10.06.29:684][ 25]LogActorFactory: Actor Factory created Cube
[2019.01.30-10.06.30:680][ 84]LogSlate: FSceneViewport::OnFocusLost() reason 0
[2019.01.30-10.06.32:567][197]Cmd: CAMERA ALIGN ACTIVEVIEWPORTONLY
[2019.01.30-10.06.35:362][360]LogSlate: FSceneViewport::OnFocusLost() reason 0
[2019.01.30-10.06.40:526][638]LogEditorViewport: Clicking Background
[2019.01.30-10.06.40:538][638]Cmd: CAMERA ALIGN ACTIVEVIEWPORTONLY
[2019.01.30-10.06.40:538][638]Can't find target actor or component.
[2019.01.30-10.06.41:494][695]LogEditorViewport: Clicking on Actor (LMB): StaticMeshActor (Cube)
[2019.01.30-10.06.41:703][704]Cmd: CAMERA ALIGN ACTIVEVIEWPORTONLY
[2019.01.30-10.07.36:178][820]LogSlate: FSceneViewport::OnFocusLost() reason 0
[2019.01.30-10.07.36:282][826]LogTemp: Repeating last play command: Selected Viewport
[2019.01.30-10.07.36:294][826]LogBlueprintUserMessages: Early PlayInEditor Detection: Level '/Game/Lucul/Scenes/LuculScene.LuculScene:PersistentLevel' has LevelScriptBlueprint '/Game/Lucul/Scenes/LuculScene.LuculScene:PersistentLevel.LuculScene' with GeneratedClass '/Game/Lucul/Scenes/LuculScene.LuculScene_C' with ClassGeneratedBy '/Game/Lucul/Scenes/LuculScene.LuculScene:PersistentLevel.LuculScene'
[2019.01.30-10.07.36:295][826]LogPlayLevel: PlayLevel: No blueprints needed recompiling
[2019.01.30-10.07.36:295][826]PIE: New page: PIE session: LuculScene (30 janv. 2019 12:07:36)
[2019.01.30-10.07.36:295][826]LogPlayLevel: Creating play world package: /Game/Lucul/Scenes/UEDPIE_0_LuculScene
[2019.01.30-10.07.36:298][826]LogPlayLevel: PIE: StaticDuplicateObject took: (0.003026s)
[2019.01.30-10.07.36:299][826]LogAIModule: Creating AISystem for world LuculScene
[2019.01.30-10.07.36:299][826]LogPlayLevel: PIE: World Init took: (0.000903s)
[2019.01.30-10.07.36:299][826]LogPlayLevel: PIE: Created PIE world by copying editor world from /Game/Lucul/Scenes/LuculScene.LuculScene to /Game/Lucul/Scenes/UEDPIE_0_LuculScene.LuculScene (0.004073s)
[2019.01.30-10.07.36:329][826]LogInit: XAudio2 using 'Haut-parleurs (Realtek High Definition Audio)' : 2 channels at 48 kHz using 32 bits per sample (channel mask 0x3)
[2019.01.30-10.07.36:384][826]LogInit: FAudioDevice initialized.
[2019.01.30-10.07.36:417][826]LogLoad: Game class is 'ThirdPersonGameMode_C'
[2019.01.30-10.07.36:419][826]LogWorld: Bringing World /Game/Lucul/Scenes/UEDPIE_0_LuculScene.LuculScene up for play (max tick rate 60) at 2019.01.30-11.07.36
[2019.01.30-10.07.36:420][826]LogWorld: Bringing up level for play took: 0.001814
[2019.01.30-10.07.36:437][826]PIE: Play in editor start time for /Game/Lucul/Scenes/UEDPIE_0_LuculScene 1,08
[2019.01.30-10.07.36:437][826]LogBlueprintUserMessages: Late PlayInEditor Detection: Level '/Game/Lucul/Scenes/LuculScene.LuculScene:PersistentLevel' has LevelScriptBlueprint '/Game/Lucul/Scenes/LuculScene.LuculScene:PersistentLevel.LuculScene' with GeneratedClass '/Game/Lucul/Scenes/LuculScene.LuculScene_C' with ClassGeneratedBy '/Game/Lucul/Scenes/LuculScene.LuculScene:PersistentLevel.LuculScene'
[2019.01.30-10.07.43:005][197]LogBlueprintUserMessages: Early EndPlayMap Detection: Level '/Game/Lucul/Scenes/LuculScene.LuculScene:PersistentLevel' has LevelScriptBlueprint '/Game/Lucul/Scenes/LuculScene.LuculScene:PersistentLevel.LuculScene' with GeneratedClass '/Game/Lucul/Scenes/LuculScene.LuculScene_C' with ClassGeneratedBy '/Game/Lucul/Scenes/LuculScene.LuculScene:PersistentLevel.LuculScene'
[2019.01.30-10.07.43:005][197]LogSlate: Updating window title bar state: overlay mode, drag disabled, window buttons hidden, title bar hidden
[2019.01.30-10.07.43:043][197]LogPlayLevel: Display: Shutting down PIE online subsystems
[2019.01.30-10.07.43:044][197]LogBlueprintUserMessages: Late EndPlayMap Detection: Level '/Game/Lucul/Scenes/LuculScene.LuculScene:PersistentLevel' has LevelScriptBlueprint '/Game/Lucul/Scenes/LuculScene.LuculScene:PersistentLevel.LuculScene' with GeneratedClass '/Game/Lucul/Scenes/LuculScene.LuculScene_C' with ClassGeneratedBy '/Game/Lucul/Scenes/LuculScene.LuculScene:PersistentLevel.LuculScene'
[2019.01.30-10.07.43:073][197]LogSlate: Updating window title bar state: overlay mode, drag disabled, window buttons hidden, title bar hidden
[2019.01.30-10.07.43:113][199]LogPlayLevel: Display: Destroying online subsystem :Context_10
[2019.01.30-10.07.44:913][302]LogEditorViewport: Clicking on Actor (LMB): StaticMeshActor (Cube)
[2019.01.30-10.07.52:074][720]LogSlate: FSceneViewport::OnFocusLost() reason 0
[2019.01.30-10.08.02:895][279]LogAssetEditorManager: Opening Asset editor for Material /Engine/BasicShapes/BasicShapeMaterial.BasicShapeMaterial
[2019.01.30-10.08.03:022][279]LogMaterial: Display: Missing cached shader map for material BasicShapeMaterial, compiling. 
[2019.01.30-10.08.04:820][279]LogMaterial: Display: Missing cached shader map for material BasicShapeMaterial, compiling. 
[2019.01.30-10.08.04:864][279]LogShaderCompilers: Display: Shaders left to compile 30
[2019.01.30-10.08.04:864][279]LogShaderCompilers: Display: Shaders left to compile 29
[2019.01.30-10.08.04:864][279]LogShaderCompilers: Display: Shaders left to compile 28
[2019.01.30-10.08.04:969][279]LogMaterial: Display: Missing cached shader map for material FMatExpressionPreview MaterialExpressionVectorParameter_0, compiling. 
[2019.01.30-10.08.05:110][279]LogSlate: Took 0.043216 seconds to synchronously load lazily loaded font '../../../Engine/Content/Slate/Fonts/Roboto-BoldCondensed.ttf' (158K)
[2019.01.30-10.08.09:186][396]LogShaderCompilers: Display: Shaders left to compile 29
[2019.01.30-10.08.09:186][396]LogShaderCompilers: Display: Shaders left to compile 28
[2019.01.30-10.08.09:210][396]LogShaderCompilers: Display: Shaders left to compile 27
[2019.01.30-10.08.09:747][416]LogShaderCompilers: Display: Shaders left to compile 26
[2019.01.30-10.08.09:773][417]LogShaderCompilers: Display: Shaders left to compile 25
[2019.01.30-10.08.09:875][420]LogShaderCompilers: Display: Shaders left to compile 24
[2019.01.30-10.08.10:305][422]LogShaderCompilers: Display: Shaders left to compile 23
[2019.01.30-10.08.10:305][422]LogShaderCompilers: Display: Shaders left to compile 22
[2019.01.30-10.08.10:441][428]LogShaderCompilers: Display: Shaders left to compile 21
[2019.01.30-10.08.12:491][530]LogShaderCompilers: Display: Shaders left to compile 20
[2019.01.30-10.08.13:168][561]LogShaderCompilers: Display: Shaders left to compile 19
[2019.01.30-10.08.13:857][597]LogShaderCompilers: Display: Shaders left to compile 18
[2019.01.30-10.08.14:989][656]LogShaderCompilers: Display: Shaders left to compile 17
[2019.01.30-10.08.15:514][684]LogShaderCompilers: Display: Shaders left to compile 16
[2019.01.30-10.08.16:381][728]LogShaderCompilers: Display: Shaders left to compile 15
[2019.01.30-10.08.18:300][829]LogShaderCompilers: Display: Shaders left to compile 14
[2019.01.30-10.08.18:376][833]LogShaderCompilers: Display: Shaders left to compile 13
[2019.01.30-10.08.18:637][846]LogShaderCompilers: Display: Shaders left to compile 12
[2019.01.30-10.08.20:501][938]LogShaderCompilers: Display: Shaders left to compile 11
[2019.01.30-10.08.21:050][962]LogShaderCompilers: Display: Shaders left to compile 10
[2019.01.30-10.08.21:167][968]LogShaderCompilers: Display: Shaders left to compile 9
[2019.01.30-10.08.23:805][ 62]LogShaderCompilers: Display: Shaders left to compile 8
[2019.01.30-10.08.23:851][ 62]LogShaderCompilers: Display: Shaders left to compile 7
[2019.01.30-10.08.23:896][ 63]LogShaderCompilers: Display: Shaders left to compile 6
[2019.01.30-10.08.24:905][112]LogShaderCompilers: Display: Shaders left to compile 5
[2019.01.30-10.08.24:948][114]LogSlate: Window 'BasicShapeMaterial' being destroyed
[2019.01.30-10.08.25:441][143]LogShaderCompilers: Display: Shaders left to compile 4
[2019.01.30-10.08.25:609][153]LogShaderCompilers: Display: Shaders left to compile 3
[2019.01.30-10.08.25:892][169]LogShaderCompilers: Display: Shaders left to compile 2
[2019.01.30-10.08.26:204][187]LogShaderCompilers: Display: Shaders left to compile 1
[2019.01.30-10.08.27:328][223]MaterialEditorStats: Base pass shader: 106 instructions
[2019.01.30-10.08.27:328][223]MaterialEditorStats: Base pass shader with Surface Lightmap: 124 instructions
[2019.01.30-10.08.27:328][223]MaterialEditorStats: Base pass shader with Volumetric Lightmap: 180 instructions
[2019.01.30-10.08.27:328][223]MaterialEditorStats: Base pass vertex shader: 32 instructions
[2019.01.30-10.08.27:328][223]MaterialEditorStats: Texture samplers: 3/16
[2019.01.30-10.08.28:284][280]LogSlate: FSceneViewport::OnFocusLost() reason 0
[2019.01.30-10.08.35:505][697]LogEditorViewport: Clicking Background
[2019.01.30-10.08.36:060][729]LogSlate: FSceneViewport::OnFocusLost() reason 2
[2019.01.30-10.08.36:248][729]LogSavePackage: Moving '../../../../../../Users/lucas/Documents/Unreal Projects/EndlessRunner/EndlessRunnerSeb/EndlessRunnerLuc/Saved/LuculScene1C3E49D64217088EC4EED681713F2D17.tmp' to '../../../../../../Users/lucas/Documents/Unreal Projects/EndlessRunner/EndlessRunnerSeb/EndlessRunnerLuc/Content/Lucul/Scenes/LuculScene.umap'
[2019.01.30-10.08.36:303][729]LogSavePackage: Moving '../../../../../../Users/lucas/Documents/Unreal Projects/EndlessRunner/EndlessRunnerSeb/EndlessRunnerLuc/Saved/LuculScene_BuiltData4A485F454344D1E523DA9BBB2FA9E6EB.tmp' to '../../../../../../Users/lucas/Documents/Unreal Projects/EndlessRunner/EndlessRunnerSeb/EndlessRunnerLuc/Content/Lucul/Scenes/LuculScene_BuiltData.uasset'
[2019.01.30-10.09.33:856][982]LogSlate: FSceneViewport::OnFocusLost() reason 0
[2019.01.30-10.09.34:012][991]LogAssetEditorManager: Opening Asset editor for Material /Game/Lucul/Materials/NewMaterial.NewMaterial
[2019.01.30-10.09.34:016][991]LogMaterial: Display: Missing cached shader map for material NewMaterial, compiling. 
[2019.01.30-10.09.34:096][991]LogMaterial: Display: Missing cached shader map for material NewMaterial, compiling. 
[2019.01.30-10.09.34:128][991]LogShaderCompilers: Display: Shaders left to compile 21
[2019.01.30-10.09.34:128][991]LogShaderCompilers: Display: Shaders left to compile 20
[2019.01.30-10.09.34:128][991]LogShaderCompilers: Display: Shaders left to compile 19
[2019.01.30-10.09.34:859][ 28]LogShaderCompilers: Display: Shaders left to compile 18
[2019.01.30-10.09.34:874][ 29]LogShaderCompilers: Display: Shaders left to compile 17
[2019.01.30-10.09.35:267][ 52]LogShaderCompilers: Display: Shaders left to compile 16
[2019.01.30-10.09.35:267][ 52]LogShaderCompilers: Display: Shaders left to compile 15
[2019.01.30-10.09.35:355][ 57]LogShaderCompilers: Display: Shaders left to compile 14
[2019.01.30-10.09.35:616][ 72]LogShaderCompilers: Display: Shaders left to compile 13
[2019.01.30-10.09.36:755][140]LogShaderCompilers: Display: Shaders left to compile 12
[2019.01.30-10.09.36:769][141]LogShaderCompilers: Display: Shaders left to compile 11
[2019.01.30-10.09.36:784][142]LogShaderCompilers: Display: Shaders left to compile 10
[2019.01.30-10.09.37:282][171]LogShaderCompilers: Display: Shaders left to compile 9
[2019.01.30-10.09.37:360][175]LogEditorViewport: Clicking on Actor (LMB): StaticMeshActor (Cube)
[2019.01.30-10.09.37:627][187]LogShaderCompilers: Display: Shaders left to compile 8
[2019.01.30-10.09.37:964][206]LogShaderCompilers: Display: Shaders left to compile 7
[2019.01.30-10.09.38:033][210]LogShaderCompilers: Display: Shaders left to compile 6
[2019.01.30-10.09.38:371][230]LogShaderCompilers: Display: Shaders left to compile 5
[2019.01.30-10.09.38:546][240]LogShaderCompilers: Display: Shaders left to compile 4
[2019.01.30-10.09.39:127][274]LogShaderCompilers: Display: Shaders left to compile 3
[2019.01.30-10.09.39:297][284]LogShaderCompilers: Display: Shaders left to compile 2
[2019.01.30-10.09.39:493][295]LogSlate: FSceneViewport::OnFocusLost() reason 0
[2019.01.30-10.09.39:801][313]LogShaderCompilers: Display: Shaders left to compile 1
[2019.01.30-10.09.40:638][362]MaterialEditorStats: Base pass shader: 103 instructions
[2019.01.30-10.09.40:638][362]MaterialEditorStats: Base pass shader with Volumetric Lightmap: 177 instructions
[2019.01.30-10.09.40:638][362]MaterialEditorStats: Base pass vertex shader: 32 instructions
[2019.01.30-10.09.40:638][362]MaterialEditorStats: Texture samplers: 3/16
[2019.01.30-10.09.44:930][615]LogSlate: FSceneViewport::OnFocusLost() reason 0
[2019.01.30-10.10.36:411][631]LogSlate: FSceneViewport::OnFocusLost() reason 0
[2019.01.30-10.10.40:373][867]Cmd: TRANSACTION UNDO
[2019.01.30-10.10.40:373][867]LogEditorTransaction: Undo Scale Actors
[2019.01.30-10.10.40:589][867]LogMaterial: Display: Missing cached shader map for material BasicShapeMaterial, compiling. 
[2019.01.30-10.10.40:657][867]LogShaderCompilers: Display: Shaders left to compile 30
[2019.01.30-10.10.40:657][867]LogShaderCompilers: Display: Shaders left to compile 29
[2019.01.30-10.10.40:657][867]LogShaderCompilers: Display: Shaders left to compile 28
[2019.01.30-10.10.40:660][867]LogMaterial: Display: Missing cached shader map for material NewMaterial, compiling. 
[2019.01.30-10.10.41:364][905]Cmd: TRANSACTION UNDO
[2019.01.30-10.10.41:364][905]LogEditorTransaction: Undo Replace component used material
[2019.01.30-10.10.41:369][905]LogMaterial: Display: Missing cached shader map for material BasicShapeMaterial, compiling. 
[2019.01.30-10.10.41:394][905]LogMaterial: Display: Missing cached shader map for material NewMaterial, compiling. 
[2019.01.30-10.10.41:453][906]LogShaderCompilers: Display: Shaders left to compile 51
[2019.01.30-10.10.41:508][910]LogShaderCompilers: Display: Shaders left to compile 50
[2019.01.30-10.10.41:542][912]LogShaderCompilers: Display: Shaders left to compile 49
[2019.01.30-10.10.41:968][937]LogShaderCompilers: Display: Shaders left to compile 48
[2019.01.30-10.10.42:070][943]LogShaderCompilers: Display: Shaders left to compile 47
[2019.01.30-10.10.42:109][945]LogShaderCompilers: Display: Shaders left to compile 46
[2019.01.30-10.10.42:347][959]LogShaderCompilers: Display: Shaders left to compile 45
[2019.01.30-10.10.42:448][965]LogShaderCompilers: Display: Shaders left to compile 44
[2019.01.30-10.10.42:491][967]LogShaderCompilers: Display: Shaders left to compile 43
[2019.01.30-10.10.42:748][982]LogShaderCompilers: Display: Shaders left to compile 42
[2019.01.30-10.10.42:748][982]LogShaderCompilers: Display: Shaders left to compile 41
[2019.01.30-10.10.42:906][991]LogShaderCompilers: Display: Shaders left to compile 40
[2019.01.30-10.10.44:088][ 61]LogShaderCompilers: Display: Shaders left to compile 39
[2019.01.30-10.10.44:104][ 62]LogShaderCompilers: Display: Shaders left to compile 38
[2019.01.30-10.10.44:104][ 62]LogShaderCompilers: Display: Shaders left to compile 37
[2019.01.30-10.10.44:702][ 94]LogShaderCompilers: Display: Shaders left to compile 36
[2019.01.30-10.10.45:274][128]LogShaderCompilers: Display: Shaders left to compile 35
[2019.01.30-10.10.45:295][129]LogShaderCompilers: Display: Shaders left to compile 34
[2019.01.30-10.10.45:485][140]LogShaderCompilers: Display: Shaders left to compile 33
[2019.01.30-10.10.45:485][140]LogSlate: FSceneViewport::OnFocusLost() reason 0
[2019.01.30-10.10.45:700][153]LogShaderCompilers: Display: Shaders left to compile 32
[2019.01.30-10.10.46:103][176]LogShaderCompilers: Display: Shaders left to compile 31
[2019.01.30-10.10.46:378][192]LogShaderCompilers: Display: Shaders left to compile 30
[2019.01.30-10.10.46:652][208]LogShaderCompilers: Display: Shaders left to compile 29
[2019.01.30-10.10.46:721][212]LogShaderCompilers: Display: Shaders left to compile 28
[2019.01.30-10.10.47:418][253]LogShaderCompilers: Display: Shaders left to compile 27
[2019.01.30-10.10.47:432][254]LogShaderCompilers: Display: Shaders left to compile 26
[2019.01.30-10.10.47:756][273]LogShaderCompilers: Display: Shaders left to compile 25
[2019.01.30-10.10.48:467][315]LogShaderCompilers: Display: Shaders left to compile 24
[2019.01.30-10.10.48:486][316]LogShaderCompilers: Display: Shaders left to compile 23
[2019.01.30-10.10.48:486][316]LogShaderCompilers: Display: Shaders left to compile 22
[2019.01.30-10.10.49:103][352]LogShaderCompilers: Display: Shaders left to compile 21
[2019.01.30-10.10.49:302][364]LogShaderCompilers: Display: Shaders left to compile 20
[2019.01.30-10.10.49:320][365]LogShaderCompilers: Display: Shaders left to compile 19
[2019.01.30-10.10.49:344][366]MaterialEditorStats: Base pass shader: 106 instructions
[2019.01.30-10.10.49:344][366]MaterialEditorStats: Base pass shader with Surface Lightmap: 124 instructions
[2019.01.30-10.10.49:344][366]MaterialEditorStats: Base pass shader with Volumetric Lightmap: 180 instructions
[2019.01.30-10.10.49:344][366]MaterialEditorStats: Base pass vertex shader: 32 instructions
[2019.01.30-10.10.49:344][366]MaterialEditorStats: Texture samplers: 3/16
[2019.01.30-10.10.49:545][378]LogShaderCompilers: Display: Shaders left to compile 18
[2019.01.30-10.10.49:751][390]LogShaderCompilers: Display: Shaders left to compile 17
[2019.01.30-10.10.49:817][394]LogShaderCompilers: Display: Shaders left to compile 16
[2019.01.30-10.10.49:851][396]LogShaderCompilers: Display: Shaders left to compile 15
[2019.01.30-10.10.50:123][412]LogShaderCompilers: Display: Shaders left to compile 14
[2019.01.30-10.10.50:170][415]LogShaderCompilers: Display: Shaders left to compile 13
[2019.01.30-10.10.50:290][422]LogShaderCompilers: Display: Shaders left to compile 12
[2019.01.30-10.10.50:461][432]LogShaderCompilers: Display: Shaders left to compile 11
[2019.01.30-10.10.50:510][435]LogShaderCompilers: Display: Shaders left to compile 10
[2019.01.30-10.10.51:053][467]LogShaderCompilers: Display: Shaders left to compile 9
[2019.01.30-10.10.51:190][475]LogShaderCompilers: Display: Shaders left to compile 8
[2019.01.30-10.10.51:412][488]LogShaderCompilers: Display: Shaders left to compile 7
[2019.01.30-10.10.53:191][593]LogShaderCompilers: Display: Shaders left to compile 6
[2019.01.30-10.10.53:192][593]LogShaderCompilers: Display: Shaders left to compile 5
[2019.01.30-10.10.53:192][593]LogShaderCompilers: Display: Shaders left to compile 4
[2019.01.30-10.10.53:668][620]LogShaderCompilers: Display: Shaders left to compile 3
[2019.01.30-10.10.54:519][671]LogShaderCompilers: Display: Shaders left to compile 2
[2019.01.30-10.10.54:556][673]LogShaderCompilers: Display: Shaders left to compile 1
[2019.01.30-10.10.55:780][746]MaterialEditorStats: Base pass shader: 103 instructions
[2019.01.30-10.10.55:780][746]MaterialEditorStats: Base pass shader with Volumetric Lightmap: 177 instructions
[2019.01.30-10.10.55:780][746]MaterialEditorStats: Base pass vertex shader: 32 instructions
[2019.01.30-10.10.55:781][746]MaterialEditorStats: Texture samplers: 3/16
[2019.01.30-10.11.09:284][555]LogSlate: FSceneViewport::OnFocusLost() reason 0
[2019.01.30-10.16.18:310][371]LogEditorViewport: Clicking Background
[2019.01.30-10.16.18:572][385]LogSlate: FSceneViewport::OnFocusLost() reason 2
[2019.01.30-10.16.18:765][385]LogSavePackage: Moving '../../../../../../Users/lucas/Documents/Unreal Projects/EndlessRunner/EndlessRunnerSeb/EndlessRunnerLuc/Saved/LuculSceneDC85F05A41792FA51D2FFB8B60C4E354.tmp' to '../../../../../../Users/lucas/Documents/Unreal Projects/EndlessRunner/EndlessRunnerSeb/EndlessRunnerLuc/Content/Lucul/Scenes/LuculScene.umap'
[2019.01.30-10.16.18:815][385]LogSavePackage: Moving '../../../../../../Users/lucas/Documents/Unreal Projects/EndlessRunner/EndlessRunnerSeb/EndlessRunnerLuc/Saved/LuculScene_BuiltDataC49FD6EA49900B8807F340899596B1BC.tmp' to '../../../../../../Users/lucas/Documents/Unreal Projects/EndlessRunner/EndlessRunnerSeb/EndlessRunnerLuc/Content/Lucul/Scenes/LuculScene_BuiltData.uasset'
[2019.01.30-10.16.20:503][485]LogSlate: FSceneViewport::OnFocusLost() reason 0
[2019.01.30-10.21.28:338][251]LogSlate: FSceneViewport::OnFocusLost() reason 0
[2019.01.30-10.21.32:637][509]LogEditorViewport: Clicking Background
[2019.01.30-10.21.33:579][565]LogSlate: FSceneViewport::OnFocusLost() reason 2
[2019.01.30-10.21.33:727][565]LogSavePackage: Moving '../../../../../../Users/lucas/Documents/Unreal Projects/EndlessRunner/EndlessRunnerSeb/EndlessRunnerLuc/Saved/LuculSceneBD6AE77044A27631315EBD9F180D4989.tmp' to '../../../../../../Users/lucas/Documents/Unreal Projects/EndlessRunner/EndlessRunnerSeb/EndlessRunnerLuc/Content/Lucul/Scenes/LuculScene.umap'
[2019.01.30-10.21.33:774][565]LogSavePackage: Moving '../../../../../../Users/lucas/Documents/Unreal Projects/EndlessRunner/EndlessRunnerSeb/EndlessRunnerLuc/Saved/LuculScene_BuiltDataB384D8C94A7D7BA50D6E9BB850B063D2.tmp' to '../../../../../../Users/lucas/Documents/Unreal Projects/EndlessRunner/EndlessRunnerSeb/EndlessRunnerLuc/Content/Lucul/Scenes/LuculScene_BuiltData.uasset'
[2019.01.30-10.21.40:215][836]LogSlate: FSceneViewport::OnFocusLost() reason 0
[2019.01.30-10.21.43:987][843]LogSlate: Window 'Message' being destroyed
[2019.01.30-10.21.51:913][843]LogMaterial: Display: Missing cached shader map for material BasicShapeMaterial, compiling. 
[2019.01.30-10.21.51:987][843]LogShaderCompilers: Display: Shaders left to compile 30
[2019.01.30-10.21.51:987][843]LogShaderCompilers: Display: Shaders left to compile 29
[2019.01.30-10.21.51:987][843]LogShaderCompilers: Display: Shaders left to compile 28
[2019.01.30-10.21.52:027][843]LogMaterial: Display: Missing cached shader map for material BasicShapeMaterial, compiling. 
[2019.01.30-10.21.52:114][843]LogMaterial: Display: Missing cached shader map for material BasicShapeMaterial, compiling. 
[2019.01.30-10.21.52:281][843]LogMaterial: Display: Missing cached shader map for material FDebugViewModeMaterialProxy BasicShapeMaterial, compiling. 
[2019.01.30-10.21.55:170][843]LogShaderCompilers: Display: Shaders left to compile 89
[2019.01.30-10.21.55:170][843]LogShaderCompilers: Display: Shaders left to compile 88
[2019.01.30-10.21.55:170][843]LogShaderCompilers: Display: Shaders left to compile 87
[2019.01.30-10.21.55:170][843]LogShaderCompilers: Display: Shaders left to compile 86
[2019.01.30-10.21.55:170][843]LogShaderCompilers: Display: Shaders left to compile 85
[2019.01.30-10.21.55:170][843]LogShaderCompilers: Display: Shaders left to compile 84
[2019.01.30-10.21.55:170][843]LogShaderCompilers: Display: Shaders left to compile 83
[2019.01.30-10.21.55:170][843]LogShaderCompilers: Display: Shaders left to compile 82
[2019.01.30-10.21.55:170][843]LogShaderCompilers: Display: Shaders left to compile 81
[2019.01.30-10.21.55:170][843]LogShaderCompilers: Display: Shaders left to compile 80
[2019.01.30-10.21.55:170][843]LogShaderCompilers: Display: Shaders left to compile 79
[2019.01.30-10.21.55:170][843]LogShaderCompilers: Display: Shaders left to compile 78
[2019.01.30-10.21.55:170][843]LogShaderCompilers: Display: Shaders left to compile 77
[2019.01.30-10.21.55:170][843]LogShaderCompilers: Display: Shaders left to compile 76
[2019.01.30-10.21.55:170][843]LogShaderCompilers: Display: Shaders left to compile 75
[2019.01.30-10.21.55:170][843]LogShaderCompilers: Display: Shaders left to compile 74
[2019.01.30-10.21.55:170][843]LogShaderCompilers: Display: Shaders left to compile 73
[2019.01.30-10.21.55:170][843]LogShaderCompilers: Display: Shaders left to compile 72
[2019.01.30-10.21.55:170][843]LogShaderCompilers: Display: Shaders left to compile 71
[2019.01.30-10.21.55:170][843]LogShaderCompilers: Display: Shaders left to compile 70
[2019.01.30-10.21.55:170][843]LogShaderCompilers: Display: Shaders left to compile 69
[2019.01.30-10.21.55:170][843]LogShaderCompilers: Display: Shaders left to compile 68
[2019.01.30-10.21.55:170][843]LogShaderCompilers: Display: Shaders left to compile 67
[2019.01.30-10.21.55:170][843]LogShaderCompilers: Display: Shaders left to compile 66
[2019.01.30-10.21.55:170][843]LogShaderCompilers: Display: Shaders left to compile 65
[2019.01.30-10.21.55:170][843]LogShaderCompilers: Display: Shaders left to compile 64
[2019.01.30-10.21.55:170][843]LogShaderCompilers: Display: Shaders left to compile 63
[2019.01.30-10.21.55:170][843]LogShaderCompilers: Display: Shaders left to compile 62
[2019.01.30-10.21.55:170][843]LogShaderCompilers: Display: Shaders left to compile 61
[2019.01.30-10.21.55:170][843]LogShaderCompilers: Display: Shaders left to compile 51
[2019.01.30-10.21.55:170][843]LogShaderCompilers: Display: Shaders left to compile 41
[2019.01.30-10.21.55:191][843]TextureStreamingBuild: Display: Compiling optional shaders took 2.969 seconds.
[2019.01.30-10.21.56:540][843]LogShaderCompilers: Display: Shaders left to compile 31
[2019.01.30-10.21.57:689][843]LogShaderCompilers: Display: Shaders left to compile 21
[2019.01.30-10.21.57:774][843]LogShaderCompilers: Display: Shaders left to compile 11
[2019.01.30-10.21.58:215][843]LogShaderCompilers: Display: Shaders left to compile 1
