Log file open, 02/03/19 10:24:10
LogWindows: Failed to load 'aqProf.dll' (GetLastError=126)
LogWindows: File 'aqProf.dll' does not exist
LogWindows: Failed to load 'VtuneApi.dll' (GetLastError=126)
LogWindows: File 'VtuneApi.dll' does not exist
LogWindows: Failed to load 'VtuneApi32e.dll' (GetLastError=126)
LogWindows: File 'VtuneApi32e.dll' does not exist
LogConsoleResponse: Display: Failed to find resolution value strings in scalability ini. Falling back to default.
LogInit: Display: Running engine for game: EndlessRunnerLuc
LogPakFile: Registered encryption key '00000000000000000000000000000000': 0 pak files mounted, 0 remain pending
LogPlatformFile: Not using cached read wrapper
LogTaskGraph: Started task graph with 5 named threads and 35 total threads with 3 sets of task threads.
LogStats: Stats thread started at 4.177003
LogD3D11RHI: Loaded GFSDK_Aftermath_Lib.x64.dll
LogICUInternationalization: ICU TimeZone Detection - Raw Offset: +1:00, Platform Override: ''
LogPluginManager: Mounting plugin Paper2D
LogPluginManager: Mounting plugin AISupport
LogPluginManager: Mounting plugin LightPropagationVolume
LogPluginManager: Mounting plugin ActorLayerUtilities
LogPluginManager: Mounting plugin CLionSourceCodeAccess
LogPluginManager: Mounting plugin CodeLiteSourceCodeAccess
LogPluginManager: Mounting plugin GitSourceControl
LogPluginManager: Mounting plugin KDevelopSourceCodeAccess
LogPluginManager: Mounting plugin NullSourceCodeAccess
LogPluginManager: Mounting plugin PerforceSourceControl
LogPluginManager: Mounting plugin SubversionSourceControl
LogPluginManager: Mounting plugin UObjectPlugin
LogPluginManager: Mounting plugin VisualStudioCodeSourceCodeAccess
LogPluginManager: Mounting plugin VisualStudioSourceCodeAccess
LogPluginManager: Mounting plugin XCodeSourceCodeAccess
LogPluginManager: Mounting plugin AssetManagerEditor
LogPluginManager: Mounting plugin CryptoKeys
LogPluginManager: Mounting plugin DataValidation
LogPluginManager: Mounting plugin FacialAnimation
LogPluginManager: Mounting plugin GameplayTagsEditor
LogPluginManager: Mounting plugin MacGraphicsSwitching
LogPluginManager: Mounting plugin MeshEditor
LogPluginManager: Mounting plugin MobileLauncherProfileWizard
LogPluginManager: Mounting plugin PluginBrowser
LogPluginManager: Mounting plugin SpeedTreeImporter
LogPluginManager: Mounting plugin DatasmithContent
LogPluginManager: Mounting plugin VariantManagerContent
LogPluginManager: Mounting plugin AlembicImporter
LogPluginManager: Mounting plugin AppleImageUtils
LogPluginManager: Mounting plugin AppleVision
LogPluginManager: Mounting plugin BackChannel
LogPluginManager: Mounting plugin CharacterAI
LogPluginManager: Mounting plugin GeometryCache
LogPluginManager: Mounting plugin HTML5Networking
LogPluginManager: Mounting plugin ProxyLODPlugin
LogPluginManager: Mounting plugin MagicLeap
LogPluginManager: Mounting plugin MagicLeapMedia
LogPluginManager: Mounting plugin AndroidMedia
LogPluginManager: Mounting plugin AvfMedia
LogPluginManager: Mounting plugin ImgMedia
LogPluginManager: Mounting plugin LinearTimecode
LogPluginManager: Mounting plugin MediaCompositing
LogPluginManager: Mounting plugin MediaPlayerEditor
LogPluginManager: Mounting plugin WebMMedia
LogPluginManager: Mounting plugin WmfMedia
LogPluginManager: Mounting plugin TcpMessaging
LogPluginManager: Mounting plugin UdpMessaging
LogPluginManager: Mounting plugin ActorSequence
LogPluginManager: Mounting plugin LevelSequenceEditor
LogPluginManager: Mounting plugin MatineeToLevelSequence
LogPluginManager: Mounting plugin NetcodeUnitTest
LogPluginManager: Mounting plugin NUTUnrealEngine4
LogPluginManager: Mounting plugin OnlineSubsystemGooglePlay
LogPluginManager: Mounting plugin OnlineSubsystemIOS
LogPluginManager: Mounting plugin OnlineSubsystem
LogPluginManager: Mounting plugin OnlineSubsystemNull
LogPluginManager: Mounting plugin OnlineSubsystemUtils
LogPluginManager: Mounting plugin LauncherChunkInstaller
LogPluginManager: Mounting plugin AndroidDeviceProfileSelector
LogPluginManager: Mounting plugin AndroidMoviePlayer
LogPluginManager: Mounting plugin AndroidPermission
LogPluginManager: Mounting plugin AppleMoviePlayer
LogPluginManager: Mounting plugin ArchVisCharacter
LogPluginManager: Mounting plugin AudioCapture
LogPluginManager: Mounting plugin CableComponent
LogPluginManager: Mounting plugin CustomMeshComponent
LogPluginManager: Mounting plugin EditableMesh
LogPluginManager: Mounting plugin ExampleDeviceProfileSelector
LogPluginManager: Mounting plugin Firebase
LogPluginManager: Mounting plugin GoogleCloudMessaging
LogPluginManager: Mounting plugin IOSDeviceProfileSelector
LogPluginManager: Mounting plugin LinuxDeviceProfileSelector
LogPluginManager: Mounting plugin LocationServicesBPLibrary
LogPluginManager: Mounting plugin MobilePatchingUtils
LogPluginManager: Mounting plugin OculusVR
LogPluginManager: Mounting plugin PhysXVehicles
LogPluginManager: Mounting plugin ProceduralMeshComponent
LogPluginManager: Mounting plugin RuntimePhysXCooking
LogPluginManager: Mounting plugin SteamVR
LogPluginManager: Mounting plugin WebMMoviePlayer
LogPluginManager: Mounting plugin WindowsMoviePlayer
LogStreaming: Display: Took  0.306s to configure plugins.
LogInit: Using libcurl 7.55.1-DEV
LogInit:  - built for x86_64-pc-win32
LogInit:  - supports SSL with OpenSSL/1.0.2h
LogInit:  - supports HTTP deflate (compression) using libz 1.2.8
LogInit:  - other features:
LogInit:      CURL_VERSION_SSL
LogInit:      CURL_VERSION_LIBZ
LogInit:      CURL_VERSION_IPV6
LogInit:      CURL_VERSION_ASYNCHDNS
LogInit:      CURL_VERSION_LARGEFILE
LogInit:      CURL_VERSION_IDN
LogInit:  CurlRequestOptions (configurable via config and command line):
LogInit:  - bVerifyPeer = true  - Libcurl will verify peer certificate
LogInit:  - bUseHttpProxy = false  - Libcurl will NOT use HTTP proxy
LogInit:  - bDontReuseConnections = false  - Libcurl will reuse connections
LogInit:  - MaxHostConnections = 16  - Libcurl will limit the number of connections to a host
LogInit:  - LocalHostAddr = Default
LogInit:  - BufferSize = 65536
LogInit: WinSock: version 1.1 (2.2), MaxSocks=32767, MaxUdp=65467
LogInit: Build: ++UE4+Release-4.21-CL-4753647
LogInit: Engine Version: 4.21.2-4753647+++UE4+Release-4.21
LogInit: Compatible Engine Version: 4.21.0-4541578+++UE4+Release-4.21
LogInit: Net CL: 4541578
LogInit: OS: Windows 10 (), CPU: Intel(R) Core(TM) i7-5930K CPU @ 3.50GHz, GPU: NVIDIA GeForce RTX 2070
LogInit: Compiled (64-bit): Jan 19 2019 02:07:31
LogInit: Compiled with Visual C++: 19.13.26129.00
LogInit: Build Configuration: Development
LogInit: Branch Name: ++UE4+Release-4.21
LogInit: Command Line: 
LogInit: Base Directory: D:/Programmes/Epic Games/UE_4.21/Engine/Binaries/Win64/
LogInit: Installed Engine Build: 1
LogDevObjectVersion: Number of dev versions registered: 22
LogDevObjectVersion:   Dev-Blueprints (B0D832E4-1F89-4F0D-ACCF-7EB736FD4AA2): 10
LogDevObjectVersion:   Dev-Build (E1C64328-A22C-4D53-A36C-8E866417BD8C): 0
LogDevObjectVersion:   Dev-Core (375EC13C-06E4-48FB-B500-84F0262A717E): 2
LogDevObjectVersion:   Dev-Editor (E4B068ED-F494-42E9-A231-DA0B2E46BB41): 26
LogDevObjectVersion:   Dev-Framework (CFFC743F-43B0-4480-9391-14DF171D2073): 34
LogDevObjectVersion:   Dev-Mobile (B02B49B5-BB20-44E9-A304-32B752E40360): 2
LogDevObjectVersion:   Dev-Networking (A4E4105C-59A1-49B5-A7C5-40C4547EDFEE): 0
LogDevObjectVersion:   Dev-Online (39C831C9-5AE6-47DC-9A44-9C173E1C8E7C): 0
LogDevObjectVersion:   Dev-Physics (78F01B33-EBEA-4F98-B9B4-84EACCB95AA2): 0
LogDevObjectVersion:   Dev-Platform (6631380F-2D4D-43E0-8009-CF276956A95A): 0
LogDevObjectVersion:   Dev-Rendering (12F88B9F-8875-4AFC-A67C-D90C383ABD29): 27
LogDevObjectVersion:   Dev-Sequencer (7B5AE74C-D270-4C10-A958-57980B212A5A): 9
LogDevObjectVersion:   Dev-VR (D7296918-1DD6-4BDD-9DE2-64A83CC13884): 2
LogDevObjectVersion:   Dev-LoadTimes (C2A15278-BFE7-4AFE-6C17-90FF531DF755): 1
LogDevObjectVersion:   Private-Geometry (6EACA3D4-40EC-4CC1-B786-8BED09428FC5): 3
LogDevObjectVersion:   Dev-AnimPhys (29E575DD-E0A3-4627-9D10-D276232CDCEA): 17
LogDevObjectVersion:   Dev-Anim (AF43A65D-7FD3-4947-9873-3E8ED9C1BB05): 2
LogDevObjectVersion:   Dev-ReflectionCapture (6B266CEC-1EC7-4B8F-A30B-E4D90942FC07): 1
LogDevObjectVersion:   Dev-Automation (0DF73D61-A23F-47EA-B727-89E90C41499A): 1
LogDevObjectVersion:   FortniteMain (601D1886-AC64-4F84-AA16-D3DE0DEAC7D6): 17
LogDevObjectVersion:   Dev-Enterprise (9DFFBCD6-494F-0158-E221-12823C92A888): 4
LogDevObjectVersion:   Dev-Niagara (F2AED0AC-9AFE-416F-8664-AA7FFA26D6FC): 1
LogStreaming: Display: Took  0.001s to delete old logs.
LogInit: Presizing for max 8388607 objects, including 0 objects not considered by GC, pre-allocating 0 bytes for permanent pool.
LogInit: Object subsystem initialized
LogConfig: Setting CVar [[con.DebugEarlyDefault:1]]
LogConfig: Setting CVar [[r.setres:1280x720]]
[2019.02.03-09.24.13:374][  0]LogConfig: Setting CVar [[r.VSync:0]]
[2019.02.03-09.24.13:374][  0]LogConfig: Setting CVar [[r.RHICmdBypass:0]]
[2019.02.03-09.24.13:375][  0]LogConfig: Applying CVar settings from Section [/Script/Engine.RendererSettings] File [D:/Projet/EndlessRunnerSeb/EndlessRunnerLuc/Saved/Config/Windows/Engine.ini]
[2019.02.03-09.24.13:375][  0]LogConfig: Setting CVar [[r.GPUCrashDebugging:0]]
[2019.02.03-09.24.13:375][  0]LogConfig: Applying CVar settings from Section [/Script/Engine.RendererOverrideSettings] File [D:/Projet/EndlessRunnerSeb/EndlessRunnerLuc/Saved/Config/Windows/Engine.ini]
[2019.02.03-09.24.13:375][  0]LogConfig: Applying CVar settings from Section [/Script/Engine.StreamingSettings] File [D:/Projet/EndlessRunnerSeb/EndlessRunnerLuc/Saved/Config/Windows/Engine.ini]
[2019.02.03-09.24.13:375][  0]LogConfig: Setting CVar [[s.MinBulkDataSizeForAsyncLoading:131072]]
[2019.02.03-09.24.13:375][  0]LogConfig: Setting CVar [[s.AsyncLoadingThreadEnabled:0]]
[2019.02.03-09.24.13:375][  0]LogConfig: Setting CVar [[s.EventDrivenLoaderEnabled:1]]
[2019.02.03-09.24.13:375][  0]LogConfig: Setting CVar [[s.WarnIfTimeLimitExceeded:0]]
[2019.02.03-09.24.13:375][  0]LogConfig: Setting CVar [[s.TimeLimitExceededMultiplier:1.5]]
[2019.02.03-09.24.13:375][  0]LogConfig: Setting CVar [[s.TimeLimitExceededMinTime:0.005]]
[2019.02.03-09.24.13:375][  0]LogConfig: Setting CVar [[s.UseBackgroundLevelStreaming:1]]
[2019.02.03-09.24.13:375][  0]LogConfig: Setting CVar [[s.PriorityAsyncLoadingExtraTime:15.0]]
[2019.02.03-09.24.13:375][  0]LogConfig: Setting CVar [[s.LevelStreamingActorsUpdateTimeLimit:5.0]]
[2019.02.03-09.24.13:375][  0]LogConfig: Setting CVar [[s.PriorityLevelStreamingActorsUpdateExtraTime:5.0]]
[2019.02.03-09.24.13:375][  0]LogConfig: Setting CVar [[s.LevelStreamingComponentsRegistrationGranularity:10]]
[2019.02.03-09.24.13:375][  0]LogConfig: Setting CVar [[s.UnregisterComponentsTimeLimit:1.0]]
[2019.02.03-09.24.13:375][  0]LogConfig: Setting CVar [[s.LevelStreamingComponentsUnregistrationGranularity:5]]
[2019.02.03-09.24.13:375][  0]LogConfig: Applying CVar settings from Section [/Script/Engine.GarbageCollectionSettings] File [D:/Projet/EndlessRunnerSeb/EndlessRunnerLuc/Saved/Config/Windows/Engine.ini]
[2019.02.03-09.24.13:375][  0]LogConfig: Setting CVar [[gc.MaxObjectsNotConsideredByGC:1]]
[2019.02.03-09.24.13:375][  0]LogConfig: Setting CVar [[gc.SizeOfPermanentObjectPool:0]]
[2019.02.03-09.24.13:375][  0]LogConfig: Setting CVar [[gc.FlushStreamingOnGC:0]]
[2019.02.03-09.24.13:376][  0]LogConfig: Setting CVar [[gc.NumRetriesBeforeForcingGC:10]]
[2019.02.03-09.24.13:376][  0]LogConfig: Setting CVar [[gc.AllowParallelGC:1]]
[2019.02.03-09.24.13:376][  0]LogConfig: Setting CVar [[gc.TimeBetweenPurgingPendingKillObjects:61.1]]
[2019.02.03-09.24.13:376][  0]LogConfig: Setting CVar [[gc.MaxObjectsInEditor:8388607]]
[2019.02.03-09.24.13:376][  0]LogConfig: Setting CVar [[gc.IncrementalBeginDestroyEnabled:1]]
[2019.02.03-09.24.13:376][  0]LogConfig: Setting CVar [[gc.CreateGCClusters:1]]
[2019.02.03-09.24.13:376][  0]LogConfig: Setting CVar [[gc.MergeGCClusters:0]]
[2019.02.03-09.24.13:376][  0]LogConfig: Setting CVar [[gc.MinGCClusterSize:5]]
[2019.02.03-09.24.13:376][  0]LogConfig: Setting CVar [[gc.ActorClusteringEnabled:0]]
[2019.02.03-09.24.13:376][  0]LogConfig: Setting CVar [[gc.BlueprintClusteringEnabled:0]]
[2019.02.03-09.24.13:376][  0]LogConfig: Setting CVar [[gc.UseDisregardForGCOnDedicatedServers:0]]
[2019.02.03-09.24.13:376][  0]LogConfig: Applying CVar settings from Section [/Script/Engine.NetworkSettings] File [D:/Projet/EndlessRunnerSeb/EndlessRunnerLuc/Saved/Config/Windows/Engine.ini]
[2019.02.03-09.24.13:376][  0]LogConfig: Applying CVar settings from Section [/Script/UnrealEd.CookerSettings] File [D:/Projet/EndlessRunnerSeb/EndlessRunnerLuc/Saved/Config/Windows/Engine.ini]
[2019.02.03-09.24.13:499][  0]LogConfig: Applying CVar settings from Section [ViewDistanceQuality@3] File [D:/Projet/EndlessRunnerSeb/EndlessRunnerLuc/Saved/Config/Windows/Scalability.ini]
[2019.02.03-09.24.13:499][  0]LogConfig: Setting CVar [[r.SkeletalMeshLODBias:0]]
[2019.02.03-09.24.13:499][  0]LogConfig: Setting CVar [[r.ViewDistanceScale:1.0]]
[2019.02.03-09.24.13:499][  0]LogConfig: Applying CVar settings from Section [AntiAliasingQuality@3] File [D:/Projet/EndlessRunnerSeb/EndlessRunnerLuc/Saved/Config/Windows/Scalability.ini]
[2019.02.03-09.24.13:500][  0]LogConfig: Setting CVar [[r.PostProcessAAQuality:4]]
[2019.02.03-09.24.13:500][  0]LogConfig: Applying CVar settings from Section [ShadowQuality@3] File [D:/Projet/EndlessRunnerSeb/EndlessRunnerLuc/Saved/Config/Windows/Scalability.ini]
[2019.02.03-09.24.13:500][  0]LogConfig: Setting CVar [[r.LightFunctionQuality:1]]
[2019.02.03-09.24.13:500][  0]LogConfig: Setting CVar [[r.ShadowQuality:5]]
[2019.02.03-09.24.13:500][  0]LogConfig: Setting CVar [[r.Shadow.CSM.MaxCascades:10]]
[2019.02.03-09.24.13:500][  0]LogConfig: Setting CVar [[r.Shadow.MaxResolution:2048]]
[2019.02.03-09.24.13:500][  0]LogConfig: Setting CVar [[r.Shadow.MaxCSMResolution:2048]]
[2019.02.03-09.24.13:500][  0]LogConfig: Setting CVar [[r.Shadow.RadiusThreshold:0.01]]
[2019.02.03-09.24.13:500][  0]LogConfig: Setting CVar [[r.Shadow.DistanceScale:1.0]]
[2019.02.03-09.24.13:500][  0]LogConfig: Setting CVar [[r.Shadow.CSM.TransitionScale:1.0]]
[2019.02.03-09.24.13:500][  0]LogConfig: Setting CVar [[r.Shadow.PreShadowResolutionFactor:1.0]]
[2019.02.03-09.24.13:500][  0]LogConfig: Setting CVar [[r.DistanceFieldShadowing:1]]
[2019.02.03-09.24.13:500][  0]LogConfig: Setting CVar [[r.DistanceFieldAO:1]]
[2019.02.03-09.24.13:500][  0]LogConfig: Setting CVar [[r.AOQuality:2]]
[2019.02.03-09.24.13:500][  0]LogConfig: Setting CVar [[r.VolumetricFog:1]]
[2019.02.03-09.24.13:500][  0]LogConfig: Setting CVar [[r.VolumetricFog.GridPixelSize:8]]
[2019.02.03-09.24.13:500][  0]LogConfig: Setting CVar [[r.VolumetricFog.GridSizeZ:128]]
[2019.02.03-09.24.13:500][  0]LogConfig: Setting CVar [[r.VolumetricFog.HistoryMissSupersampleCount:4]]
[2019.02.03-09.24.13:500][  0]LogConfig: Setting CVar [[r.LightMaxDrawDistanceScale:1]]
[2019.02.03-09.24.13:500][  0]LogConfig: Setting CVar [[r.CapsuleShadows:1]]
[2019.02.03-09.24.13:500][  0]LogConfig: Applying CVar settings from Section [PostProcessQuality@3] File [D:/Projet/EndlessRunnerSeb/EndlessRunnerLuc/Saved/Config/Windows/Scalability.ini]
[2019.02.03-09.24.13:500][  0]LogConfig: Setting CVar [[r.MotionBlurQuality:4]]
[2019.02.03-09.24.13:500][  0]LogConfig: Setting CVar [[r.AmbientOcclusionMipLevelFactor:0.4]]
[2019.02.03-09.24.13:501][  0]LogConfig: Setting CVar [[r.AmbientOcclusionMaxQuality:100]]
[2019.02.03-09.24.13:501][  0]LogConfig: Setting CVar [[r.AmbientOcclusionLevels:-1]]
[2019.02.03-09.24.13:501][  0]LogConfig: Setting CVar [[r.AmbientOcclusionRadiusScale:1.0]]
[2019.02.03-09.24.13:501][  0]LogConfig: Setting CVar [[r.DepthOfFieldQuality:2]]
[2019.02.03-09.24.13:501][  0]LogConfig: Setting CVar [[r.RenderTargetPoolMin:400]]
[2019.02.03-09.24.13:501][  0]LogConfig: Setting CVar [[r.LensFlareQuality:2]]
[2019.02.03-09.24.13:501][  0]LogConfig: Setting CVar [[r.SceneColorFringeQuality:1]]
[2019.02.03-09.24.13:501][  0]LogConfig: Setting CVar [[r.EyeAdaptationQuality:2]]
[2019.02.03-09.24.13:501][  0]LogConfig: Setting CVar [[r.BloomQuality:5]]
[2019.02.03-09.24.13:501][  0]LogConfig: Setting CVar [[r.FastBlurThreshold:100]]
[2019.02.03-09.24.13:501][  0]LogConfig: Setting CVar [[r.Upscale.Quality:3]]
[2019.02.03-09.24.13:501][  0]LogConfig: Setting CVar [[r.Tonemapper.GrainQuantization:1]]
[2019.02.03-09.24.13:501][  0]LogConfig: Setting CVar [[r.LightShaftQuality:1]]
[2019.02.03-09.24.13:501][  0]LogConfig: Setting CVar [[r.Filter.SizeScale:1]]
[2019.02.03-09.24.13:501][  0]LogConfig: Setting CVar [[r.Tonemapper.Quality:5]]
[2019.02.03-09.24.13:501][  0]LogConfig: Setting CVar [[r.DOF.Gather.AccumulatorQuality:1        ; higher gathering accumulator quality]]
[2019.02.03-09.24.13:501][  0]LogConfig: Setting CVar [[r.DOF.Gather.PostfilterMethod:1          ; Median3x3 postfilering method]]
[2019.02.03-09.24.13:501][  0]LogConfig: Setting CVar [[r.DOF.Gather.EnableBokehSettings:0       ; no bokeh simulation when gathering]]
[2019.02.03-09.24.13:501][  0]LogConfig: Setting CVar [[r.DOF.Gather.RingCount:4                 ; medium number of samples when gathering]]
[2019.02.03-09.24.13:501][  0]LogConfig: Setting CVar [[r.DOF.Scatter.ForegroundCompositing:1    ; additive foreground scattering]]
[2019.02.03-09.24.13:501][  0]LogConfig: Setting CVar [[r.DOF.Scatter.BackgroundCompositing:2    ; additive background scattering]]
[2019.02.03-09.24.13:501][  0]LogConfig: Setting CVar [[r.DOF.Scatter.EnableBokehSettings:1      ; bokeh simulation when scattering]]
[2019.02.03-09.24.13:501][  0]LogConfig: Setting CVar [[r.DOF.Scatter.MaxSpriteRatio:0.1         ; only a maximum of 10% of scattered bokeh]]
[2019.02.03-09.24.13:501][  0]LogConfig: Setting CVar [[r.DOF.Recombine.Quality:1                ; cheap slight out of focus]]
[2019.02.03-09.24.13:501][  0]LogConfig: Setting CVar [[r.DOF.Recombine.EnableBokehSettings:0    ; no bokeh simulation on slight out of focus]]
[2019.02.03-09.24.13:501][  0]LogConfig: Setting CVar [[r.DOF.TemporalAAQuality:1                ; more stable temporal accumulation]]
[2019.02.03-09.24.13:501][  0]LogConfig: Setting CVar [[r.DOF.Kernel.MaxForegroundRadius:0.025]]
[2019.02.03-09.24.13:502][  0]LogConfig: Setting CVar [[r.DOF.Kernel.MaxBackgroundRadius:0.025]]
[2019.02.03-09.24.13:502][  0]LogConfig: Applying CVar settings from Section [TextureQuality@3] File [D:/Projet/EndlessRunnerSeb/EndlessRunnerLuc/Saved/Config/Windows/Scalability.ini]
[2019.02.03-09.24.13:502][  0]LogConfig: Setting CVar [[r.Streaming.MipBias:0]]
[2019.02.03-09.24.13:502][  0]LogConfig: Setting CVar [[r.Streaming.AmortizeCPUToGPUCopy:0]]
[2019.02.03-09.24.13:502][  0]LogConfig: Setting CVar [[r.Streaming.MaxNumTexturesToStreamPerFrame:0]]
[2019.02.03-09.24.13:502][  0]LogConfig: Setting CVar [[r.Streaming.Boost:1]]
[2019.02.03-09.24.13:502][  0]LogConfig: Setting CVar [[r.MaxAnisotropy:8]]
[2019.02.03-09.24.13:502][  0]LogConfig: Setting CVar [[r.Streaming.LimitPoolSizeToVRAM:0]]
[2019.02.03-09.24.13:502][  0]LogConfig: Setting CVar [[r.Streaming.PoolSize:1000]]
[2019.02.03-09.24.13:502][  0]LogConfig: Setting CVar [[r.Streaming.MaxEffectiveScreenSize:0]]
[2019.02.03-09.24.13:502][  0]LogConfig: Applying CVar settings from Section [EffectsQuality@3] File [D:/Projet/EndlessRunnerSeb/EndlessRunnerLuc/Saved/Config/Windows/Scalability.ini]
[2019.02.03-09.24.13:502][  0]LogConfig: Setting CVar [[r.TranslucencyLightingVolumeDim:64]]
[2019.02.03-09.24.13:502][  0]LogConfig: Setting CVar [[r.RefractionQuality:2]]
[2019.02.03-09.24.13:502][  0]LogConfig: Setting CVar [[r.SSR.Quality:3]]
[2019.02.03-09.24.13:502][  0]LogConfig: Setting CVar [[r.SceneColorFormat:4]]
[2019.02.03-09.24.13:502][  0]LogConfig: Setting CVar [[r.DetailMode:2]]
[2019.02.03-09.24.13:502][  0]LogConfig: Setting CVar [[r.TranslucencyVolumeBlur:1]]
[2019.02.03-09.24.13:502][  0]LogConfig: Setting CVar [[r.MaterialQualityLevel:1 ; High quality]]
[2019.02.03-09.24.13:502][  0]LogConfig: Setting CVar [[r.SSS.Scale:1]]
[2019.02.03-09.24.13:502][  0]LogConfig: Setting CVar [[r.SSS.SampleSet:2]]
[2019.02.03-09.24.13:502][  0]LogConfig: Setting CVar [[r.SSS.Quality:1]]
[2019.02.03-09.24.13:502][  0]LogConfig: Setting CVar [[r.SSS.HalfRes:1]]
[2019.02.03-09.24.13:502][  0]LogConfig: Setting CVar [[r.EmitterSpawnRateScale:1.0]]
[2019.02.03-09.24.13:502][  0]LogConfig: Setting CVar [[r.ParticleLightQuality:2]]
[2019.02.03-09.24.13:502][  0]LogConfig: Applying CVar settings from Section [FoliageQuality@3] File [D:/Projet/EndlessRunnerSeb/EndlessRunnerLuc/Saved/Config/Windows/Scalability.ini]
[2019.02.03-09.24.13:502][  0]LogConfig: Setting CVar [[foliage.DensityScale:1.0]]
[2019.02.03-09.24.13:502][  0]LogConfig: Setting CVar [[grass.DensityScale:1.0]]
[2019.02.03-09.24.13:519][  0]LogInit: Selected Device Profile: [Windows]
[2019.02.03-09.24.13:519][  0]LogInit: Applying CVar settings loaded from the selected device profile: [Windows]
[2019.02.03-09.24.13:583][  0]LogHAL: Display: Platform has ~ 16 GB [17060311040 / 17179869184 / 16], which maps to Larger [LargestMinGB=32, LargerMinGB=12, DefaultMinGB=8, SmallerMinGB=6, SmallestMinGB=0)
[2019.02.03-09.24.13:586][  0]LogConfig: Setting CVar [[r.Vulkan.UseRealUBs:1]]
[2019.02.03-09.24.13:586][  0]LogInit: Going up to parent DeviceProfile []
[2019.02.03-09.24.13:587][  0]LogConfig: Applying CVar settings from Section [ViewDistanceQuality@3] File [D:/Projet/EndlessRunnerSeb/EndlessRunnerLuc/Saved/Config/Windows/Scalability.ini]
[2019.02.03-09.24.13:587][  0]LogConfig: Setting CVar [[r.SkeletalMeshLODBias:0]]
[2019.02.03-09.24.13:587][  0]LogConfig: Setting CVar [[r.ViewDistanceScale:1.0]]
[2019.02.03-09.24.13:587][  0]LogConfig: Applying CVar settings from Section [AntiAliasingQuality@3] File [D:/Projet/EndlessRunnerSeb/EndlessRunnerLuc/Saved/Config/Windows/Scalability.ini]
[2019.02.03-09.24.13:587][  0]LogConfig: Setting CVar [[r.PostProcessAAQuality:4]]
[2019.02.03-09.24.13:587][  0]LogConfig: Applying CVar settings from Section [ShadowQuality@3] File [D:/Projet/EndlessRunnerSeb/EndlessRunnerLuc/Saved/Config/Windows/Scalability.ini]
[2019.02.03-09.24.13:587][  0]LogConfig: Setting CVar [[r.LightFunctionQuality:1]]
[2019.02.03-09.24.13:587][  0]LogConfig: Setting CVar [[r.ShadowQuality:5]]
[2019.02.03-09.24.13:587][  0]LogConfig: Setting CVar [[r.Shadow.CSM.MaxCascades:10]]
[2019.02.03-09.24.13:587][  0]LogConfig: Setting CVar [[r.Shadow.MaxResolution:2048]]
[2019.02.03-09.24.13:587][  0]LogConfig: Setting CVar [[r.Shadow.MaxCSMResolution:2048]]
[2019.02.03-09.24.13:587][  0]LogConfig: Setting CVar [[r.Shadow.RadiusThreshold:0.01]]
[2019.02.03-09.24.13:587][  0]LogConfig: Setting CVar [[r.Shadow.DistanceScale:1.0]]
[2019.02.03-09.24.13:587][  0]LogConfig: Setting CVar [[r.Shadow.CSM.TransitionScale:1.0]]
[2019.02.03-09.24.13:587][  0]LogConfig: Setting CVar [[r.Shadow.PreShadowResolutionFactor:1.0]]
[2019.02.03-09.24.13:587][  0]LogConfig: Setting CVar [[r.DistanceFieldShadowing:1]]
[2019.02.03-09.24.13:587][  0]LogConfig: Setting CVar [[r.DistanceFieldAO:1]]
[2019.02.03-09.24.13:587][  0]LogConfig: Setting CVar [[r.AOQuality:2]]
[2019.02.03-09.24.13:587][  0]LogConfig: Setting CVar [[r.VolumetricFog:1]]
[2019.02.03-09.24.13:587][  0]LogConfig: Setting CVar [[r.VolumetricFog.GridPixelSize:8]]
[2019.02.03-09.24.13:587][  0]LogConfig: Setting CVar [[r.VolumetricFog.GridSizeZ:128]]
[2019.02.03-09.24.13:587][  0]LogConfig: Setting CVar [[r.VolumetricFog.HistoryMissSupersampleCount:4]]
[2019.02.03-09.24.13:587][  0]LogConfig: Setting CVar [[r.LightMaxDrawDistanceScale:1]]
[2019.02.03-09.24.13:587][  0]LogConfig: Setting CVar [[r.CapsuleShadows:1]]
[2019.02.03-09.24.13:587][  0]LogConfig: Applying CVar settings from Section [PostProcessQuality@3] File [D:/Projet/EndlessRunnerSeb/EndlessRunnerLuc/Saved/Config/Windows/Scalability.ini]
[2019.02.03-09.24.13:587][  0]LogConfig: Setting CVar [[r.MotionBlurQuality:4]]
[2019.02.03-09.24.13:588][  0]LogConfig: Setting CVar [[r.AmbientOcclusionMipLevelFactor:0.4]]
[2019.02.03-09.24.13:588][  0]LogConfig: Setting CVar [[r.AmbientOcclusionMaxQuality:100]]
[2019.02.03-09.24.13:588][  0]LogConfig: Setting CVar [[r.AmbientOcclusionLevels:-1]]
[2019.02.03-09.24.13:588][  0]LogConfig: Setting CVar [[r.AmbientOcclusionRadiusScale:1.0]]
[2019.02.03-09.24.13:588][  0]LogConfig: Setting CVar [[r.DepthOfFieldQuality:2]]
[2019.02.03-09.24.13:588][  0]LogConfig: Setting CVar [[r.RenderTargetPoolMin:400]]
[2019.02.03-09.24.13:588][  0]LogConfig: Setting CVar [[r.LensFlareQuality:2]]
[2019.02.03-09.24.13:588][  0]LogConfig: Setting CVar [[r.SceneColorFringeQuality:1]]
[2019.02.03-09.24.13:588][  0]LogConfig: Setting CVar [[r.EyeAdaptationQuality:2]]
[2019.02.03-09.24.13:588][  0]LogConfig: Setting CVar [[r.BloomQuality:5]]
[2019.02.03-09.24.13:588][  0]LogConfig: Setting CVar [[r.FastBlurThreshold:100]]
[2019.02.03-09.24.13:588][  0]LogConfig: Setting CVar [[r.Upscale.Quality:3]]
[2019.02.03-09.24.13:588][  0]LogConfig: Setting CVar [[r.Tonemapper.GrainQuantization:1]]
[2019.02.03-09.24.13:588][  0]LogConfig: Setting CVar [[r.LightShaftQuality:1]]
[2019.02.03-09.24.13:588][  0]LogConfig: Setting CVar [[r.Filter.SizeScale:1]]
[2019.02.03-09.24.13:588][  0]LogConfig: Setting CVar [[r.Tonemapper.Quality:5]]
[2019.02.03-09.24.13:588][  0]LogConfig: Setting CVar [[r.DOF.Gather.AccumulatorQuality:1        ; higher gathering accumulator quality]]
[2019.02.03-09.24.13:588][  0]LogConfig: Setting CVar [[r.DOF.Gather.PostfilterMethod:1          ; Median3x3 postfilering method]]
[2019.02.03-09.24.13:588][  0]LogConfig: Setting CVar [[r.DOF.Gather.EnableBokehSettings:0       ; no bokeh simulation when gathering]]
[2019.02.03-09.24.13:588][  0]LogConfig: Setting CVar [[r.DOF.Gather.RingCount:4                 ; medium number of samples when gathering]]
[2019.02.03-09.24.13:588][  0]LogConfig: Setting CVar [[r.DOF.Scatter.ForegroundCompositing:1    ; additive foreground scattering]]
[2019.02.03-09.24.13:588][  0]LogConfig: Setting CVar [[r.DOF.Scatter.BackgroundCompositing:2    ; additive background scattering]]
[2019.02.03-09.24.13:588][  0]LogConfig: Setting CVar [[r.DOF.Scatter.EnableBokehSettings:1      ; bokeh simulation when scattering]]
[2019.02.03-09.24.13:588][  0]LogConfig: Setting CVar [[r.DOF.Scatter.MaxSpriteRatio:0.1         ; only a maximum of 10% of scattered bokeh]]
[2019.02.03-09.24.13:588][  0]LogConfig: Setting CVar [[r.DOF.Recombine.Quality:1                ; cheap slight out of focus]]
[2019.02.03-09.24.13:588][  0]LogConfig: Setting CVar [[r.DOF.Recombine.EnableBokehSettings:0    ; no bokeh simulation on slight out of focus]]
[2019.02.03-09.24.13:588][  0]LogConfig: Setting CVar [[r.DOF.TemporalAAQuality:1                ; more stable temporal accumulation]]
[2019.02.03-09.24.13:589][  0]LogConfig: Setting CVar [[r.DOF.Kernel.MaxForegroundRadius:0.025]]
[2019.02.03-09.24.13:589][  0]LogConfig: Setting CVar [[r.DOF.Kernel.MaxBackgroundRadius:0.025]]
[2019.02.03-09.24.13:589][  0]LogConfig: Applying CVar settings from Section [TextureQuality@3] File [D:/Projet/EndlessRunnerSeb/EndlessRunnerLuc/Saved/Config/Windows/Scalability.ini]
[2019.02.03-09.24.13:589][  0]LogConfig: Setting CVar [[r.Streaming.MipBias:0]]
[2019.02.03-09.24.13:589][  0]LogConfig: Setting CVar [[r.Streaming.AmortizeCPUToGPUCopy:0]]
[2019.02.03-09.24.13:589][  0]LogConfig: Setting CVar [[r.Streaming.MaxNumTexturesToStreamPerFrame:0]]
[2019.02.03-09.24.13:589][  0]LogConfig: Setting CVar [[r.Streaming.Boost:1]]
[2019.02.03-09.24.13:589][  0]LogConfig: Setting CVar [[r.MaxAnisotropy:8]]
[2019.02.03-09.24.13:589][  0]LogConfig: Setting CVar [[r.Streaming.LimitPoolSizeToVRAM:0]]
[2019.02.03-09.24.13:589][  0]LogConfig: Setting CVar [[r.Streaming.PoolSize:1000]]
[2019.02.03-09.24.13:589][  0]LogConfig: Setting CVar [[r.Streaming.MaxEffectiveScreenSize:0]]
[2019.02.03-09.24.13:589][  0]LogConfig: Applying CVar settings from Section [EffectsQuality@3] File [D:/Projet/EndlessRunnerSeb/EndlessRunnerLuc/Saved/Config/Windows/Scalability.ini]
[2019.02.03-09.24.13:589][  0]LogConfig: Setting CVar [[r.TranslucencyLightingVolumeDim:64]]
[2019.02.03-09.24.13:589][  0]LogConfig: Setting CVar [[r.RefractionQuality:2]]
[2019.02.03-09.24.13:589][  0]LogConfig: Setting CVar [[r.SSR.Quality:3]]
[2019.02.03-09.24.13:589][  0]LogConfig: Setting CVar [[r.SceneColorFormat:4]]
[2019.02.03-09.24.13:589][  0]LogConfig: Setting CVar [[r.DetailMode:2]]
[2019.02.03-09.24.13:589][  0]LogConfig: Setting CVar [[r.TranslucencyVolumeBlur:1]]
[2019.02.03-09.24.13:589][  0]LogConfig: Setting CVar [[r.MaterialQualityLevel:1 ; High quality]]
[2019.02.03-09.24.13:589][  0]LogConfig: Setting CVar [[r.SSS.Scale:1]]
[2019.02.03-09.24.13:589][  0]LogConfig: Setting CVar [[r.SSS.SampleSet:2]]
[2019.02.03-09.24.13:589][  0]LogConfig: Setting CVar [[r.SSS.Quality:1]]
[2019.02.03-09.24.13:589][  0]LogConfig: Setting CVar [[r.SSS.HalfRes:1]]
[2019.02.03-09.24.13:589][  0]LogConfig: Setting CVar [[r.EmitterSpawnRateScale:1.0]]
[2019.02.03-09.24.13:589][  0]LogConfig: Setting CVar [[r.ParticleLightQuality:2]]
[2019.02.03-09.24.13:589][  0]LogConfig: Applying CVar settings from Section [FoliageQuality@3] File [D:/Projet/EndlessRunnerSeb/EndlessRunnerLuc/Saved/Config/Windows/Scalability.ini]
[2019.02.03-09.24.13:589][  0]LogConfig: Setting CVar [[foliage.DensityScale:1.0]]
[2019.02.03-09.24.13:590][  0]LogConfig: Setting CVar [[grass.DensityScale:1.0]]
[2019.02.03-09.24.13:590][  0]LogConfig: Applying CVar settings from Section [Startup] File [../../../Engine/Config/ConsoleVariables.ini]
[2019.02.03-09.24.13:617][  0]LogConfig: Setting CVar [[net.UseAdaptiveNetUpdateFrequency:0]]
[2019.02.03-09.24.13:617][  0]LogConfig: Applying CVar settings from Section [ConsoleVariables] File [D:/Projet/EndlessRunnerSeb/EndlessRunnerLuc/Saved/Config/Windows/Engine.ini]
[2019.02.03-09.24.13:647][  0]LogInit: Computer: DESKTOP-9TMK1AM
[2019.02.03-09.24.13:647][  0]LogInit: User: benji
[2019.02.03-09.24.13:647][  0]LogInit: CPU Page size=4096, Cores=6
[2019.02.03-09.24.13:647][  0]LogInit: High frequency timer resolution =10.000000 MHz
[2019.02.03-09.24.13:648][  0]LogMemory: Memory total: Physical=15.9GB (16GB approx)
[2019.02.03-09.24.13:648][  0]LogMemory: Platform Memory Stats for Windows
[2019.02.03-09.24.13:648][  0]LogMemory: Process Physical Memory: 104.61 MB used, 104.62 MB peak
[2019.02.03-09.24.13:648][  0]LogMemory: Process Virtual Memory: 92.66 MB used, 92.66 MB peak
[2019.02.03-09.24.13:648][  0]LogMemory: Physical Memory: 5399.30 MB used,  10870.68 MB free, 16269.98 MB total
[2019.02.03-09.24.13:648][  0]LogMemory: Virtual Memory: 4668.78 MB used,  134213056.00 MB free, 134217728.00 MB total
[2019.02.03-09.24.14:463][  0]LogInit: Using OS detected language (fr-FR).
[2019.02.03-09.24.14:463][  0]LogInit: Using OS detected locale (fr-FR).
[2019.02.03-09.24.14:535][  0]LogTextLocalizationManager: No specific localization for 'fr-FR' exists, so the 'fr' localization will be used.
[2019.02.03-09.24.14:683][  0]LogStreaming: Display: Took  0.203s to InitEngineTextLocalization.
[2019.02.03-09.24.14:700][  0]LogInit: Setting process to per monitor DPI aware
[2019.02.03-09.24.15:384][  0]LogSlate: New Slate User Created.  User Index 0, Is Virtual User: 0
[2019.02.03-09.24.15:384][  0]LogSlate: Slate User Registered.  User Index 0, Is Virtual User: 0
[2019.02.03-09.24.16:315][  0]LogHMD: Failed to initialize OpenVR with code 110
[2019.02.03-09.24.16:315][  0]LogD3D11RHI: D3D11 adapters:
[2019.02.03-09.24.16:453][  0]LogD3D11RHI:    0. 'NVIDIA GeForce RTX 2070' (Feature Level 11_0)
[2019.02.03-09.24.16:453][  0]LogD3D11RHI:       8031/0/8134 MB DedicatedVideo/DedicatedSystem/SharedSystem, Outputs:1, VendorId:0x10de
[2019.02.03-09.24.16:711][  0]LogD3D11RHI:    1. 'NVIDIA GeForce GTX 960' (Feature Level 11_0)
[2019.02.03-09.24.16:711][  0]LogD3D11RHI:       1910/0/8134 MB DedicatedVideo/DedicatedSystem/SharedSystem, Outputs:1, VendorId:0x10de
[2019.02.03-09.24.16:715][  0]LogD3D11RHI:    2. 'Microsoft Basic Render Driver' (Feature Level 11_0)
[2019.02.03-09.24.16:715][  0]LogD3D11RHI:       0/0/8134 MB DedicatedVideo/DedicatedSystem/SharedSystem, Outputs:0, VendorId:0x1414
[2019.02.03-09.24.16:715][  0]LogD3D11RHI: Chosen D3D11 Adapter: 0
[2019.02.03-09.24.16:731][  0]LogD3D11RHI: Creating new Direct3DDevice
[2019.02.03-09.24.16:731][  0]LogD3D11RHI:     GPU DeviceId: 0x1f07 (for the marketing name, search the web for "GPU Device Id")
[2019.02.03-09.24.16:731][  0]LogWindows: EnumDisplayDevices:
[2019.02.03-09.24.16:732][  0]LogWindows:    0. 'NVIDIA GeForce RTX 2070' (P:1 D:1)
[2019.02.03-09.24.16:732][  0]LogWindows:    1. 'NVIDIA GeForce RTX 2070' (P:0 D:0)
[2019.02.03-09.24.16:733][  0]LogWindows:    2. 'NVIDIA GeForce RTX 2070' (P:0 D:0)
[2019.02.03-09.24.16:733][  0]LogWindows:    3. 'NVIDIA GeForce RTX 2070' (P:0 D:0)
[2019.02.03-09.24.16:733][  0]LogWindows:    4. 'NVIDIA GeForce GTX 960' (P:0 D:1)
[2019.02.03-09.24.16:734][  0]LogWindows:    5. 'NVIDIA GeForce GTX 960' (P:0 D:0)
[2019.02.03-09.24.16:735][  0]LogWindows:    6. 'NVIDIA GeForce GTX 960' (P:0 D:0)
[2019.02.03-09.24.16:735][  0]LogWindows:    7. 'NVIDIA GeForce GTX 960' (P:0 D:0)
[2019.02.03-09.24.16:735][  0]LogWindows: DebugString: PrimaryIsNotTheChoosenAdapter PrimaryIsNotTheChoosenAdapter PrimaryIsNotTheChoosenAdapter PrimaryIsNotTheChoosenAdapter FoundDriverCount:4 
[2019.02.03-09.24.16:735][  0]LogD3D11RHI:     Adapter Name: NVIDIA GeForce RTX 2070
[2019.02.03-09.24.16:735][  0]LogD3D11RHI:   Driver Version: 417.71 (internal:25.21.14.1771, unified:417.71)
[2019.02.03-09.24.16:736][  0]LogD3D11RHI:      Driver Date: 1-11-2019
[2019.02.03-09.24.16:736][  0]LogRHI: Texture pool is 5621 MB (70% of 8031 MB)
[2019.02.03-09.24.16:808][  0]LogD3D11RHI: Async texture creation enabled
[2019.02.03-09.24.17:152][  0]LogD3D11RHI: GPU Timing Frequency: 1000.000000 (Debug: 2 2)
[2019.02.03-09.24.18:414][  0]LogTemp: Display: Loaded TP AllDesktopTargetPlatform
[2019.02.03-09.24.18:496][  0]LogTemp: Display: Loaded TP MacClientTargetPlatform
[2019.02.03-09.24.18:560][  0]LogTemp: Display: Loaded TP MacNoEditorTargetPlatform
[2019.02.03-09.24.18:623][  0]LogTemp: Display: Loaded TP MacServerTargetPlatform
[2019.02.03-09.24.18:721][  0]LogTemp: Display: Loaded TP MacTargetPlatform
[2019.02.03-09.24.18:838][  0]LogTemp: Display: Loaded TP WindowsClientTargetPlatform
[2019.02.03-09.24.18:931][  0]LogTemp: Display: Loaded TP WindowsNoEditorTargetPlatform
[2019.02.03-09.24.18:992][  0]LogTemp: Display: Loaded TP WindowsServerTargetPlatform
[2019.02.03-09.24.19:062][  0]LogTemp: Display: Loaded TP WindowsTargetPlatform
[2019.02.03-09.24.19:245][  0]LogTemp: Display: Loaded TP AndroidTargetPlatform
[2019.02.03-09.24.19:245][  0]LogTemp: Display: Loaded TP AndroidTargetPlatform
[2019.02.03-09.24.19:245][  0]LogTemp: Display: Loaded TP AndroidTargetPlatform
[2019.02.03-09.24.19:245][  0]LogTemp: Display: Loaded TP AndroidTargetPlatform
[2019.02.03-09.24.19:245][  0]LogTemp: Display: Loaded TP AndroidTargetPlatform
[2019.02.03-09.24.19:245][  0]LogTemp: Display: Loaded TP AndroidTargetPlatform
[2019.02.03-09.24.19:245][  0]LogTemp: Display: Loaded TP AndroidTargetPlatform
[2019.02.03-09.24.19:245][  0]LogTemp: Display: Loaded TP AndroidTargetPlatform
[2019.02.03-09.24.19:245][  0]LogTemp: Display: Loaded TP AndroidTargetPlatform
[2019.02.03-09.24.19:245][  0]LogTemp: Display: Loaded TP AndroidTargetPlatform
[2019.02.03-09.24.19:245][  0]LogTemp: Display: Loaded TP AndroidTargetPlatform
[2019.02.03-09.24.19:245][  0]LogTemp: Display: Loaded TP AndroidTargetPlatform
[2019.02.03-09.24.19:245][  0]LogTemp: Display: Loaded TP AndroidTargetPlatform
[2019.02.03-09.24.19:245][  0]LogTemp: Display: Loaded TP AndroidTargetPlatform
[2019.02.03-09.24.19:245][  0]LogTemp: Display: Loaded TP AndroidTargetPlatform
[2019.02.03-09.24.19:245][  0]LogTemp: Display: Loaded TP AndroidTargetPlatform
[2019.02.03-09.24.19:245][  0]LogTemp: Display: Loaded TP AndroidTargetPlatform
[2019.02.03-09.24.19:245][  0]LogTemp: Display: Loaded TP AndroidTargetPlatform
[2019.02.03-09.24.19:318][  0]LogTemp: Display: Loaded TP HTML5TargetPlatform
[2019.02.03-09.24.19:564][  0]LogTemp: Display: Loaded TP IOSTargetPlatform
[2019.02.03-09.24.19:564][  0]LogTemp: Display: Loaded TP IOSTargetPlatform
[2019.02.03-09.24.19:661][  0]LogTemp: Display: Loaded TP TVOSTargetPlatform
[2019.02.03-09.24.19:662][  0]LogTemp: Display: Loaded TP TVOSTargetPlatform
[2019.02.03-09.24.19:734][  0]LogTemp: Display: Loaded TP LinuxClientTargetPlatform
[2019.02.03-09.24.19:818][  0]LogTemp: Display: Loaded TP LinuxNoEditorTargetPlatform
[2019.02.03-09.24.19:894][  0]LogTemp: Display: Loaded TP LinuxServerTargetPlatform
[2019.02.03-09.24.19:973][  0]LogTemp: Display: Loaded TP LinuxTargetPlatform
[2019.02.03-09.24.20:069][  0]LogTemp: Display: Loaded TP LuminTargetPlatform
[2019.02.03-09.24.20:069][  0]LogTemp: Display: Loaded TP LuminTargetPlatform
[2019.02.03-09.24.20:069][  0]LogTargetPlatformManager: Display: Building Assets For Windows
[2019.02.03-09.24.21:184][  0]LogShaderCompilers: Guid format shader working directory is -13 characters bigger than the processId version (../../../../../../Projet/EndlessRunnerSeb/EndlessRunnerLuc/Intermediate/Shaders/WorkingDirectory/19280/).
[2019.02.03-09.24.21:184][  0]LogShaderCompilers: Cleaned the shader compiler working directory 'C:/Users/benji/AppData/Local/Temp/UnrealShaderWorkingDir/C9986B9A4116EE8CBA829FBB751EA356/'.
[2019.02.03-09.24.21:218][  0]LogXGEController: Cleaning working directory: C:/Users/benji/AppData/Local/Temp/UnrealXGEWorkingDir/
[2019.02.03-09.24.21:218][  0]LogXGEController: Cannot use XGE Controller as Incredibuild is not installed on this machine.
[2019.02.03-09.24.21:218][  0]LogShaderCompilers: Cannot use XGE Shader Compiler as Incredibuild is not installed on this machine.
[2019.02.03-09.24.21:219][  0]LogShaderCompilers: Display: Using Local Shader Compiler.
[2019.02.03-09.24.23:627][  0]LogDerivedDataCache: Display: Max Cache Size: 512 MB
[2019.02.03-09.24.23:940][  0]LogDerivedDataCache: Loaded boot cache 0.31s 71MB C:/Users/benji/AppData/Local/UnrealEngine/4.21/DerivedDataCache/Boot.ddc.
[2019.02.03-09.24.23:940][  0]LogDerivedDataCache: Display: Loaded Boot cache: C:/Users/benji/AppData/Local/UnrealEngine/4.21/DerivedDataCache/Boot.ddc
[2019.02.03-09.24.23:940][  0]LogDerivedDataCache: FDerivedDataBackendGraph:  Pak pak cache file ../../../../../../Projet/EndlessRunnerSeb/EndlessRunnerLuc/DerivedDataCache/DDC.ddp not found, will not use a pak cache.
[2019.02.03-09.24.23:940][  0]LogDerivedDataCache: Unable to find inner node Pak for hierarchical cache Hierarchy.
[2019.02.03-09.24.23:940][  0]LogDerivedDataCache: FDerivedDataBackendGraph:  CompressedPak pak cache file ../../../../../../Projet/EndlessRunnerSeb/EndlessRunnerLuc/DerivedDataCache/Compressed.ddp not found, will not use a pak cache.
[2019.02.03-09.24.23:940][  0]LogDerivedDataCache: Unable to find inner node CompressedPak for hierarchical cache Hierarchy.
[2019.02.03-09.24.23:998][  0]LogDerivedDataCache: Display: Pak cache opened for reading ../../../Engine/DerivedDataCache/Compressed.ddp.
[2019.02.03-09.24.23:998][  0]LogDerivedDataCache: FDerivedDataBackendGraph:  EnterprisePak pak cache file ../../../Enterprise/DerivedDataCache/Compressed.ddp not found, will not use a pak cache.
[2019.02.03-09.24.23:998][  0]LogDerivedDataCache: Unable to find inner node EnterprisePak for hierarchical cache Hierarchy.
[2019.02.03-09.24.24:014][  0]LogDerivedDataCache: Using Local data cache path C:/Users/benji/AppData/Local/UnrealEngine/Common/DerivedDataCache: Writable
[2019.02.03-09.24.24:014][  0]LogDerivedDataCache: Shared data cache path not found in *engine.ini, will not use an Shared cache.
[2019.02.03-09.24.24:014][  0]LogDerivedDataCache: Unable to find inner node Shared for hierarchical cache Hierarchy.
[2019.02.03-09.24.24:104][  0]LogMaterial: Verifying Global Shaders for PCD3D_SM5
[2019.02.03-09.24.24:209][  0]LogSlate: Using FreeType 2.6.0
[2019.02.03-09.24.24:312][  0]LogSlate: SlateFontServices - WITH_FREETYPE: 1, WITH_HARFBUZZ: 1
[2019.02.03-09.24.25:535][  0]LogAssetRegistry: FAssetRegistry took 0.0711 seconds to start up
[2019.02.03-09.24.30:336][  0]LogInit: Selected Device Profile: [Windows]
[2019.02.03-09.24.33:026][  0]LogSimplygon: Simplygon DLL not present - disabling.
[2019.02.03-09.24.33:455][  0]LogMeshReduction: Using SimplygonSwarm for distributed automatic mesh merging
[2019.02.03-09.24.33:456][  0]LogMeshReduction: Using ProxyLODMeshReduction for automatic mesh merging
[2019.02.03-09.24.33:456][  0]LogMeshReduction: Using QuadricMeshReduction for automatic static mesh reduction
[2019.02.03-09.24.33:456][  0]LogMeshReduction: No automatic skeletal mesh reduction module available
[2019.02.03-09.24.35:106][  0]LogNetVersion: EndlessRunnerLuc 1.0.0, NetCL: 4541578, EngineNetVer: 5, GameNetVer: 0 (Checksum: 1870671026)
[2019.02.03-09.24.41:480][  0]LogPackageLocalizationCache: Processed 11 localized package path(s) for 2 prioritized culture(s) in 0.200913 seconds
[2019.02.03-09.24.41:505][  0]LogUObjectArray: 39775 objects as part of root set at end of initial load.
[2019.02.03-09.24.41:505][  0]LogUObjectAllocator: 6914656 out of 0 bytes used by permanent object pool.
[2019.02.03-09.24.41:505][  0]LogUObjectArray: CloseDisregardForGC: 0/0 objects in disregard for GC pool
[2019.02.03-09.24.57:690][  0]LogTcpMessaging: Initializing TcpMessaging bridge
[2019.02.03-09.24.57:729][  0]LogUdpMessaging: Initializing bridge on interface 0.0.0.0:0 to multicast group 230.0.0.1:6666.
[2019.02.03-09.24.59:696][  0]SourceControl: Source control is disabled
[2019.02.03-09.24.59:696][  0]SourceControl: Source control is disabled
[2019.02.03-09.24.59:781][  0]SourceControl: Source control is disabled
[2019.02.03-09.24.59:812][  0]SourceControl: Source control is disabled
[2019.02.03-09.25.02:102][  0]LogAndroidPermission: UAndroidPermissionCallbackProxy::GetInstance
[2019.02.03-09.25.02:451][  0]LogOcInput: OculusInput pre-init called
[2019.02.03-09.25.03:463][  0]LogEngine: Initializing Engine...
[2019.02.03-09.25.03:465][  0]LogHMD: Failed to initialize OpenVR with code 110
[2019.02.03-09.25.03:467][  0]LogStats: UGameplayTagsManager::ConstructGameplayTagTree: ImportINI prefixes -  0.000 s
[2019.02.03-09.25.03:467][  0]LogStats: UGameplayTagsManager::ConstructGameplayTagTree: Construct from data asset -  0.000 s
[2019.02.03-09.25.03:467][  0]LogStats: UGameplayTagsManager::ConstructGameplayTagTree: ImportINI -  0.000 s
[2019.02.03-09.25.03:467][  0]LogStats: UGameplayTagsManager::ConstructGameplayTagTree: GameplayTagTreeChangedEvent.Broadcast -  0.000 s
[2019.02.03-09.25.03:749][  0]LogInit: Initializing FReadOnlyCVARCache
[2019.02.03-09.25.04:182][  0]LogAIModule: Creating AISystem for world Untitled
[2019.02.03-09.25.04:408][  0]LogInit: XAudio2 using 'Haut-parleurs (Sound Blaster Recon3Di)' : 6 channels at 48 kHz using 32 bits per sample (channel mask 0x3f)
[2019.02.03-09.25.04:455][  0]LogInit: FAudioDevice initialized.
[2019.02.03-09.25.04:455][  0]LogNetVersion: Set ProjectVersion to 1.0.0.0. Version Checksum will be recalculated on next use.
[2019.02.03-09.25.04:581][  0]LogDerivedDataCache: Saved boot cache 0.13s 71MB C:/Users/benji/AppData/Local/UnrealEngine/4.21/DerivedDataCache/Boot.ddc.
[2019.02.03-09.25.04:615][  0]LogInit: Texture streaming: Enabled
[2019.02.03-09.25.04:779][  0]LogEngineSessionManager: EngineSessionManager initialized
[2019.02.03-09.25.05:289][  0]LogInit: Transaction tracking system initialized
[2019.02.03-09.25.07:544][  0]BlueprintLog: New page: Editor Load
[2019.02.03-09.25.09:503][  0]LocalizationService: Localization service is disabled
[2019.02.03-09.25.14:714][  0]LogFileCache: Scanning file cache for directory 'D:/Projet/EndlessRunnerSeb/EndlessRunnerLuc/Content/' took 0.01s
[2019.02.03-09.25.14:714][  0]LogCook: Display: Max memory allowance for cook 16384mb min free memory 0mb
[2019.02.03-09.25.14:714][  0]LogCook: Display: Mobile HDR setting 1
[2019.02.03-09.25.14:714][  0]LogGameplayTags: Display: UGameplayTagsManager::DoneAddingNativeTags. DelegateIsBound: 0
[2019.02.03-09.25.14:714][  0]LogStats: UGameplayTagsManager::ConstructGameplayTagTree: ImportINI prefixes -  0.000 s
[2019.02.03-09.25.14:714][  0]LogStats: UGameplayTagsManager::ConstructGameplayTagTree: Construct from data asset -  0.000 s
[2019.02.03-09.25.14:714][  0]LogStats: UGameplayTagsManager::ConstructGameplayTagTree: ImportINI -  0.000 s
[2019.02.03-09.25.14:714][  0]LogStats: UGameplayTagsManager::ConstructGameplayTagTree: GameplayTagTreeChangedEvent.Broadcast -  0.000 s
[2019.02.03-09.25.20:636][  0]SourceControl: Source control is disabled
[2019.02.03-09.25.20:752][  0]Cmd: MAP LOAD FILE="../../../../../../Projet/EndlessRunnerSeb/EndlessRunnerLuc/Content/ThirdPersonBP/Maps/ThirdPersonExampleMap.umap" TEMPLATE=0 SHOWPROGRESS=1 FEATURELEVEL=3
[2019.02.03-09.25.20:790][  0]LightingResults: New page: Lighting Build
[2019.02.03-09.25.21:428][  0]MapCheck: New page: Map Check
[2019.02.03-09.25.21:429][  0]LightingResults: New page: Lighting Build
[2019.02.03-09.25.23:368][  0]LogLinker: Warning: Can't find file '/Game/ThirdPersonBP/Maps/ThirdPersonExampleMap_BuiltData'
[2019.02.03-09.25.23:368][  0]LogLinker: Warning: Can't find file for asset '/Game/ThirdPersonBP/Maps/ThirdPersonExampleMap_BuiltData' while loading ../../../../../../Projet/EndlessRunnerSeb/EndlessRunnerLuc/Content/ThirdPersonBP/Maps/ThirdPersonExampleMap.umap.
[2019.02.03-09.25.23:368][  0]LoadErrors: Error: /Game/ThirdPersonBP/Maps/ThirdPersonExampleMap : Can't find file for asset. /Game/ThirdPersonBP/Maps/ThirdPersonExampleMap_BuiltData
[2019.02.03-09.25.23:384][  0]LogLinker: Warning: Can't find file '/Game/ThirdPersonBP/Maps/ThirdPersonExampleMap_BuiltData'
[2019.02.03-09.25.23:384][  0]LogLinker: Warning: Can't find file for asset '/Game/ThirdPersonBP/Maps/ThirdPersonExampleMap_BuiltData' while loading ../../../../../../Projet/EndlessRunnerSeb/EndlessRunnerLuc/Content/ThirdPersonBP/Maps/ThirdPersonExampleMap.umap.
[2019.02.03-09.25.23:384][  0]LoadErrors: Error: /Game/ThirdPersonBP/Maps/ThirdPersonExampleMap : Can't find file for asset. /Game/ThirdPersonBP/Maps/ThirdPersonExampleMap_BuiltData
[2019.02.03-09.25.23:387][  0]LogLinker: Warning: Can't find file '/Game/ThirdPersonBP/Maps/ThirdPersonExampleMap_BuiltData'
[2019.02.03-09.25.23:387][  0]LogLinker: Warning: Can't find file for asset '/Game/ThirdPersonBP/Maps/ThirdPersonExampleMap_BuiltData' while loading NULL.
[2019.02.03-09.25.23:387][  0]LogLinker: Warning: Can't find file '/Game/ThirdPersonBP/Maps/ThirdPersonExampleMap_BuiltData'
[2019.02.03-09.25.23:387][  0]LogLinker: Warning: Can't find file for asset '/Game/ThirdPersonBP/Maps/ThirdPersonExampleMap_BuiltData' while loading NULL.
[2019.02.03-09.25.23:681][  0]LogLinker: Warning: Can't find file '/Game/ThirdPersonBP/Maps/ThirdPersonExampleMap_BuiltData'
[2019.02.03-09.25.23:681][  0]LoadErrors: Failed to load /Game/ThirdPersonBP/Maps/ThirdPersonExampleMap_BuiltData.ThirdPersonExampleMap_BuiltData Referenced by PersistentLevel
[2019.02.03-09.25.23:681][  0]LogLinker: Warning: Can't find file for asset '/Game/ThirdPersonBP/Maps/ThirdPersonExampleMap_BuiltData' while loading NULL.
[2019.02.03-09.25.23:681][  0]LoadErrors: Failed to load /Game/ThirdPersonBP/Maps/ThirdPersonExampleMap_BuiltData.ThirdPersonExampleMap_BuiltData Referenced by PersistentLevel
[2019.02.03-09.25.25:007][  0]LogAIModule: Creating AISystem for world ThirdPersonExampleMap
[2019.02.03-09.25.26:343][  0]LogEditorServer: Finished looking for orphan Actors (0.000 secs)
[2019.02.03-09.25.26:594][  0]Cmd: MAP CHECKDEP NOCLEARLOG
[2019.02.03-09.25.26:594][  0]MapCheck: Map check complete: 0 Error(s), 0 Warning(s), took 0,1ms to complete.
[2019.02.03-09.25.26:594][  0]LogFileHelpers: Loading map 'ThirdPersonExampleMap' took 5.909
[2019.02.03-09.25.31:499][  0]LogCollectionManager: Loaded 0 collections in 0.003728 seconds
[2019.02.03-09.25.31:967][  0]LogFileCache: Scanning file cache for directory 'D:/Projet/EndlessRunnerSeb/EndlessRunnerLuc/Saved/Collections/' took 0.01s
[2019.02.03-09.25.31:967][  0]LogFileCache: Scanning file cache for directory 'D:/Projet/EndlessRunnerSeb/EndlessRunnerLuc/Content/Developers/benji/Collections/' took 0.01s
[2019.02.03-09.25.31:967][  0]LogFileCache: Scanning file cache for directory 'D:/Projet/EndlessRunnerSeb/EndlessRunnerLuc/Content/Collections/' took 0.01s
[2019.02.03-09.25.31:967][  0]LogCollectionManager: Rebuilt the GUID cache for 0 collections in 0.000001 seconds
[2019.02.03-09.25.32:014][  0]LogContentBrowser: Native class hierarchy populated in 0.0329 seconds. Added 2652 classes and 622 folders.
[2019.02.03-09.25.32:195][  0]LogContentBrowser: Native class hierarchy updated for 'WidgetCarousel' in 0.0008 seconds. Added 0 classes and 0 folders.
[2019.02.03-09.25.32:458][  0]LogPakFile: Registered encryption key '00000000000000000000000000000000': 0 pak files mounted, 0 remain pending
[2019.02.03-09.25.32:574][  0]LogPakFile: Registered encryption key '00000000000000000000000000000000': 0 pak files mounted, 0 remain pending
[2019.02.03-09.25.32:602][  0]LogPakFile: Registered encryption key '00000000000000000000000000000000': 0 pak files mounted, 0 remain pending
[2019.02.03-09.25.32:645][  0]LogPakFile: Registered encryption key '00000000000000000000000000000000': 0 pak files mounted, 0 remain pending
[2019.02.03-09.25.32:680][  0]LogPakFile: Registered encryption key '00000000000000000000000000000000': 0 pak files mounted, 0 remain pending
[2019.02.03-09.25.32:697][  0]LogPakFile: Registered encryption key '00000000000000000000000000000000': 0 pak files mounted, 0 remain pending
[2019.02.03-09.25.32:731][  0]LogPakFile: Registered encryption key '00000000000000000000000000000000': 0 pak files mounted, 0 remain pending
[2019.02.03-09.25.32:745][  0]LogPakFile: Registered encryption key '00000000000000000000000000000000': 0 pak files mounted, 0 remain pending
[2019.02.03-09.25.32:770][  0]LogPakFile: Registered encryption key '00000000000000000000000000000000': 0 pak files mounted, 0 remain pending
[2019.02.03-09.25.32:782][  0]LogPakFile: Registered encryption key '00000000000000000000000000000000': 0 pak files mounted, 0 remain pending
[2019.02.03-09.25.32:806][  0]LogPakFile: Registered encryption key '00000000000000000000000000000000': 0 pak files mounted, 0 remain pending
[2019.02.03-09.25.32:850][  0]LogPakFile: Registered encryption key '00000000000000000000000000000000': 0 pak files mounted, 0 remain pending
[2019.02.03-09.25.32:855][  0]LogPakFile: Registered encryption key '00000000000000000000000000000000': 0 pak files mounted, 0 remain pending
[2019.02.03-09.25.32:864][  0]LogPakFile: Registered encryption key '00000000000000000000000000000000': 0 pak files mounted, 0 remain pending
[2019.02.03-09.25.32:878][  0]LogPakFile: Registered encryption key '00000000000000000000000000000000': 0 pak files mounted, 0 remain pending
[2019.02.03-09.25.32:904][  0]LogPakFile: Registered encryption key '00000000000000000000000000000000': 0 pak files mounted, 0 remain pending
[2019.02.03-09.25.32:931][  0]LogPakFile: Registered encryption key '00000000000000000000000000000000': 0 pak files mounted, 0 remain pending
[2019.02.03-09.25.32:997][  0]LogPakFile: Registered encryption key '00000000000000000000000000000000': 0 pak files mounted, 0 remain pending
[2019.02.03-09.25.33:027][  0]LogPakFile: Registered encryption key '00000000000000000000000000000000': 0 pak files mounted, 0 remain pending
[2019.02.03-09.25.33:037][  0]LogPakFile: Registered encryption key '00000000000000000000000000000000': 0 pak files mounted, 0 remain pending
[2019.02.03-09.25.33:048][  0]LogPakFile: Registered encryption key '00000000000000000000000000000000': 0 pak files mounted, 0 remain pending
[2019.02.03-09.25.33:059][  0]LogPakFile: Registered encryption key '00000000000000000000000000000000': 0 pak files mounted, 0 remain pending
[2019.02.03-09.25.33:067][  0]LogPakFile: Registered encryption key '00000000000000000000000000000000': 0 pak files mounted, 0 remain pending
[2019.02.03-09.25.33:080][  0]LogPakFile: Registered encryption key '00000000000000000000000000000000': 0 pak files mounted, 0 remain pending
[2019.02.03-09.25.33:100][  0]LogPakFile: Registered encryption key '00000000000000000000000000000000': 0 pak files mounted, 0 remain pending
[2019.02.03-09.25.33:107][  0]LogPakFile: Registered encryption key '00000000000000000000000000000000': 0 pak files mounted, 0 remain pending
[2019.02.03-09.25.35:262][  0]LogContentBrowser: Native class hierarchy updated for 'AddContentDialog' in 0.0010 seconds. Added 0 classes and 0 folders.
[2019.02.03-09.25.35:679][  0]LogSlate: Updating window title bar state: overlay mode, drag disabled, window buttons hidden, title bar hidden
[2019.02.03-09.25.35:721][  0]LogSlate: Updating window title bar state: overlay mode, drag disabled, window buttons hidden, title bar hidden
[2019.02.03-09.25.35:739][  0]LogSlate: Updating window title bar state: overlay mode, drag disabled, window buttons hidden, title bar hidden
[2019.02.03-09.25.35:752][  0]LogSlate: Updating window title bar state: overlay mode, drag disabled, window buttons hidden, title bar hidden
[2019.02.03-09.25.36:010][  0]LogSlate: Took 0.044967 seconds to synchronously load lazily loaded font '../../../Engine/Content/Slate/Fonts/Roboto-Regular.ttf' (155K)
[2019.02.03-09.25.36:082][  0]LogSlate: Took 0.070081 seconds to synchronously load lazily loaded font '../../../Engine/Content/Slate/Fonts/Roboto-Bold.ttf' (160K)
[2019.02.03-09.25.37:050][  0]LogRenderer: Reallocating scene render targets to support 1516x924 Format 10 NumSamples 1 (Frame:1).
[2019.02.03-09.25.38:195][  0]LogContentBrowser: Native class hierarchy updated for 'HierarchicalLODOutliner' in 0.0012 seconds. Added 0 classes and 0 folders.
[2019.02.03-09.25.38:195][  0]LogLoad: (Engine Initialization) Total time: 103.05 seconds
[2019.02.03-09.25.38:195][  0]LogLoad: (Engine Initialization) Total Blueprint compile time: 0.00 seconds
[2019.02.03-09.25.38:470][  0]LogContentStreaming: Texture pool size now 1000 MB
[2019.02.03-09.25.39:361][  3]LogAssetRegistry: Asset discovery search completed in 73.8489 seconds
[2019.02.03-09.25.39:363][  3]LogCollectionManager: Rebuilt the object cache for 0 collections in 0.000001 seconds (found 0 objects)
[2019.02.03-09.25.39:364][  3]LogCollectionManager: Fixed up redirectors for 0 collections in 0.000144 seconds (updated 0 objects)
[2019.02.03-09.25.39:633][  4]LogSlate: Took 0.077187 seconds to synchronously load lazily loaded font '../../../Engine/Content/Slate/Fonts/Roboto-Light.ttf' (167K)
[2019.02.03-09.25.47:060][154]LogSlate: FSceneViewport::OnFocusLost() reason 0
[2019.02.03-09.25.47:079][154]LogSlate: Took 0.017467 seconds to synchronously load lazily loaded font '../../../Engine/Content/Editor/Slate/Fonts/FontAwesome.ttf' (139K)
[2019.02.03-09.25.47:111][154]LogSlate: Took 0.000344 seconds to synchronously load lazily loaded font '../../../Engine/Content/Slate/Fonts/Roboto-Light.ttf' (167K)
[2019.02.03-09.28.20:795][922]LogAIModule: Creating AISystem for world BenjiScene
[2019.02.03-09.28.20:824][922]LogAssetEditorManager: Opening Asset editor for World /Game/Benji/BenjiScene.BenjiScene
[2019.02.03-09.28.20:913][922]Cmd: MAP LOAD FILE="../../../../../../Projet/EndlessRunnerSeb/EndlessRunnerLuc/Content/Benji/BenjiScene.umap" TEMPLATE=0 SHOWPROGRESS=1 FEATURELEVEL=3
[2019.02.03-09.28.20:913][922]LightingResults: New page: Lighting Build
[2019.02.03-09.28.20:914][922]LoadErrors: New page: Loading map: BenjiScene.umap
[2019.02.03-09.28.20:915][922]MapCheck: New page: Map Check
[2019.02.03-09.28.20:915][922]LightingResults: New page: Lighting Build
[2019.02.03-09.28.20:993][922]LogEditorServer: Finished looking for orphan Actors (0.000 secs)
[2019.02.03-09.28.21:056][922]Cmd: MAP CHECKDEP NOCLEARLOG
[2019.02.03-09.28.21:056][922]MapCheck: Map check complete: 0 Error(s), 0 Warning(s), took 0,112ms to complete.
[2019.02.03-09.28.21:056][922]LogFileHelpers: Loading map 'BenjiScene' took 0.149
[2019.02.03-09.33.25:193][274]LogTemp: Repeating last play command: Selected Viewport
[2019.02.03-09.33.25:199][274]LogBlueprintUserMessages: Early PlayInEditor Detection: Level '/Game/Benji/BenjiScene.BenjiScene:PersistentLevel' has LevelScriptBlueprint '/Game/Benji/BenjiScene.BenjiScene:PersistentLevel.BenjiScene' with GeneratedClass '/Game/Benji/BenjiScene.BenjiScene_C' with ClassGeneratedBy '/Game/Benji/BenjiScene.BenjiScene:PersistentLevel.BenjiScene'
[2019.02.03-09.33.25:200][274]LogPlayLevel: PlayLevel: No blueprints needed recompiling
[2019.02.03-09.33.25:200][274]PIE: New page: PIE session: BenjiScene (3 févr. 2019 11:33:25)
[2019.02.03-09.33.25:239][274]LogPlayLevel: Creating play world package: /Game/Benji/UEDPIE_0_BenjiScene
[2019.02.03-09.33.25:244][274]LogPlayLevel: PIE: StaticDuplicateObject took: (0.004599s)
[2019.02.03-09.33.25:245][274]LogAIModule: Creating AISystem for world BenjiScene
[2019.02.03-09.33.25:246][274]LogPlayLevel: PIE: World Init took: (0.001758s)
[2019.02.03-09.33.25:246][274]LogPlayLevel: PIE: Created PIE world by copying editor world from /Game/Benji/BenjiScene.BenjiScene to /Game/Benji/UEDPIE_0_BenjiScene.BenjiScene (0.007025s)
[2019.02.03-09.33.25:393][274]LogInit: XAudio2 using 'Haut-parleurs (Sound Blaster Recon3Di)' : 6 channels at 48 kHz using 32 bits per sample (channel mask 0x3f)
[2019.02.03-09.33.25:437][274]LogInit: FAudioDevice initialized.
[2019.02.03-09.33.25:514][274]LogLoad: Game class is 'ThirdPersonGameMode_C'
[2019.02.03-09.33.25:542][274]LogWorld: Bringing World /Game/Benji/UEDPIE_0_BenjiScene.BenjiScene up for play (max tick rate 0) at 2019.02.03-10.33.25
[2019.02.03-09.33.25:542][274]LogWorld: Bringing up level for play took: 0.001094
[2019.02.03-09.33.25:664][274]LogContentBrowser: Native class hierarchy updated for 'MovieSceneCapture' in 0.0013 seconds. Added 20 classes and 0 folders.
[2019.02.03-09.33.25:686][274]PIE: Play in editor start time for /Game/Benji/UEDPIE_0_BenjiScene 0,914
[2019.02.03-09.33.25:687][274]LogBlueprintUserMessages: Late PlayInEditor Detection: Level '/Game/Benji/BenjiScene.BenjiScene:PersistentLevel' has LevelScriptBlueprint '/Game/Benji/BenjiScene.BenjiScene:PersistentLevel.BenjiScene' with GeneratedClass '/Game/Benji/BenjiScene.BenjiScene_C' with ClassGeneratedBy '/Game/Benji/BenjiScene.BenjiScene:PersistentLevel.BenjiScene'
[2019.02.03-09.33.29:384][368]LogBlueprintUserMessages: Early EndPlayMap Detection: Level '/Game/Benji/BenjiScene.BenjiScene:PersistentLevel' has LevelScriptBlueprint '/Game/Benji/BenjiScene.BenjiScene:PersistentLevel.BenjiScene' with GeneratedClass '/Game/Benji/BenjiScene.BenjiScene_C' with ClassGeneratedBy '/Game/Benji/BenjiScene.BenjiScene:PersistentLevel.BenjiScene'
[2019.02.03-09.33.29:384][368]LogSlate: Updating window title bar state: overlay mode, drag disabled, window buttons hidden, title bar hidden
[2019.02.03-09.33.29:471][368]LogPlayLevel: Display: Shutting down PIE online subsystems
[2019.02.03-09.33.29:472][368]LogBlueprintUserMessages: Late EndPlayMap Detection: Level '/Game/Benji/BenjiScene.BenjiScene:PersistentLevel' has LevelScriptBlueprint '/Game/Benji/BenjiScene.BenjiScene:PersistentLevel.BenjiScene' with GeneratedClass '/Game/Benji/BenjiScene.BenjiScene_C' with ClassGeneratedBy '/Game/Benji/BenjiScene.BenjiScene:PersistentLevel.BenjiScene'
[2019.02.03-09.33.29:550][368]LogSlate: Updating window title bar state: overlay mode, drag disabled, window buttons hidden, title bar hidden
[2019.02.03-09.33.29:559][369]LogPlayLevel: Display: Destroying online subsystem :Context_1
[2019.02.03-09.33.40:858][577]LogSlate: Prevented a slow task dialog from being summoned while a context menu was open
[2019.02.03-09.34.16:823][ 23]LogSlate: Prevented a slow task dialog from being summoned while a context menu was open
[2019.02.03-09.34.16:934][ 23]LogMaterial: Display: Missing cached shader map for material Test_Road, compiling. 
[2019.02.03-09.34.17:137][ 23]LogShaderCompilers: Display: Shaders left to compile 22
[2019.02.03-09.34.17:137][ 23]LogShaderCompilers: Display: Shaders left to compile 12
[2019.02.03-09.34.17:137][ 23]LogShaderCompilers: Display: Shaders left to compile 2
[2019.02.03-09.34.18:616][ 62]LogTemp: Repeating last play command: Selected Viewport
[2019.02.03-09.34.18:624][ 62]LogBlueprintUserMessages: Early PlayInEditor Detection: Level '/Game/Benji/BenjiScene.BenjiScene:PersistentLevel' has LevelScriptBlueprint '/Game/Benji/BenjiScene.BenjiScene:PersistentLevel.BenjiScene' with GeneratedClass '/Game/Benji/BenjiScene.BenjiScene_C' with ClassGeneratedBy '/Game/Benji/BenjiScene.BenjiScene:PersistentLevel.BenjiScene'
[2019.02.03-09.34.18:624][ 62]LogPlayLevel: PlayLevel: No blueprints needed recompiling
[2019.02.03-09.34.18:625][ 62]PIE: New page: PIE session: BenjiScene (3 févr. 2019 11:34:18)
[2019.02.03-09.34.18:625][ 62]LogPlayLevel: Creating play world package: /Game/Benji/UEDPIE_0_BenjiScene
[2019.02.03-09.34.18:627][ 62]LogPlayLevel: PIE: StaticDuplicateObject took: (0.001588s)
[2019.02.03-09.34.18:627][ 62]LogAIModule: Creating AISystem for world BenjiScene
[2019.02.03-09.34.18:627][ 62]LogPlayLevel: PIE: World Init took: (0.000586s)
[2019.02.03-09.34.18:627][ 62]LogPlayLevel: PIE: Created PIE world by copying editor world from /Game/Benji/BenjiScene.BenjiScene to /Game/Benji/UEDPIE_0_BenjiScene.BenjiScene (0.002297s)
[2019.02.03-09.34.18:690][ 62]LogInit: XAudio2 using 'Haut-parleurs (Sound Blaster Recon3Di)' : 6 channels at 48 kHz using 32 bits per sample (channel mask 0x3f)
[2019.02.03-09.34.18:709][ 62]LogInit: FAudioDevice initialized.
[2019.02.03-09.34.18:745][ 62]LogLoad: Game class is 'EndlessRunner_C'
[2019.02.03-09.34.18:747][ 62]LogWorld: Bringing World /Game/Benji/UEDPIE_0_BenjiScene.BenjiScene up for play (max tick rate 0) at 2019.02.03-10.34.18
[2019.02.03-09.34.18:747][ 62]LogWorld: Bringing up level for play took: 0.000568
[2019.02.03-09.34.18:789][ 62]PIE: Play in editor start time for /Game/Benji/UEDPIE_0_BenjiScene 0,017
[2019.02.03-09.34.18:789][ 62]LogBlueprintUserMessages: Late PlayInEditor Detection: Level '/Game/Benji/BenjiScene.BenjiScene:PersistentLevel' has LevelScriptBlueprint '/Game/Benji/BenjiScene.BenjiScene:PersistentLevel.BenjiScene' with GeneratedClass '/Game/Benji/BenjiScene.BenjiScene_C' with ClassGeneratedBy '/Game/Benji/BenjiScene.BenjiScene:PersistentLevel.BenjiScene'
[2019.02.03-09.34.19:012][ 69]LogBlueprintUserMessages: [BP_Player_C_0] PrefabTerrain_C_0.MidRoad
[2019.02.03-09.34.19:347][ 79]LogBlueprintUserMessages: [BP_Player_C_0] PrefabTerrain_C_0.MidRoad
[2019.02.03-09.34.32:118][435]LogBlueprintUserMessages: Early EndPlayMap Detection: Level '/Game/Benji/BenjiScene.BenjiScene:PersistentLevel' has LevelScriptBlueprint '/Game/Benji/BenjiScene.BenjiScene:PersistentLevel.BenjiScene' with GeneratedClass '/Game/Benji/BenjiScene.BenjiScene_C' with ClassGeneratedBy '/Game/Benji/BenjiScene.BenjiScene:PersistentLevel.BenjiScene'
[2019.02.03-09.34.32:119][435]LogSlate: Updating window title bar state: overlay mode, drag disabled, window buttons hidden, title bar hidden
[2019.02.03-09.34.32:201][435]LogPlayLevel: Display: Shutting down PIE online subsystems
[2019.02.03-09.34.32:201][435]LogBlueprintUserMessages: Late EndPlayMap Detection: Level '/Game/Benji/BenjiScene.BenjiScene:PersistentLevel' has LevelScriptBlueprint '/Game/Benji/BenjiScene.BenjiScene:PersistentLevel.BenjiScene' with GeneratedClass '/Game/Benji/BenjiScene.BenjiScene_C' with ClassGeneratedBy '/Game/Benji/BenjiScene.BenjiScene:PersistentLevel.BenjiScene'
[2019.02.03-09.34.32:257][435]LogSlate: Updating window title bar state: overlay mode, drag disabled, window buttons hidden, title bar hidden
[2019.02.03-09.34.32:266][436]LogPlayLevel: Display: Destroying online subsystem :Context_3
[2019.02.03-09.34.42:177][629]LogSlate: Window 'Delete Assets' being destroyed
[2019.02.03-09.48.54:217][276]LogAssetEditorManager: Opening Asset editor for Blueprint /Game/Benji/Prefab/BP_Player.BP_Player
[2019.02.03-09.48.55:677][276]LogContentBrowser: Native class hierarchy updated for 'BlueprintGraph' in 0.0019 seconds. Added 117 classes and 0 folders.
[2019.02.03-09.48.58:180][276]LogSlate: Took 0.032699 seconds to synchronously load lazily loaded font '../../../Engine/Content/Slate/Fonts/Roboto-BoldCondensed.ttf' (158K)
[2019.02.03-09.51.28:661][962]LogTemp: Repeating last play command: Selected Viewport
[2019.02.03-09.51.28:688][962]LogBlueprintUserMessages: Early PlayInEditor Detection: Level '/Game/Benji/BenjiScene.BenjiScene:PersistentLevel' has LevelScriptBlueprint '/Game/Benji/BenjiScene.BenjiScene:PersistentLevel.BenjiScene' with GeneratedClass '/Game/Benji/BenjiScene.BenjiScene_C' with ClassGeneratedBy '/Game/Benji/BenjiScene.BenjiScene:PersistentLevel.BenjiScene'
[2019.02.03-09.51.28:688][962]LogPlayLevel: PlayLevel: No blueprints needed recompiling
[2019.02.03-09.51.28:688][962]PIE: New page: PIE session: BenjiScene (3 févr. 2019 11:51:28)
[2019.02.03-09.51.28:688][962]LogPlayLevel: Creating play world package: /Game/Benji/UEDPIE_0_BenjiScene
[2019.02.03-09.51.28:690][962]LogPlayLevel: PIE: StaticDuplicateObject took: (0.001763s)
[2019.02.03-09.51.28:690][962]LogAIModule: Creating AISystem for world BenjiScene
[2019.02.03-09.51.28:691][962]LogPlayLevel: PIE: World Init took: (0.000694s)
[2019.02.03-09.51.28:691][962]LogPlayLevel: PIE: Created PIE world by copying editor world from /Game/Benji/BenjiScene.BenjiScene to /Game/Benji/UEDPIE_0_BenjiScene.BenjiScene (0.002653s)
[2019.02.03-09.51.28:765][962]LogInit: XAudio2 using 'Haut-parleurs (Sound Blaster Recon3Di)' : 6 channels at 48 kHz using 32 bits per sample (channel mask 0x3f)
[2019.02.03-09.51.28:784][962]LogInit: FAudioDevice initialized.
[2019.02.03-09.51.28:825][962]LogLoad: Game class is 'EndlessRunner_C'
[2019.02.03-09.51.28:827][962]LogWorld: Bringing World /Game/Benji/UEDPIE_0_BenjiScene.BenjiScene up for play (max tick rate 0) at 2019.02.03-10.51.28
[2019.02.03-09.51.28:827][962]LogWorld: Bringing up level for play took: 0.000916
[2019.02.03-09.51.28:845][962]PIE: Play in editor start time for /Game/Benji/UEDPIE_0_BenjiScene 0,073
[2019.02.03-09.51.28:845][962]LogBlueprintUserMessages: Late PlayInEditor Detection: Level '/Game/Benji/BenjiScene.BenjiScene:PersistentLevel' has LevelScriptBlueprint '/Game/Benji/BenjiScene.BenjiScene:PersistentLevel.BenjiScene' with GeneratedClass '/Game/Benji/BenjiScene.BenjiScene_C' with ClassGeneratedBy '/Game/Benji/BenjiScene.BenjiScene:PersistentLevel.BenjiScene'
[2019.02.03-09.51.29:172][968]LogBlueprintUserMessages: [BP_Player_C_0] PrefabTerrain_C_0.MidRoad
[2019.02.03-09.51.29:679][978]LogBlueprintUserMessages: [BP_Player_C_0] PrefabTerrain_C_0.MidRoad
[2019.02.03-09.51.34:733][ 73]LogSlate: Window 'BP_Player' being destroyed
[2019.02.03-09.51.36:867][122]LogBlueprintUserMessages: Early EndPlayMap Detection: Level '/Game/Benji/BenjiScene.BenjiScene:PersistentLevel' has LevelScriptBlueprint '/Game/Benji/BenjiScene.BenjiScene:PersistentLevel.BenjiScene' with GeneratedClass '/Game/Benji/BenjiScene.BenjiScene_C' with ClassGeneratedBy '/Game/Benji/BenjiScene.BenjiScene:PersistentLevel.BenjiScene'
[2019.02.03-09.51.36:868][122]LogSlate: Updating window title bar state: overlay mode, drag disabled, window buttons hidden, title bar hidden
[2019.02.03-09.51.36:959][122]LogPlayLevel: Display: Shutting down PIE online subsystems
[2019.02.03-09.51.36:959][122]LogBlueprintUserMessages: Late EndPlayMap Detection: Level '/Game/Benji/BenjiScene.BenjiScene:PersistentLevel' has LevelScriptBlueprint '/Game/Benji/BenjiScene.BenjiScene:PersistentLevel.BenjiScene' with GeneratedClass '/Game/Benji/BenjiScene.BenjiScene_C' with ClassGeneratedBy '/Game/Benji/BenjiScene.BenjiScene:PersistentLevel.BenjiScene'
[2019.02.03-09.51.37:020][122]LogSlate: Updating window title bar state: overlay mode, drag disabled, window buttons hidden, title bar hidden
[2019.02.03-09.51.37:038][123]LogPlayLevel: Display: Destroying online subsystem :Context_7
[2019.02.03-09.51.38:025][144]LogTemp: Repeating last play command: Selected Viewport
[2019.02.03-09.51.38:035][144]LogBlueprintUserMessages: Early PlayInEditor Detection: Level '/Game/Benji/BenjiScene.BenjiScene:PersistentLevel' has LevelScriptBlueprint '/Game/Benji/BenjiScene.BenjiScene:PersistentLevel.BenjiScene' with GeneratedClass '/Game/Benji/BenjiScene.BenjiScene_C' with ClassGeneratedBy '/Game/Benji/BenjiScene.BenjiScene:PersistentLevel.BenjiScene'
[2019.02.03-09.51.38:035][144]LogPlayLevel: PlayLevel: No blueprints needed recompiling
[2019.02.03-09.51.38:035][144]PIE: New page: PIE session: BenjiScene (3 févr. 2019 11:51:38)
[2019.02.03-09.51.38:035][144]LogPlayLevel: Creating play world package: /Game/Benji/UEDPIE_0_BenjiScene
[2019.02.03-09.51.38:037][144]LogPlayLevel: PIE: StaticDuplicateObject took: (0.001597s)
[2019.02.03-09.51.38:037][144]LogAIModule: Creating AISystem for world BenjiScene
[2019.02.03-09.51.38:037][144]LogPlayLevel: PIE: World Init took: (0.000578s)
[2019.02.03-09.51.38:037][144]LogPlayLevel: PIE: Created PIE world by copying editor world from /Game/Benji/BenjiScene.BenjiScene to /Game/Benji/UEDPIE_0_BenjiScene.BenjiScene (0.002293s)
[2019.02.03-09.51.38:106][144]LogInit: XAudio2 using 'Haut-parleurs (Sound Blaster Recon3Di)' : 6 channels at 48 kHz using 32 bits per sample (channel mask 0x3f)
[2019.02.03-09.51.38:123][144]LogInit: FAudioDevice initialized.
[2019.02.03-09.51.38:138][144]LogSlate: Updating window title bar state: overlay mode, drag disabled, window buttons hidden, title bar hidden
[2019.02.03-09.51.38:171][144]LogLoad: Game class is 'EndlessRunner_C'
[2019.02.03-09.51.38:173][144]LogWorld: Bringing World /Game/Benji/UEDPIE_0_BenjiScene.BenjiScene up for play (max tick rate 0) at 2019.02.03-10.51.38
[2019.02.03-09.51.38:173][144]LogWorld: Bringing up level for play took: 0.000751
[2019.02.03-09.51.38:194][144]PIE: Play in editor start time for /Game/Benji/UEDPIE_0_BenjiScene -0,577
[2019.02.03-09.51.38:195][144]LogBlueprintUserMessages: Late PlayInEditor Detection: Level '/Game/Benji/BenjiScene.BenjiScene:PersistentLevel' has LevelScriptBlueprint '/Game/Benji/BenjiScene.BenjiScene:PersistentLevel.BenjiScene' with GeneratedClass '/Game/Benji/BenjiScene.BenjiScene_C' with ClassGeneratedBy '/Game/Benji/BenjiScene.BenjiScene:PersistentLevel.BenjiScene'
[2019.02.03-09.51.39:197][161]LogBlueprintUserMessages: [BP_Player_C_0] PrefabTerrain_C_0.MidRoad
[2019.02.03-09.51.43:288][241]LogSlate: Window 'EndlessRunnerLuc Game Preview Standalone (64-bit/PCD3D_SM5)' being destroyed
[2019.02.03-09.51.43:343][241]LogBlueprintUserMessages: Early EndPlayMap Detection: Level '/Game/Benji/BenjiScene.BenjiScene:PersistentLevel' has LevelScriptBlueprint '/Game/Benji/BenjiScene.BenjiScene:PersistentLevel.BenjiScene' with GeneratedClass '/Game/Benji/BenjiScene.BenjiScene_C' with ClassGeneratedBy '/Game/Benji/BenjiScene.BenjiScene:PersistentLevel.BenjiScene'
[2019.02.03-09.51.43:384][241]LogPlayLevel: Display: Shutting down PIE online subsystems
[2019.02.03-09.51.43:385][241]LogBlueprintUserMessages: Late EndPlayMap Detection: Level '/Game/Benji/BenjiScene.BenjiScene:PersistentLevel' has LevelScriptBlueprint '/Game/Benji/BenjiScene.BenjiScene:PersistentLevel.BenjiScene' with GeneratedClass '/Game/Benji/BenjiScene.BenjiScene_C' with ClassGeneratedBy '/Game/Benji/BenjiScene.BenjiScene:PersistentLevel.BenjiScene'
[2019.02.03-09.51.43:451][242]LogPlayLevel: Display: Destroying online subsystem :Context_8
[2019.02.03-09.52.02:811][686]LogSlate: Took 0.021158 seconds to synchronously load lazily loaded font '../../../Engine/Content/Slate/Fonts/Roboto-Italic.ttf' (157K)
[2019.02.03-09.55.29:257][590]LogAssetEditorManager: Opening Asset editor for Blueprint /Game/Benji/Prefab/PrefabTerrain.PrefabTerrain
[2019.02.03-09.56.43:661][417]LogSlate: Only BGRA pngs, bmps or icos are supported in by External Image Picker
[2019.02.03-09.56.43:780][418]LogTemp: Executing iPhonePackager certificates Engine -bundlename com.YourCompany.EndlessRunnerLuc
[2019.02.03-09.56.43:780][418]LogTemp: CWD: D:\Programmes\Epic Games\UE_4.21\Engine\Binaries\DotNET\IOS
[2019.02.03-09.56.43:780][418]LogTemp: Initial Dir: D:\Programmes\Epic Games\UE_4.21
[2019.02.03-09.56.43:780][418]LogTemp: Env CWD: D:\Programmes\Epic Games\UE_4.21\Engine\Binaries\DotNET\IOS
[2019.02.03-09.56.43:780][418]LogTemp: BranchPath = DESKTOP-9TMK1AM/D/Programmes/Epic Games/UE_4.21/Engine/Binaries --- GameBranchPath = DESKTOP-9TMK1AM/D/Programmes/Epic Games/UE_4.21/Engine/Binaries
[2019.02.03-09.56.43:780][418]LogTemp: IPP ERROR: Could not find provision directory 'C:\Users\benji\AppData\Local/Apple Computer/MobileDevice/Provisioning Profiles/'.
[2019.02.03-09.56.44:338][421]LogRHI: Error: SyncInterval 0
[2019.02.03-09.56.44:338][421]LogRHI: Error: SwapChainDesc.BufferDesc.Width 1258
[2019.02.03-09.56.44:338][421]LogRHI: Error: SwapChainDesc.BufferDesc.Height 686
[2019.02.03-09.56.44:338][421]LogRHI: Error: SwapChainDesc.BufferDesc.RefreshRate.Numerator 0
[2019.02.03-09.56.44:338][421]LogRHI: Error: SwapChainDesc.BufferDesc.RefreshRate.Denominator 0
[2019.02.03-09.56.44:338][421]LogRHI: Error: SwapChainDesc.BufferDesc.Format 24
[2019.02.03-09.56.44:338][421]LogRHI: Error: SwapChainDesc.BufferDesc.ScanlineOrdering 0
[2019.02.03-09.56.44:338][421]LogRHI: Error: SwapChainDesc.BufferDesc.Scaling 0
[2019.02.03-09.56.44:338][421]LogRHI: Error: SwapChainDesc.SampleDesc.Count 1
[2019.02.03-09.56.44:338][421]LogRHI: Error: SwapChainDesc.SampleDesc.Quality 0
[2019.02.03-09.56.44:338][421]LogRHI: Error: SwapChainDesc.BufferUsage 48
[2019.02.03-09.56.44:338][421]LogRHI: Error: SwapChainDesc.BufferCount 1
[2019.02.03-09.56.44:338][421]LogRHI: Error: SwapChainDesc.OutputWindow 0000000000080330
[2019.02.03-09.56.44:338][421]LogRHI: Error: SwapChainDesc.Windowed true
[2019.02.03-09.56.44:338][421]LogRHI: Error: SwapChainDesc.SwapEffect 0
[2019.02.03-09.56.44:338][421]LogRHI: Error: SwapChainDesc.Flags 2
[2019.02.03-09.56.44:338][421]LogD3D11RHI: Error: Result failed 
 at D:\Build\++UE4\Sync\Engine\Source\Runtime\Windows\D3D11RHI\Private\D3D11Viewport.cpp:361 
 with error DXGI_ERROR_DEVICE_REMOVED 00000000
[2019.02.03-09.56.44:338][421]LogD3D11RHI: [Aftermath] GDynamicRHI=000001F4F89A20C0, GDX11NVAfterMathEnabled=0, Result=0xFFFFFFFF, bDeviceActive=0
[2019.02.03-09.56.44:338][421]LogWindows: Windows GetLastError: L’opération a réussi. (0)
[2019.02.03-09.56.49:264][421]LogRHI: Error: SyncInterval 0
[2019.02.03-09.56.49:264][421]LogRHI: Error: SwapChainDesc.BufferDesc.Width 1258
[2019.02.03-09.56.49:264][421]LogRHI: Error: SwapChainDesc.BufferDesc.Height 686
[2019.02.03-09.56.49:264][421]LogRHI: Error: SwapChainDesc.BufferDesc.RefreshRate.Numerator 0
[2019.02.03-09.56.49:264][421]LogRHI: Error: SwapChainDesc.BufferDesc.RefreshRate.Denominator 0
[2019.02.03-09.56.49:264][421]LogRHI: Error: SwapChainDesc.BufferDesc.Format 24
[2019.02.03-09.56.49:264][421]LogRHI: Error: SwapChainDesc.BufferDesc.ScanlineOrdering 0
[2019.02.03-09.56.49:264][421]LogRHI: Error: SwapChainDesc.BufferDesc.Scaling 0
[2019.02.03-09.56.49:264][421]LogRHI: Error: SwapChainDesc.SampleDesc.Count 1
[2019.02.03-09.56.49:264][421]LogRHI: Error: SwapChainDesc.SampleDesc.Quality 0
[2019.02.03-09.56.49:264][421]LogRHI: Error: SwapChainDesc.BufferUsage 48
[2019.02.03-09.56.49:264][421]LogRHI: Error: SwapChainDesc.BufferCount 1
[2019.02.03-09.56.49:264][421]LogRHI: Error: SwapChainDesc.OutputWindow 0000000000080330
[2019.02.03-09.56.49:264][421]LogRHI: Error: SwapChainDesc.Windowed true
[2019.02.03-09.56.49:264][421]LogRHI: Error: SwapChainDesc.SwapEffect 0
[2019.02.03-09.56.49:264][421]LogRHI: Error: SwapChainDesc.Flags 2
[2019.02.03-09.56.49:264][421]LogD3D11RHI: Error: Result failed 
 at D:\Build\++UE4\Sync\Engine\Source\Runtime\Windows\D3D11RHI\Private\D3D11Viewport.cpp:361 
 with error DXGI_ERROR_DEVICE_REMOVED 00000000
[2019.02.03-09.56.49:264][421]LogD3D11RHI: [Aftermath] GDynamicRHI=000001F4F89A20C0, GDX11NVAfterMathEnabled=0, Result=0xFFFFFFFF, bDeviceActive=0
[2019.02.03-09.56.49:264][421]LogWindows: FPlatformMisc::RequestExit(1)
[2019.02.03-09.56.49:264][421]LogOutputDevice: Warning: 

Script Stack (0 frames):

[2019.02.03-09.56.49:267][421]Log file closed, 02/03/19 10:56:49
